{"D:\\hacktiv8\\phase 2\\Group Project\\MediFlow\\Server\\app.js": {"path":"D:\\hacktiv8\\phase 2\\Group Project\\MediFlow\\Server\\app.js","statementMap":{"0":{"start":{"line":1,"column":13},"end":{"line":1,"column":28}},"1":{"start":{"line":2,"column":0},"end":{"line":2,"column":65}},"2":{"start":{"line":4,"column":16},"end":{"line":4,"column":34}},"3":{"start":{"line":5,"column":13},"end":{"line":5,"column":28}},"4":{"start":{"line":6,"column":21},"end":{"line":6,"column":58}},"5":{"start":{"line":7,"column":15},"end":{"line":7,"column":34}},"6":{"start":{"line":9,"column":12},"end":{"line":9,"column":21}},"7":{"start":{"line":11,"column":0},"end":{"line":11,"column":16}},"8":{"start":{"line":12,"column":0},"end":{"line":12,"column":24}},"9":{"start":{"line":13,"column":0},"end":{"line":13,"column":49}},"10":{"start":{"line":14,"column":0},"end":{"line":14,"column":24}},"11":{"start":{"line":16,"column":0},"end":{"line":18,"column":3}},"12":{"start":{"line":17,"column":2},"end":{"line":17,"column":62}},"13":{"start":{"line":20,"column":0},"end":{"line":20,"column":22}},"14":{"start":{"line":22,"column":0},"end":{"line":22,"column":21}}},"fnMap":{"0":{"name":"(anonymous_0)","decl":{"start":{"line":16,"column":8},"end":{"line":16,"column":9}},"loc":{"start":{"line":16,"column":22},"end":{"line":18,"column":1}},"line":16}},"branchMap":{},"s":{"0":1,"1":1,"2":1,"3":1,"4":1,"5":1,"6":1,"7":1,"8":1,"9":1,"10":1,"11":1,"12":1,"13":1,"14":1},"f":{"0":1},"b":{},"_coverageSchema":"1a1c01bbd47fc00a2c39e90264f33305004495a9","hash":"924ed96914ce348e0cc3cb3094bcbd1486def09f"}
,"D:\\hacktiv8\\phase 2\\Group Project\\MediFlow\\Server\\controllers\\adminController.js": {"path":"D:\\hacktiv8\\phase 2\\Group Project\\MediFlow\\Server\\controllers\\adminController.js","statementMap":{"0":{"start":{"line":1,"column":59},"end":{"line":1,"column":79}},"1":{"start":{"line":2,"column":22},"end":{"line":2,"column":42}},"2":{"start":{"line":3,"column":18},"end":{"line":3,"column":49}},"3":{"start":{"line":4,"column":25},"end":{"line":4,"column":53}},"4":{"start":{"line":5,"column":28},"end":{"line":5,"column":59}},"5":{"start":{"line":6,"column":40},"end":{"line":6,"column":66}},"6":{"start":{"line":7,"column":33},"end":{"line":7,"column":67}},"7":{"start":{"line":11,"column":4},"end":{"line":16,"column":5}},"8":{"start":{"line":12,"column":26},"end":{"line":12,"column":79}},"9":{"start":{"line":13,"column":6},"end":{"line":13,"column":28}},"10":{"start":{"line":15,"column":6},"end":{"line":15,"column":16}},"11":{"start":{"line":20,"column":4},"end":{"line":31,"column":5}},"12":{"start":{"line":21,"column":36},"end":{"line":21,"column":44}},"13":{"start":{"line":22,"column":6},"end":{"line":22,"column":75}},"14":{"start":{"line":22,"column":17},"end":{"line":22,"column":75}},"15":{"start":{"line":23,"column":24},"end":{"line":27,"column":8}},"16":{"start":{"line":28,"column":6},"end":{"line":28,"column":38}},"17":{"start":{"line":30,"column":6},"end":{"line":30,"column":16}},"18":{"start":{"line":35,"column":4},"end":{"line":48,"column":5}},"19":{"start":{"line":36,"column":24},"end":{"line":36,"column":63}},"20":{"start":{"line":37,"column":6},"end":{"line":37,"column":79}},"21":{"start":{"line":37,"column":22},"end":{"line":37,"column":79}},"22":{"start":{"line":38,"column":36},"end":{"line":38,"column":44}},"23":{"start":{"line":39,"column":22},"end":{"line":43,"column":7}},"24":{"start":{"line":44,"column":6},"end":{"line":44,"column":38}},"25":{"start":{"line":45,"column":6},"end":{"line":45,"column":26}},"26":{"start":{"line":47,"column":6},"end":{"line":47,"column":16}},"27":{"start":{"line":52,"column":4},"end":{"line":63,"column":5}},"28":{"start":{"line":53,"column":24},"end":{"line":53,"column":63}},"29":{"start":{"line":54,"column":6},"end":{"line":54,"column":79}},"30":{"start":{"line":54,"column":22},"end":{"line":54,"column":79}},"31":{"start":{"line":55,"column":19},"end":{"line":55,"column":79}},"32":{"start":{"line":56,"column":6},"end":{"line":58,"column":7}},"33":{"start":{"line":57,"column":8},"end":{"line":57,"column":70}},"34":{"start":{"line":59,"column":6},"end":{"line":59,"column":32}},"35":{"start":{"line":60,"column":6},"end":{"line":60,"column":52}},"36":{"start":{"line":62,"column":6},"end":{"line":62,"column":16}},"37":{"start":{"line":68,"column":2},"end":{"line":81,"column":4}},"38":{"start":{"line":86,"column":4},"end":{"line":97,"column":5}},"39":{"start":{"line":87,"column":22},"end":{"line":93,"column":8}},"40":{"start":{"line":94,"column":6},"end":{"line":94,"column":50}},"41":{"start":{"line":96,"column":6},"end":{"line":96,"column":16}},"42":{"start":{"line":101,"column":4},"end":{"line":146,"column":5}},"43":{"start":{"line":102,"column":82},"end":{"line":102,"column":90}},"44":{"start":{"line":103,"column":6},"end":{"line":108,"column":7}},"45":{"start":{"line":104,"column":8},"end":{"line":107,"column":10}},"46":{"start":{"line":110,"column":24},"end":{"line":110,"column":61}},"47":{"start":{"line":111,"column":6},"end":{"line":111,"column":79}},"48":{"start":{"line":111,"column":22},"end":{"line":111,"column":79}},"49":{"start":{"line":112,"column":25},"end":{"line":112,"column":83}},"50":{"start":{"line":114,"column":21},"end":{"line":135,"column":8}},"51":{"start":{"line":115,"column":21},"end":{"line":124,"column":9}},"52":{"start":{"line":125,"column":8},"end":{"line":134,"column":10}},"53":{"start":{"line":137,"column":22},"end":{"line":142,"column":8}},"54":{"start":{"line":143,"column":6},"end":{"line":143,"column":58}},"55":{"start":{"line":145,"column":6},"end":{"line":145,"column":16}},"56":{"start":{"line":150,"column":4},"end":{"line":188,"column":5}},"57":{"start":{"line":151,"column":21},"end":{"line":151,"column":78}},"58":{"start":{"line":152,"column":6},"end":{"line":152,"column":70}},"59":{"start":{"line":152,"column":19},"end":{"line":152,"column":70}},"60":{"start":{"line":154,"column":72},"end":{"line":154,"column":80}},"61":{"start":{"line":155,"column":25},"end":{"line":155,"column":82}},"62":{"start":{"line":156,"column":6},"end":{"line":177,"column":9}},"63":{"start":{"line":157,"column":8},"end":{"line":166,"column":9}},"64":{"start":{"line":158,"column":10},"end":{"line":165,"column":12}},"65":{"start":{"line":167,"column":8},"end":{"line":176,"column":10}},"66":{"start":{"line":179,"column":22},"end":{"line":184,"column":8}},"67":{"start":{"line":185,"column":6},"end":{"line":185,"column":46}},"68":{"start":{"line":187,"column":6},"end":{"line":187,"column":16}},"69":{"start":{"line":192,"column":4},"end":{"line":208,"column":5}},"70":{"start":{"line":193,"column":21},"end":{"line":193,"column":57}},"71":{"start":{"line":194,"column":6},"end":{"line":194,"column":70}},"72":{"start":{"line":194,"column":19},"end":{"line":194,"column":70}},"73":{"start":{"line":195,"column":19},"end":{"line":195,"column":78}},"74":{"start":{"line":196,"column":6},"end":{"line":198,"column":7}},"75":{"start":{"line":197,"column":8},"end":{"line":197,"column":69}},"76":{"start":{"line":199,"column":6},"end":{"line":204,"column":9}},"77":{"start":{"line":200,"column":8},"end":{"line":200,"column":83}},"78":{"start":{"line":201,"column":23},"end":{"line":201,"column":36}},"79":{"start":{"line":202,"column":8},"end":{"line":202,"column":49}},"80":{"start":{"line":203,"column":8},"end":{"line":203,"column":70}},"81":{"start":{"line":205,"column":6},"end":{"line":205,"column":46}},"82":{"start":{"line":207,"column":6},"end":{"line":207,"column":16}},"83":{"start":{"line":214,"column":4},"end":{"line":234,"column":5}},"84":{"start":{"line":215,"column":20},"end":{"line":215,"column":22}},"85":{"start":{"line":216,"column":6},"end":{"line":216,"column":66}},"86":{"start":{"line":216,"column":30},"end":{"line":216,"column":66}},"87":{"start":{"line":217,"column":24},"end":{"line":230,"column":8}},"88":{"start":{"line":231,"column":6},"end":{"line":231,"column":26}},"89":{"start":{"line":233,"column":6},"end":{"line":233,"column":16}},"90":{"start":{"line":238,"column":4},"end":{"line":270,"column":5}},"91":{"start":{"line":239,"column":74},"end":{"line":239,"column":82}},"92":{"start":{"line":240,"column":6},"end":{"line":252,"column":7}},"93":{"start":{"line":248,"column":8},"end":{"line":251,"column":10}},"94":{"start":{"line":253,"column":6},"end":{"line":255,"column":7}},"95":{"start":{"line":254,"column":8},"end":{"line":254,"column":73}},"96":{"start":{"line":256,"column":21},"end":{"line":256,"column":52}},"97":{"start":{"line":257,"column":6},"end":{"line":257,"column":70}},"98":{"start":{"line":257,"column":19},"end":{"line":257,"column":70}},"99":{"start":{"line":259,"column":23},"end":{"line":266,"column":8}},"100":{"start":{"line":267,"column":6},"end":{"line":267,"column":37}},"101":{"start":{"line":269,"column":6},"end":{"line":269,"column":16}},"102":{"start":{"line":274,"column":4},"end":{"line":291,"column":5}},"103":{"start":{"line":275,"column":23},"end":{"line":275,"column":61}},"104":{"start":{"line":276,"column":6},"end":{"line":276,"column":72}},"105":{"start":{"line":276,"column":21},"end":{"line":276,"column":72}},"106":{"start":{"line":277,"column":64},"end":{"line":277,"column":72}},"107":{"start":{"line":278,"column":6},"end":{"line":280,"column":7}},"108":{"start":{"line":279,"column":8},"end":{"line":279,"column":73}},"109":{"start":{"line":281,"column":6},"end":{"line":287,"column":9}},"110":{"start":{"line":288,"column":6},"end":{"line":288,"column":25}},"111":{"start":{"line":290,"column":6},"end":{"line":290,"column":16}},"112":{"start":{"line":295,"column":4},"end":{"line":302,"column":5}},"113":{"start":{"line":296,"column":23},"end":{"line":296,"column":61}},"114":{"start":{"line":297,"column":6},"end":{"line":297,"column":72}},"115":{"start":{"line":297,"column":21},"end":{"line":297,"column":72}},"116":{"start":{"line":298,"column":6},"end":{"line":298,"column":31}},"117":{"start":{"line":299,"column":6},"end":{"line":299,"column":46}},"118":{"start":{"line":301,"column":6},"end":{"line":301,"column":16}},"119":{"start":{"line":308,"column":4},"end":{"line":359,"column":5}},"120":{"start":{"line":309,"column":41},"end":{"line":309,"column":50}},"121":{"start":{"line":310,"column":20},"end":{"line":310,"column":22}},"122":{"start":{"line":311,"column":6},"end":{"line":311,"column":40}},"123":{"start":{"line":311,"column":18},"end":{"line":311,"column":40}},"124":{"start":{"line":312,"column":6},"end":{"line":317,"column":7}},"125":{"start":{"line":313,"column":8},"end":{"line":315,"column":9}},"126":{"start":{"line":314,"column":10},"end":{"line":314,"column":70}},"127":{"start":{"line":316,"column":8},"end":{"line":316,"column":26}},"128":{"start":{"line":318,"column":6},"end":{"line":318,"column":46}},"129":{"start":{"line":318,"column":20},"end":{"line":318,"column":46}},"130":{"start":{"line":320,"column":27},"end":{"line":336,"column":8}},"131":{"start":{"line":338,"column":6},"end":{"line":356,"column":8}},"132":{"start":{"line":339,"column":33},"end":{"line":355,"column":9}},"133":{"start":{"line":358,"column":6},"end":{"line":358,"column":16}},"134":{"start":{"line":363,"column":0},"end":{"line":368,"column":2}}},"fnMap":{"0":{"name":"(anonymous_0)","decl":{"start":{"line":10,"column":2},"end":{"line":10,"column":3}},"loc":{"start":{"line":10,"column":36},"end":{"line":17,"column":3}},"line":10},"1":{"name":"(anonymous_1)","decl":{"start":{"line":19,"column":2},"end":{"line":19,"column":3}},"loc":{"start":{"line":19,"column":38},"end":{"line":32,"column":3}},"line":19},"2":{"name":"(anonymous_2)","decl":{"start":{"line":34,"column":2},"end":{"line":34,"column":3}},"loc":{"start":{"line":34,"column":38},"end":{"line":49,"column":3}},"line":34},"3":{"name":"(anonymous_3)","decl":{"start":{"line":51,"column":2},"end":{"line":51,"column":3}},"loc":{"start":{"line":51,"column":39},"end":{"line":64,"column":3}},"line":51},"4":{"name":"serializeAdminDoctor","decl":{"start":{"line":67,"column":9},"end":{"line":67,"column":29}},"loc":{"start":{"line":67,"column":38},"end":{"line":82,"column":1}},"line":67},"5":{"name":"(anonymous_5)","decl":{"start":{"line":85,"column":2},"end":{"line":85,"column":3}},"loc":{"start":{"line":85,"column":36},"end":{"line":98,"column":3}},"line":85},"6":{"name":"(anonymous_6)","decl":{"start":{"line":100,"column":2},"end":{"line":100,"column":3}},"loc":{"start":{"line":100,"column":38},"end":{"line":147,"column":3}},"line":100},"7":{"name":"(anonymous_7)","decl":{"start":{"line":114,"column":49},"end":{"line":114,"column":50}},"loc":{"start":{"line":114,"column":62},"end":{"line":135,"column":7}},"line":114},"8":{"name":"(anonymous_8)","decl":{"start":{"line":149,"column":2},"end":{"line":149,"column":3}},"loc":{"start":{"line":149,"column":38},"end":{"line":189,"column":3}},"line":149},"9":{"name":"(anonymous_9)","decl":{"start":{"line":156,"column":34},"end":{"line":156,"column":35}},"loc":{"start":{"line":156,"column":47},"end":{"line":177,"column":7}},"line":156},"10":{"name":"(anonymous_10)","decl":{"start":{"line":191,"column":2},"end":{"line":191,"column":3}},"loc":{"start":{"line":191,"column":39},"end":{"line":209,"column":3}},"line":191},"11":{"name":"(anonymous_11)","decl":{"start":{"line":199,"column":34},"end":{"line":199,"column":35}},"loc":{"start":{"line":199,"column":47},"end":{"line":204,"column":7}},"line":199},"12":{"name":"(anonymous_12)","decl":{"start":{"line":213,"column":2},"end":{"line":213,"column":3}},"loc":{"start":{"line":213,"column":36},"end":{"line":235,"column":3}},"line":213},"13":{"name":"(anonymous_13)","decl":{"start":{"line":237,"column":2},"end":{"line":237,"column":3}},"loc":{"start":{"line":237,"column":38},"end":{"line":271,"column":3}},"line":237},"14":{"name":"(anonymous_14)","decl":{"start":{"line":273,"column":2},"end":{"line":273,"column":3}},"loc":{"start":{"line":273,"column":38},"end":{"line":292,"column":3}},"line":273},"15":{"name":"(anonymous_15)","decl":{"start":{"line":294,"column":2},"end":{"line":294,"column":3}},"loc":{"start":{"line":294,"column":39},"end":{"line":303,"column":3}},"line":294},"16":{"name":"(anonymous_16)","decl":{"start":{"line":307,"column":2},"end":{"line":307,"column":3}},"loc":{"start":{"line":307,"column":36},"end":{"line":360,"column":3}},"line":307},"17":{"name":"(anonymous_17)","decl":{"start":{"line":339,"column":25},"end":{"line":339,"column":26}},"loc":{"start":{"line":339,"column":33},"end":{"line":355,"column":9}},"line":339}},"branchMap":{"0":{"loc":{"start":{"line":22,"column":6},"end":{"line":22,"column":75}},"type":"if","locations":[{"start":{"line":22,"column":6},"end":{"line":22,"column":75}},{"start":{},"end":{}}],"line":22},"1":{"loc":{"start":{"line":26,"column":16},"end":{"line":26,"column":78}},"type":"binary-expr","locations":[{"start":{"line":26,"column":17},"end":{"line":26,"column":69}},{"start":{"line":26,"column":74},"end":{"line":26,"column":78}}],"line":26},"2":{"loc":{"start":{"line":37,"column":6},"end":{"line":37,"column":79}},"type":"if","locations":[{"start":{"line":37,"column":6},"end":{"line":37,"column":79}},{"start":{},"end":{}}],"line":37},"3":{"loc":{"start":{"line":40,"column":14},"end":{"line":40,"column":71}},"type":"cond-expr","locations":[{"start":{"line":40,"column":35},"end":{"line":40,"column":54}},{"start":{"line":40,"column":57},"end":{"line":40,"column":71}}],"line":40},"4":{"loc":{"start":{"line":41,"column":21},"end":{"line":41,"column":84}},"type":"cond-expr","locations":[{"start":{"line":41,"column":49},"end":{"line":41,"column":60}},{"start":{"line":41,"column":63},"end":{"line":41,"column":84}}],"line":41},"5":{"loc":{"start":{"line":54,"column":6},"end":{"line":54,"column":79}},"type":"if","locations":[{"start":{"line":54,"column":6},"end":{"line":54,"column":79}},{"start":{},"end":{}}],"line":54},"6":{"loc":{"start":{"line":56,"column":6},"end":{"line":58,"column":7}},"type":"if","locations":[{"start":{"line":56,"column":6},"end":{"line":58,"column":7}},{"start":{},"end":{}}],"line":56},"7":{"loc":{"start":{"line":75,"column":15},"end":{"line":77,"column":12}},"type":"cond-expr","locations":[{"start":{"line":76,"column":8},"end":{"line":76,"column":64}},{"start":{"line":77,"column":8},"end":{"line":77,"column":12}}],"line":75},"8":{"loc":{"start":{"line":103,"column":6},"end":{"line":108,"column":7}},"type":"if","locations":[{"start":{"line":103,"column":6},"end":{"line":108,"column":7}},{"start":{},"end":{}}],"line":103},"9":{"loc":{"start":{"line":103,"column":10},"end":{"line":103,"column":87}},"type":"binary-expr","locations":[{"start":{"line":103,"column":10},"end":{"line":103,"column":15}},{"start":{"line":103,"column":19},"end":{"line":103,"column":25}},{"start":{"line":103,"column":29},"end":{"line":103,"column":38}},{"start":{"line":103,"column":42},"end":{"line":103,"column":54}},{"start":{"line":103,"column":58},"end":{"line":103,"column":87}}],"line":103},"10":{"loc":{"start":{"line":111,"column":6},"end":{"line":111,"column":79}},"type":"if","locations":[{"start":{"line":111,"column":6},"end":{"line":111,"column":79}},{"start":{},"end":{}}],"line":111},"11":{"loc":{"start":{"line":112,"column":25},"end":{"line":112,"column":83}},"type":"binary-expr","locations":[{"start":{"line":112,"column":26},"end":{"line":112,"column":74}},{"start":{"line":112,"column":79},"end":{"line":112,"column":83}}],"line":112},"12":{"loc":{"start":{"line":120,"column":19},"end":{"line":120,"column":54}},"type":"cond-expr","locations":[{"start":{"line":120,"column":27},"end":{"line":120,"column":47}},{"start":{"line":120,"column":50},"end":{"line":120,"column":54}}],"line":120},"13":{"loc":{"start":{"line":152,"column":6},"end":{"line":152,"column":70}},"type":"if","locations":[{"start":{"line":152,"column":6},"end":{"line":152,"column":70}},{"start":{},"end":{}}],"line":152},"14":{"loc":{"start":{"line":157,"column":8},"end":{"line":166,"column":9}},"type":"if","locations":[{"start":{"line":157,"column":8},"end":{"line":166,"column":9}},{"start":{},"end":{}}],"line":157},"15":{"loc":{"start":{"line":157,"column":12},"end":{"line":157,"column":48}},"type":"binary-expr","locations":[{"start":{"line":157,"column":12},"end":{"line":157,"column":16}},{"start":{"line":157,"column":20},"end":{"line":157,"column":39}},{"start":{"line":157,"column":43},"end":{"line":157,"column":48}}],"line":157},"16":{"loc":{"start":{"line":160,"column":20},"end":{"line":160,"column":79}},"type":"cond-expr","locations":[{"start":{"line":160,"column":41},"end":{"line":160,"column":60}},{"start":{"line":160,"column":63},"end":{"line":160,"column":79}}],"line":160},"17":{"loc":{"start":{"line":161,"column":21},"end":{"line":161,"column":68}},"type":"cond-expr","locations":[{"start":{"line":161,"column":43},"end":{"line":161,"column":48}},{"start":{"line":161,"column":51},"end":{"line":161,"column":68}}],"line":161},"18":{"loc":{"start":{"line":162,"column":21},"end":{"line":162,"column":97}},"type":"cond-expr","locations":[{"start":{"line":162,"column":43},"end":{"line":162,"column":77}},{"start":{"line":162,"column":80},"end":{"line":162,"column":97}}],"line":162},"19":{"loc":{"start":{"line":169,"column":25},"end":{"line":169,"column":93}},"type":"cond-expr","locations":[{"start":{"line":169,"column":53},"end":{"line":169,"column":72}},{"start":{"line":169,"column":75},"end":{"line":169,"column":93}}],"line":169},"20":{"loc":{"start":{"line":171,"column":14},"end":{"line":171,"column":94}},"type":"cond-expr","locations":[{"start":{"line":171,"column":46},"end":{"line":171,"column":69}},{"start":{"line":171,"column":72},"end":{"line":171,"column":94}}],"line":171},"21":{"loc":{"start":{"line":172,"column":17},"end":{"line":172,"column":53}},"type":"cond-expr","locations":[{"start":{"line":172,"column":37},"end":{"line":172,"column":40}},{"start":{"line":172,"column":43},"end":{"line":172,"column":53}}],"line":172},"22":{"loc":{"start":{"line":194,"column":6},"end":{"line":194,"column":70}},"type":"if","locations":[{"start":{"line":194,"column":6},"end":{"line":194,"column":70}},{"start":{},"end":{}}],"line":194},"23":{"loc":{"start":{"line":196,"column":6},"end":{"line":198,"column":7}},"type":"if","locations":[{"start":{"line":196,"column":6},"end":{"line":198,"column":7}},{"start":{},"end":{}}],"line":196},"24":{"loc":{"start":{"line":216,"column":6},"end":{"line":216,"column":66}},"type":"if","locations":[{"start":{"line":216,"column":6},"end":{"line":216,"column":66}},{"start":{},"end":{}}],"line":216},"25":{"loc":{"start":{"line":240,"column":6},"end":{"line":252,"column":7}},"type":"if","locations":[{"start":{"line":240,"column":6},"end":{"line":252,"column":7}},{"start":{},"end":{}}],"line":240},"26":{"loc":{"start":{"line":241,"column":8},"end":{"line":246,"column":27}},"type":"binary-expr","locations":[{"start":{"line":241,"column":8},"end":{"line":241,"column":30}},{"start":{"line":242,"column":8},"end":{"line":242,"column":31}},{"start":{"line":243,"column":8},"end":{"line":243,"column":16}},{"start":{"line":244,"column":8},"end":{"line":244,"column":18}},{"start":{"line":245,"column":8},"end":{"line":245,"column":16}},{"start":{"line":246,"column":8},"end":{"line":246,"column":27}}],"line":241},"27":{"loc":{"start":{"line":253,"column":6},"end":{"line":255,"column":7}},"type":"if","locations":[{"start":{"line":253,"column":6},"end":{"line":255,"column":7}},{"start":{},"end":{}}],"line":253},"28":{"loc":{"start":{"line":257,"column":6},"end":{"line":257,"column":70}},"type":"if","locations":[{"start":{"line":257,"column":6},"end":{"line":257,"column":70}},{"start":{},"end":{}}],"line":257},"29":{"loc":{"start":{"line":276,"column":6},"end":{"line":276,"column":72}},"type":"if","locations":[{"start":{"line":276,"column":6},"end":{"line":276,"column":72}},{"start":{},"end":{}}],"line":276},"30":{"loc":{"start":{"line":278,"column":6},"end":{"line":280,"column":7}},"type":"if","locations":[{"start":{"line":278,"column":6},"end":{"line":280,"column":7}},{"start":{},"end":{}}],"line":278},"31":{"loc":{"start":{"line":278,"column":10},"end":{"line":278,"column":48}},"type":"binary-expr","locations":[{"start":{"line":278,"column":10},"end":{"line":278,"column":17}},{"start":{"line":278,"column":21},"end":{"line":278,"column":48}}],"line":278},"32":{"loc":{"start":{"line":282,"column":19},"end":{"line":282,"column":75}},"type":"cond-expr","locations":[{"start":{"line":282,"column":45},"end":{"line":282,"column":54}},{"start":{"line":282,"column":57},"end":{"line":282,"column":75}}],"line":282},"33":{"loc":{"start":{"line":283,"column":17},"end":{"line":283,"column":67}},"type":"cond-expr","locations":[{"start":{"line":283,"column":41},"end":{"line":283,"column":48}},{"start":{"line":283,"column":51},"end":{"line":283,"column":67}}],"line":283},"34":{"loc":{"start":{"line":284,"column":19},"end":{"line":284,"column":75}},"type":"cond-expr","locations":[{"start":{"line":284,"column":45},"end":{"line":284,"column":54}},{"start":{"line":284,"column":57},"end":{"line":284,"column":75}}],"line":284},"35":{"loc":{"start":{"line":285,"column":17},"end":{"line":285,"column":67}},"type":"cond-expr","locations":[{"start":{"line":285,"column":41},"end":{"line":285,"column":48}},{"start":{"line":285,"column":51},"end":{"line":285,"column":67}}],"line":285},"36":{"loc":{"start":{"line":286,"column":15},"end":{"line":286,"column":59}},"type":"cond-expr","locations":[{"start":{"line":286,"column":37},"end":{"line":286,"column":42}},{"start":{"line":286,"column":45},"end":{"line":286,"column":59}}],"line":286},"37":{"loc":{"start":{"line":297,"column":6},"end":{"line":297,"column":72}},"type":"if","locations":[{"start":{"line":297,"column":6},"end":{"line":297,"column":72}},{"start":{},"end":{}}],"line":297},"38":{"loc":{"start":{"line":311,"column":6},"end":{"line":311,"column":40}},"type":"if","locations":[{"start":{"line":311,"column":6},"end":{"line":311,"column":40}},{"start":{},"end":{}}],"line":311},"39":{"loc":{"start":{"line":312,"column":6},"end":{"line":317,"column":7}},"type":"if","locations":[{"start":{"line":312,"column":6},"end":{"line":317,"column":7}},{"start":{},"end":{}}],"line":312},"40":{"loc":{"start":{"line":313,"column":8},"end":{"line":315,"column":9}},"type":"if","locations":[{"start":{"line":313,"column":8},"end":{"line":315,"column":9}},{"start":{},"end":{}}],"line":313},"41":{"loc":{"start":{"line":318,"column":6},"end":{"line":318,"column":46}},"type":"if","locations":[{"start":{"line":318,"column":6},"end":{"line":318,"column":46}},{"start":{},"end":{}}],"line":318},"42":{"loc":{"start":{"line":348,"column":18},"end":{"line":354,"column":18}},"type":"cond-expr","locations":[{"start":{"line":349,"column":14},"end":{"line":353,"column":15}},{"start":{"line":354,"column":14},"end":{"line":354,"column":18}}],"line":348}},"s":{"0":1,"1":1,"2":1,"3":1,"4":1,"5":1,"6":1,"7":0,"8":0,"9":0,"10":0,"11":0,"12":0,"13":0,"14":0,"15":0,"16":0,"17":0,"18":0,"19":0,"20":0,"21":0,"22":0,"23":0,"24":0,"25":0,"26":0,"27":0,"28":0,"29":0,"30":0,"31":0,"32":0,"33":0,"34":0,"35":0,"36":0,"37":0,"38":0,"39":0,"40":0,"41":0,"42":0,"43":0,"44":0,"45":0,"46":0,"47":0,"48":0,"49":0,"50":0,"51":0,"52":0,"53":0,"54":0,"55":0,"56":0,"57":0,"58":0,"59":0,"60":0,"61":0,"62":0,"63":0,"64":0,"65":0,"66":0,"67":0,"68":0,"69":0,"70":0,"71":0,"72":0,"73":0,"74":0,"75":0,"76":0,"77":0,"78":0,"79":0,"80":0,"81":0,"82":0,"83":0,"84":0,"85":0,"86":0,"87":0,"88":0,"89":0,"90":0,"91":0,"92":0,"93":0,"94":0,"95":0,"96":0,"97":0,"98":0,"99":0,"100":0,"101":0,"102":0,"103":0,"104":0,"105":0,"106":0,"107":0,"108":0,"109":0,"110":0,"111":0,"112":0,"113":0,"114":0,"115":0,"116":0,"117":0,"118":0,"119":0,"120":0,"121":0,"122":0,"123":0,"124":0,"125":0,"126":0,"127":0,"128":0,"129":0,"130":0,"131":0,"132":0,"133":0,"134":1},"f":{"0":0,"1":0,"2":0,"3":0,"4":0,"5":0,"6":0,"7":0,"8":0,"9":0,"10":0,"11":0,"12":0,"13":0,"14":0,"15":0,"16":0,"17":0},"b":{"0":[0,0],"1":[0,0],"2":[0,0],"3":[0,0],"4":[0,0],"5":[0,0],"6":[0,0],"7":[0,0],"8":[0,0],"9":[0,0,0,0,0],"10":[0,0],"11":[0,0],"12":[0,0],"13":[0,0],"14":[0,0],"15":[0,0,0],"16":[0,0],"17":[0,0],"18":[0,0],"19":[0,0],"20":[0,0],"21":[0,0],"22":[0,0],"23":[0,0],"24":[0,0],"25":[0,0],"26":[0,0,0,0,0,0],"27":[0,0],"28":[0,0],"29":[0,0],"30":[0,0],"31":[0,0],"32":[0,0],"33":[0,0],"34":[0,0],"35":[0,0],"36":[0,0],"37":[0,0],"38":[0,0],"39":[0,0],"40":[0,0],"41":[0,0],"42":[0,0]},"_coverageSchema":"1a1c01bbd47fc00a2c39e90264f33305004495a9","hash":"f21cc2e029068fe10382597cef2cabff0df46612"}
,"D:\\hacktiv8\\phase 2\\Group Project\\MediFlow\\Server\\controllers\\appointmentController.js": {"path":"D:\\hacktiv8\\phase 2\\Group Project\\MediFlow\\Server\\controllers\\appointmentController.js","statementMap":{"0":{"start":{"line":1,"column":59},"end":{"line":1,"column":79}},"1":{"start":{"line":2,"column":22},"end":{"line":2,"column":42}},"2":{"start":{"line":3,"column":18},"end":{"line":3,"column":49}},"3":{"start":{"line":8,"column":4},"end":{"line":8,"column":35}},"4":{"start":{"line":14,"column":4},"end":{"line":14,"column":30}},"5":{"start":{"line":19,"column":4},"end":{"line":19,"column":31}},"6":{"start":{"line":20,"column":29},"end":{"line":20,"column":55}},"7":{"start":{"line":21,"column":41},"end":{"line":21,"column":75}},"8":{"start":{"line":25,"column":4},"end":{"line":25,"column":32}},"9":{"start":{"line":28,"column":17},"end":{"line":28,"column":35}},"10":{"start":{"line":29,"column":16},"end":{"line":29,"column":43}},"11":{"start":{"line":30,"column":2},"end":{"line":58,"column":4}},"12":{"start":{"line":61,"column":27},"end":{"line":71,"column":1}},"13":{"start":{"line":74,"column":2},"end":{"line":74,"column":44}},"14":{"start":{"line":74,"column":37},"end":{"line":74,"column":44}},"15":{"start":{"line":75,"column":2},"end":{"line":75,"column":87}},"16":{"start":{"line":75,"column":80},"end":{"line":75,"column":87}},"17":{"start":{"line":76,"column":2},"end":{"line":76,"column":91}},"18":{"start":{"line":76,"column":84},"end":{"line":76,"column":91}},"19":{"start":{"line":77,"column":2},"end":{"line":77,"column":56}},"20":{"start":{"line":82,"column":4},"end":{"line":161,"column":5}},"21":{"start":{"line":83,"column":42},"end":{"line":83,"column":50}},"22":{"start":{"line":84,"column":6},"end":{"line":86,"column":7}},"23":{"start":{"line":85,"column":8},"end":{"line":85,"column":76}},"24":{"start":{"line":87,"column":6},"end":{"line":89,"column":7}},"25":{"start":{"line":88,"column":8},"end":{"line":88,"column":68}},"26":{"start":{"line":90,"column":6},"end":{"line":92,"column":7}},"27":{"start":{"line":91,"column":8},"end":{"line":91,"column":73}},"28":{"start":{"line":93,"column":6},"end":{"line":95,"column":7}},"29":{"start":{"line":94,"column":8},"end":{"line":94,"column":87}},"30":{"start":{"line":97,"column":26},"end":{"line":147,"column":8}},"31":{"start":{"line":98,"column":23},"end":{"line":98,"column":74}},"32":{"start":{"line":99,"column":8},"end":{"line":99,"column":72}},"33":{"start":{"line":99,"column":21},"end":{"line":99,"column":72}},"34":{"start":{"line":101,"column":25},"end":{"line":109,"column":10}},"35":{"start":{"line":110,"column":8},"end":{"line":112,"column":9}},"36":{"start":{"line":111,"column":10},"end":{"line":111,"column":88}},"37":{"start":{"line":114,"column":8},"end":{"line":119,"column":9}},"38":{"start":{"line":115,"column":10},"end":{"line":118,"column":12}},"39":{"start":{"line":121,"column":21},"end":{"line":121,"column":69}},"40":{"start":{"line":122,"column":8},"end":{"line":124,"column":9}},"41":{"start":{"line":123,"column":10},"end":{"line":123,"column":65}},"42":{"start":{"line":126,"column":26},"end":{"line":129,"column":10}},"43":{"start":{"line":131,"column":35},"end":{"line":131,"column":82}},"44":{"start":{"line":132,"column":23},"end":{"line":134,"column":37}},"45":{"start":{"line":136,"column":8},"end":{"line":146,"column":10}},"46":{"start":{"line":149,"column":22},"end":{"line":151,"column":8}},"47":{"start":{"line":153,"column":6},"end":{"line":155,"column":7}},"48":{"start":{"line":154,"column":8},"end":{"line":154,"column":80}},"49":{"start":{"line":156,"column":6},"end":{"line":156,"column":42}},"50":{"start":{"line":158,"column":6},"end":{"line":158,"column":58}},"51":{"start":{"line":160,"column":6},"end":{"line":160,"column":16}},"52":{"start":{"line":165,"column":4},"end":{"line":187,"column":5}},"53":{"start":{"line":166,"column":20},"end":{"line":166,"column":22}},"54":{"start":{"line":167,"column":6},"end":{"line":173,"column":7}},"55":{"start":{"line":168,"column":8},"end":{"line":168,"column":38}},"56":{"start":{"line":169,"column":13},"end":{"line":173,"column":7}},"57":{"start":{"line":170,"column":23},"end":{"line":170,"column":79}},"58":{"start":{"line":171,"column":8},"end":{"line":171,"column":79}},"59":{"start":{"line":171,"column":21},"end":{"line":171,"column":79}},"60":{"start":{"line":172,"column":8},"end":{"line":172,"column":35}},"61":{"start":{"line":175,"column":27},"end":{"line":182,"column":8}},"62":{"start":{"line":184,"column":6},"end":{"line":184,"column":55}},"63":{"start":{"line":186,"column":6},"end":{"line":186,"column":16}},"64":{"start":{"line":191,"column":4},"end":{"line":200,"column":5}},"65":{"start":{"line":192,"column":26},"end":{"line":194,"column":8}},"66":{"start":{"line":195,"column":6},"end":{"line":195,"column":79}},"67":{"start":{"line":195,"column":24},"end":{"line":195,"column":79}},"68":{"start":{"line":196,"column":6},"end":{"line":196,"column":55}},"69":{"start":{"line":197,"column":6},"end":{"line":197,"column":50}},"70":{"start":{"line":199,"column":6},"end":{"line":199,"column":16}},"71":{"start":{"line":204,"column":4},"end":{"line":238,"column":5}},"72":{"start":{"line":205,"column":26},"end":{"line":207,"column":8}},"73":{"start":{"line":208,"column":6},"end":{"line":208,"column":79}},"74":{"start":{"line":208,"column":24},"end":{"line":208,"column":79}},"75":{"start":{"line":209,"column":6},"end":{"line":211,"column":7}},"76":{"start":{"line":210,"column":8},"end":{"line":210,"column":62}},"77":{"start":{"line":213,"column":29},"end":{"line":213,"column":47}},"78":{"start":{"line":214,"column":26},"end":{"line":217,"column":7}},"79":{"start":{"line":218,"column":6},"end":{"line":220,"column":7}},"80":{"start":{"line":219,"column":8},"end":{"line":219,"column":88}},"81":{"start":{"line":222,"column":6},"end":{"line":222,"column":73}},"82":{"start":{"line":224,"column":6},"end":{"line":229,"column":7}},"83":{"start":{"line":228,"column":8},"end":{"line":228,"column":92}},"84":{"start":{"line":231,"column":22},"end":{"line":233,"column":8}},"85":{"start":{"line":234,"column":6},"end":{"line":234,"column":58}},"86":{"start":{"line":235,"column":6},"end":{"line":235,"column":46}},"87":{"start":{"line":237,"column":6},"end":{"line":237,"column":16}},"88":{"start":{"line":242,"column":0},"end":{"line":242,"column":39}}},"fnMap":{"0":{"name":"serializeAppointment","decl":{"start":{"line":27,"column":9},"end":{"line":27,"column":29}},"loc":{"start":{"line":27,"column":43},"end":{"line":59,"column":1}},"line":27},"1":{"name":"assertCanViewAppointment","decl":{"start":{"line":73,"column":15},"end":{"line":73,"column":39}},"loc":{"start":{"line":73,"column":58},"end":{"line":78,"column":1}},"line":73},"2":{"name":"(anonymous_2)","decl":{"start":{"line":81,"column":2},"end":{"line":81,"column":3}},"loc":{"start":{"line":81,"column":38},"end":{"line":162,"column":3}},"line":81},"3":{"name":"(anonymous_3)","decl":{"start":{"line":97,"column":54},"end":{"line":97,"column":55}},"loc":{"start":{"line":97,"column":67},"end":{"line":147,"column":7}},"line":97},"4":{"name":"(anonymous_4)","decl":{"start":{"line":164,"column":2},"end":{"line":164,"column":3}},"loc":{"start":{"line":164,"column":36},"end":{"line":188,"column":3}},"line":164},"5":{"name":"(anonymous_5)","decl":{"start":{"line":190,"column":2},"end":{"line":190,"column":3}},"loc":{"start":{"line":190,"column":38},"end":{"line":201,"column":3}},"line":190},"6":{"name":"(anonymous_6)","decl":{"start":{"line":203,"column":2},"end":{"line":203,"column":3}},"loc":{"start":{"line":203,"column":38},"end":{"line":239,"column":3}},"line":203}},"branchMap":{"0":{"loc":{"start":{"line":38,"column":12},"end":{"line":49,"column":17}},"type":"cond-expr","locations":[{"start":{"line":39,"column":8},"end":{"line":48,"column":9}},{"start":{"line":49,"column":8},"end":{"line":49,"column":17}}],"line":38},"1":{"loc":{"start":{"line":45,"column":21},"end":{"line":47,"column":18}},"type":"cond-expr","locations":[{"start":{"line":46,"column":14},"end":{"line":46,"column":70}},{"start":{"line":47,"column":14},"end":{"line":47,"column":18}}],"line":45},"2":{"loc":{"start":{"line":50,"column":13},"end":{"line":55,"column":17}},"type":"cond-expr","locations":[{"start":{"line":51,"column":8},"end":{"line":54,"column":9}},{"start":{"line":55,"column":8},"end":{"line":55,"column":17}}],"line":50},"3":{"loc":{"start":{"line":74,"column":2},"end":{"line":74,"column":44}},"type":"if","locations":[{"start":{"line":74,"column":2},"end":{"line":74,"column":44}},{"start":{},"end":{}}],"line":74},"4":{"loc":{"start":{"line":75,"column":2},"end":{"line":75,"column":87}},"type":"if","locations":[{"start":{"line":75,"column":2},"end":{"line":75,"column":87}},{"start":{},"end":{}}],"line":75},"5":{"loc":{"start":{"line":75,"column":6},"end":{"line":75,"column":78}},"type":"binary-expr","locations":[{"start":{"line":75,"column":6},"end":{"line":75,"column":37}},{"start":{"line":75,"column":41},"end":{"line":75,"column":78}}],"line":75},"6":{"loc":{"start":{"line":76,"column":2},"end":{"line":76,"column":91}},"type":"if","locations":[{"start":{"line":76,"column":2},"end":{"line":76,"column":91}},{"start":{},"end":{}}],"line":76},"7":{"loc":{"start":{"line":76,"column":6},"end":{"line":76,"column":82}},"type":"binary-expr","locations":[{"start":{"line":76,"column":6},"end":{"line":76,"column":36}},{"start":{"line":76,"column":40},"end":{"line":76,"column":82}}],"line":76},"8":{"loc":{"start":{"line":84,"column":6},"end":{"line":86,"column":7}},"type":"if","locations":[{"start":{"line":84,"column":6},"end":{"line":86,"column":7}},{"start":{},"end":{}}],"line":84},"9":{"loc":{"start":{"line":84,"column":10},"end":{"line":84,"column":40}},"type":"binary-expr","locations":[{"start":{"line":84,"column":10},"end":{"line":84,"column":19}},{"start":{"line":84,"column":23},"end":{"line":84,"column":28}},{"start":{"line":84,"column":32},"end":{"line":84,"column":40}}],"line":84},"10":{"loc":{"start":{"line":87,"column":6},"end":{"line":89,"column":7}},"type":"if","locations":[{"start":{"line":87,"column":6},"end":{"line":89,"column":7}},{"start":{},"end":{}}],"line":87},"11":{"loc":{"start":{"line":90,"column":6},"end":{"line":92,"column":7}},"type":"if","locations":[{"start":{"line":90,"column":6},"end":{"line":92,"column":7}},{"start":{},"end":{}}],"line":90},"12":{"loc":{"start":{"line":93,"column":6},"end":{"line":95,"column":7}},"type":"if","locations":[{"start":{"line":93,"column":6},"end":{"line":95,"column":7}},{"start":{},"end":{}}],"line":93},"13":{"loc":{"start":{"line":99,"column":8},"end":{"line":99,"column":72}},"type":"if","locations":[{"start":{"line":99,"column":8},"end":{"line":99,"column":72}},{"start":{},"end":{}}],"line":99},"14":{"loc":{"start":{"line":110,"column":8},"end":{"line":112,"column":9}},"type":"if","locations":[{"start":{"line":110,"column":8},"end":{"line":112,"column":9}},{"start":{},"end":{}}],"line":110},"15":{"loc":{"start":{"line":114,"column":8},"end":{"line":119,"column":9}},"type":"if","locations":[{"start":{"line":114,"column":8},"end":{"line":119,"column":9}},{"start":{},"end":{}}],"line":114},"16":{"loc":{"start":{"line":122,"column":8},"end":{"line":124,"column":9}},"type":"if","locations":[{"start":{"line":122,"column":8},"end":{"line":124,"column":9}},{"start":{},"end":{}}],"line":122},"17":{"loc":{"start":{"line":132,"column":23},"end":{"line":134,"column":37}},"type":"cond-expr","locations":[{"start":{"line":133,"column":12},"end":{"line":133,"column":38}},{"start":{"line":134,"column":12},"end":{"line":134,"column":37}}],"line":132},"18":{"loc":{"start":{"line":142,"column":26},"end":{"line":142,"column":40}},"type":"binary-expr","locations":[{"start":{"line":142,"column":26},"end":{"line":142,"column":35}},{"start":{"line":142,"column":39},"end":{"line":142,"column":40}}],"line":142},"19":{"loc":{"start":{"line":153,"column":6},"end":{"line":155,"column":7}},"type":"if","locations":[{"start":{"line":153,"column":6},"end":{"line":155,"column":7}},{"start":{},"end":{}}],"line":153},"20":{"loc":{"start":{"line":167,"column":6},"end":{"line":173,"column":7}},"type":"if","locations":[{"start":{"line":167,"column":6},"end":{"line":173,"column":7}},{"start":{"line":169,"column":13},"end":{"line":173,"column":7}}],"line":167},"21":{"loc":{"start":{"line":169,"column":13},"end":{"line":173,"column":7}},"type":"if","locations":[{"start":{"line":169,"column":13},"end":{"line":173,"column":7}},{"start":{},"end":{}}],"line":169},"22":{"loc":{"start":{"line":171,"column":8},"end":{"line":171,"column":79}},"type":"if","locations":[{"start":{"line":171,"column":8},"end":{"line":171,"column":79}},{"start":{},"end":{}}],"line":171},"23":{"loc":{"start":{"line":195,"column":6},"end":{"line":195,"column":79}},"type":"if","locations":[{"start":{"line":195,"column":6},"end":{"line":195,"column":79}},{"start":{},"end":{}}],"line":195},"24":{"loc":{"start":{"line":208,"column":6},"end":{"line":208,"column":79}},"type":"if","locations":[{"start":{"line":208,"column":6},"end":{"line":208,"column":79}},{"start":{},"end":{}}],"line":208},"25":{"loc":{"start":{"line":209,"column":6},"end":{"line":211,"column":7}},"type":"if","locations":[{"start":{"line":209,"column":6},"end":{"line":211,"column":7}},{"start":{},"end":{}}],"line":209},"26":{"loc":{"start":{"line":209,"column":10},"end":{"line":209,"column":80}},"type":"binary-expr","locations":[{"start":{"line":209,"column":10},"end":{"line":209,"column":47}},{"start":{"line":209,"column":51},"end":{"line":209,"column":80}}],"line":209},"27":{"loc":{"start":{"line":218,"column":6},"end":{"line":220,"column":7}},"type":"if","locations":[{"start":{"line":218,"column":6},"end":{"line":220,"column":7}},{"start":{},"end":{}}],"line":218},"28":{"loc":{"start":{"line":224,"column":6},"end":{"line":229,"column":7}},"type":"if","locations":[{"start":{"line":224,"column":6},"end":{"line":229,"column":7}},{"start":{},"end":{}}],"line":224},"29":{"loc":{"start":{"line":225,"column":8},"end":{"line":226,"column":90}},"type":"binary-expr","locations":[{"start":{"line":225,"column":8},"end":{"line":225,"column":53}},{"start":{"line":226,"column":9},"end":{"line":226,"column":89}}],"line":225}},"s":{"0":2,"1":2,"2":2,"3":2,"4":2,"5":2,"6":2,"7":2,"8":2,"9":4,"10":4,"11":4,"12":2,"13":1,"14":0,"15":1,"16":1,"17":0,"18":0,"19":0,"20":10,"21":10,"22":10,"23":1,"24":9,"25":1,"26":8,"27":1,"28":7,"29":1,"30":6,"31":6,"32":6,"33":1,"34":5,"35":5,"36":1,"37":4,"38":1,"39":3,"40":3,"41":1,"42":2,"43":2,"44":2,"45":2,"46":2,"47":2,"48":1,"49":2,"50":2,"51":8,"52":2,"53":2,"54":2,"55":0,"56":2,"57":1,"58":1,"59":0,"60":1,"61":2,"62":2,"63":0,"64":2,"65":2,"66":2,"67":1,"68":1,"69":1,"70":1,"71":3,"72":3,"73":3,"74":0,"75":3,"76":1,"77":2,"78":2,"79":2,"80":1,"81":1,"82":1,"83":1,"84":1,"85":1,"86":1,"87":2,"88":2},"f":{"0":4,"1":1,"2":10,"3":6,"4":2,"5":2,"6":3},"b":{"0":[4,0],"1":[4,0],"2":[4,0],"3":[0,1],"4":[1,0],"5":[1,1],"6":[0,0],"7":[0,0],"8":[1,9],"9":[10,9,9],"10":[1,8],"11":[1,7],"12":[1,6],"13":[1,5],"14":[1,4],"15":[1,3],"16":[1,2],"17":[1,1],"18":[2,0],"19":[1,1],"20":[0,2],"21":[1,1],"22":[0,1],"23":[1,1],"24":[0,3],"25":[1,2],"26":[3,1],"27":[1,1],"28":[1,0],"29":[1,1]},"_coverageSchema":"1a1c01bbd47fc00a2c39e90264f33305004495a9","hash":"917681da7d33986dfcdd1481e9ce0f299cc38f8d"}
,"D:\\hacktiv8\\phase 2\\Group Project\\MediFlow\\Server\\controllers\\authController.js": {"path":"D:\\hacktiv8\\phase 2\\Group Project\\MediFlow\\Server\\controllers\\authController.js","statementMap":{"0":{"start":{"line":1,"column":15},"end":{"line":1,"column":32}},"1":{"start":{"line":2,"column":25},"end":{"line":2,"column":45}},"2":{"start":{"line":3,"column":42},"end":{"line":3,"column":70}},"3":{"start":{"line":4,"column":22},"end":{"line":4,"column":47}},"4":{"start":{"line":5,"column":32},"end":{"line":5,"column":64}},"5":{"start":{"line":6,"column":18},"end":{"line":6,"column":49}},"6":{"start":{"line":7,"column":18},"end":{"line":7,"column":49}},"7":{"start":{"line":10,"column":2},"end":{"line":15,"column":4}},"8":{"start":{"line":19,"column":15},"end":{"line":21,"column":4}},"9":{"start":{"line":22,"column":2},"end":{"line":22,"column":71}},"10":{"start":{"line":22,"column":13},"end":{"line":22,"column":71}},"11":{"start":{"line":24,"column":18},"end":{"line":24,"column":35}},"12":{"start":{"line":25,"column":2},"end":{"line":33,"column":3}},"13":{"start":{"line":26,"column":4},"end":{"line":32,"column":6}},"14":{"start":{"line":34,"column":2},"end":{"line":34,"column":17}},"15":{"start":{"line":39,"column":4},"end":{"line":59,"column":5}},"16":{"start":{"line":40,"column":47},"end":{"line":40,"column":55}},"17":{"start":{"line":41,"column":6},"end":{"line":43,"column":7}},"18":{"start":{"line":42,"column":8},"end":{"line":42,"column":84}},"19":{"start":{"line":44,"column":6},"end":{"line":46,"column":7}},"20":{"start":{"line":45,"column":8},"end":{"line":45,"column":64}},"21":{"start":{"line":48,"column":19},"end":{"line":54,"column":8}},"22":{"start":{"line":56,"column":6},"end":{"line":56,"column":46}},"23":{"start":{"line":58,"column":6},"end":{"line":58,"column":16}},"24":{"start":{"line":63,"column":4},"end":{"line":83,"column":5}},"25":{"start":{"line":64,"column":34},"end":{"line":64,"column":42}},"26":{"start":{"line":65,"column":6},"end":{"line":67,"column":7}},"27":{"start":{"line":66,"column":8},"end":{"line":66,"column":67}},"28":{"start":{"line":69,"column":19},"end":{"line":71,"column":8}},"29":{"start":{"line":72,"column":6},"end":{"line":74,"column":7}},"30":{"start":{"line":73,"column":8},"end":{"line":73,"column":62}},"31":{"start":{"line":76,"column":26},"end":{"line":76,"column":73}},"32":{"start":{"line":77,"column":6},"end":{"line":80,"column":9}},"33":{"start":{"line":82,"column":6},"end":{"line":82,"column":16}},"34":{"start":{"line":87,"column":4},"end":{"line":115,"column":5}},"35":{"start":{"line":88,"column":26},"end":{"line":88,"column":34}},"36":{"start":{"line":89,"column":6},"end":{"line":91,"column":7}},"37":{"start":{"line":90,"column":8},"end":{"line":90,"column":61}},"38":{"start":{"line":93,"column":22},"end":{"line":93,"column":56}},"39":{"start":{"line":94,"column":17},"end":{"line":96,"column":8}},"40":{"start":{"line":98,"column":6},"end":{"line":106,"column":7}},"41":{"start":{"line":99,"column":8},"end":{"line":105,"column":11}},"42":{"start":{"line":108,"column":26},"end":{"line":108,"column":73}},"43":{"start":{"line":109,"column":6},"end":{"line":112,"column":9}},"44":{"start":{"line":114,"column":6},"end":{"line":114,"column":16}},"45":{"start":{"line":119,"column":4},"end":{"line":123,"column":5}},"46":{"start":{"line":120,"column":6},"end":{"line":120,"column":45}},"47":{"start":{"line":122,"column":6},"end":{"line":122,"column":16}},"48":{"start":{"line":127,"column":4},"end":{"line":153,"column":5}},"49":{"start":{"line":128,"column":19},"end":{"line":128,"column":51}},"50":{"start":{"line":129,"column":6},"end":{"line":129,"column":75}},"51":{"start":{"line":129,"column":17},"end":{"line":129,"column":75}},"52":{"start":{"line":131,"column":40},"end":{"line":131,"column":48}},"53":{"start":{"line":132,"column":6},"end":{"line":136,"column":7}},"54":{"start":{"line":133,"column":24},"end":{"line":133,"column":43}},"55":{"start":{"line":134,"column":8},"end":{"line":134,"column":67}},"56":{"start":{"line":134,"column":22},"end":{"line":134,"column":67}},"57":{"start":{"line":135,"column":8},"end":{"line":135,"column":28}},"58":{"start":{"line":137,"column":6},"end":{"line":141,"column":7}},"59":{"start":{"line":138,"column":24},"end":{"line":138,"column":44}},"60":{"start":{"line":139,"column":8},"end":{"line":139,"column":71}},"61":{"start":{"line":139,"column":22},"end":{"line":139,"column":71}},"62":{"start":{"line":140,"column":8},"end":{"line":140,"column":29}},"63":{"start":{"line":142,"column":6},"end":{"line":147,"column":7}},"64":{"start":{"line":143,"column":8},"end":{"line":145,"column":9}},"65":{"start":{"line":144,"column":10},"end":{"line":144,"column":66}},"66":{"start":{"line":146,"column":8},"end":{"line":146,"column":51}},"67":{"start":{"line":149,"column":6},"end":{"line":149,"column":24}},"68":{"start":{"line":150,"column":6},"end":{"line":150,"column":41}},"69":{"start":{"line":152,"column":6},"end":{"line":152,"column":16}},"70":{"start":{"line":157,"column":0},"end":{"line":157,"column":32}}},"fnMap":{"0":{"name":"publicUser","decl":{"start":{"line":9,"column":9},"end":{"line":9,"column":19}},"loc":{"start":{"line":9,"column":26},"end":{"line":16,"column":1}},"line":9},"1":{"name":"mePayload","decl":{"start":{"line":18,"column":15},"end":{"line":18,"column":24}},"loc":{"start":{"line":18,"column":33},"end":{"line":35,"column":1}},"line":18},"2":{"name":"(anonymous_2)","decl":{"start":{"line":38,"column":2},"end":{"line":38,"column":3}},"loc":{"start":{"line":38,"column":40},"end":{"line":60,"column":3}},"line":38},"3":{"name":"(anonymous_3)","decl":{"start":{"line":62,"column":2},"end":{"line":62,"column":3}},"loc":{"start":{"line":62,"column":37},"end":{"line":84,"column":3}},"line":62},"4":{"name":"(anonymous_4)","decl":{"start":{"line":86,"column":2},"end":{"line":86,"column":3}},"loc":{"start":{"line":86,"column":43},"end":{"line":116,"column":3}},"line":86},"5":{"name":"(anonymous_5)","decl":{"start":{"line":118,"column":2},"end":{"line":118,"column":3}},"loc":{"start":{"line":118,"column":34},"end":{"line":124,"column":3}},"line":118},"6":{"name":"(anonymous_6)","decl":{"start":{"line":126,"column":2},"end":{"line":126,"column":3}},"loc":{"start":{"line":126,"column":40},"end":{"line":154,"column":3}},"line":126}},"branchMap":{"0":{"loc":{"start":{"line":22,"column":2},"end":{"line":22,"column":71}},"type":"if","locations":[{"start":{"line":22,"column":2},"end":{"line":22,"column":71}},{"start":{},"end":{}}],"line":22},"1":{"loc":{"start":{"line":25,"column":2},"end":{"line":33,"column":3}},"type":"if","locations":[{"start":{"line":25,"column":2},"end":{"line":33,"column":3}},{"start":{},"end":{}}],"line":25},"2":{"loc":{"start":{"line":41,"column":6},"end":{"line":43,"column":7}},"type":"if","locations":[{"start":{"line":41,"column":6},"end":{"line":43,"column":7}},{"start":{},"end":{}}],"line":41},"3":{"loc":{"start":{"line":41,"column":10},"end":{"line":41,"column":48}},"type":"binary-expr","locations":[{"start":{"line":41,"column":10},"end":{"line":41,"column":15}},{"start":{"line":41,"column":19},"end":{"line":41,"column":25}},{"start":{"line":41,"column":29},"end":{"line":41,"column":38}},{"start":{"line":41,"column":42},"end":{"line":41,"column":48}}],"line":41},"4":{"loc":{"start":{"line":44,"column":6},"end":{"line":46,"column":7}},"type":"if","locations":[{"start":{"line":44,"column":6},"end":{"line":46,"column":7}},{"start":{},"end":{}}],"line":44},"5":{"loc":{"start":{"line":65,"column":6},"end":{"line":67,"column":7}},"type":"if","locations":[{"start":{"line":65,"column":6},"end":{"line":67,"column":7}},{"start":{},"end":{}}],"line":65},"6":{"loc":{"start":{"line":65,"column":10},"end":{"line":65,"column":29}},"type":"binary-expr","locations":[{"start":{"line":65,"column":10},"end":{"line":65,"column":16}},{"start":{"line":65,"column":20},"end":{"line":65,"column":29}}],"line":65},"7":{"loc":{"start":{"line":72,"column":6},"end":{"line":74,"column":7}},"type":"if","locations":[{"start":{"line":72,"column":6},"end":{"line":74,"column":7}},{"start":{},"end":{}}],"line":72},"8":{"loc":{"start":{"line":72,"column":10},"end":{"line":72,"column":64}},"type":"binary-expr","locations":[{"start":{"line":72,"column":10},"end":{"line":72,"column":15}},{"start":{"line":72,"column":19},"end":{"line":72,"column":64}}],"line":72},"9":{"loc":{"start":{"line":89,"column":6},"end":{"line":91,"column":7}},"type":"if","locations":[{"start":{"line":89,"column":6},"end":{"line":91,"column":7}},{"start":{},"end":{}}],"line":89},"10":{"loc":{"start":{"line":98,"column":6},"end":{"line":106,"column":7}},"type":"if","locations":[{"start":{"line":98,"column":6},"end":{"line":106,"column":7}},{"start":{},"end":{}}],"line":98},"11":{"loc":{"start":{"line":129,"column":6},"end":{"line":129,"column":75}},"type":"if","locations":[{"start":{"line":129,"column":6},"end":{"line":129,"column":75}},{"start":{},"end":{}}],"line":129},"12":{"loc":{"start":{"line":132,"column":6},"end":{"line":136,"column":7}},"type":"if","locations":[{"start":{"line":132,"column":6},"end":{"line":136,"column":7}},{"start":{},"end":{}}],"line":132},"13":{"loc":{"start":{"line":134,"column":8},"end":{"line":134,"column":67}},"type":"if","locations":[{"start":{"line":134,"column":8},"end":{"line":134,"column":67}},{"start":{},"end":{}}],"line":134},"14":{"loc":{"start":{"line":137,"column":6},"end":{"line":141,"column":7}},"type":"if","locations":[{"start":{"line":137,"column":6},"end":{"line":141,"column":7}},{"start":{},"end":{}}],"line":137},"15":{"loc":{"start":{"line":139,"column":8},"end":{"line":139,"column":71}},"type":"if","locations":[{"start":{"line":139,"column":8},"end":{"line":139,"column":71}},{"start":{},"end":{}}],"line":139},"16":{"loc":{"start":{"line":142,"column":6},"end":{"line":147,"column":7}},"type":"if","locations":[{"start":{"line":142,"column":6},"end":{"line":147,"column":7}},{"start":{},"end":{}}],"line":142},"17":{"loc":{"start":{"line":142,"column":10},"end":{"line":142,"column":63}},"type":"binary-expr","locations":[{"start":{"line":142,"column":10},"end":{"line":142,"column":32}},{"start":{"line":142,"column":36},"end":{"line":142,"column":63}}],"line":142},"18":{"loc":{"start":{"line":143,"column":8},"end":{"line":145,"column":9}},"type":"if","locations":[{"start":{"line":143,"column":8},"end":{"line":145,"column":9}},{"start":{},"end":{}}],"line":143}},"s":{"0":2,"1":2,"2":2,"3":2,"4":2,"5":2,"6":2,"7":4,"8":3,"9":3,"10":1,"11":2,"12":2,"13":1,"14":2,"15":3,"16":3,"17":3,"18":1,"19":2,"20":1,"21":1,"22":1,"23":2,"24":3,"25":3,"26":3,"27":1,"28":2,"29":2,"30":1,"31":1,"32":1,"33":2,"34":6,"35":6,"36":6,"37":2,"38":4,"39":3,"40":3,"41":1,"42":3,"43":3,"44":3,"45":2,"46":2,"47":1,"48":2,"49":2,"50":2,"51":0,"52":2,"53":2,"54":2,"55":2,"56":1,"57":1,"58":1,"59":1,"60":1,"61":0,"62":1,"63":1,"64":0,"65":0,"66":0,"67":1,"68":1,"69":1,"70":2},"f":{"0":4,"1":3,"2":3,"3":3,"4":6,"5":2,"6":2},"b":{"0":[1,2],"1":[1,1],"2":[1,2],"3":[3,2,2,2],"4":[1,1],"5":[1,2],"6":[3,2],"7":[1,1],"8":[2,1],"9":[2,4],"10":[1,2],"11":[0,2],"12":[2,0],"13":[1,1],"14":[1,0],"15":[0,1],"16":[0,1],"17":[1,0],"18":[0,0]},"_coverageSchema":"1a1c01bbd47fc00a2c39e90264f33305004495a9","hash":"036464d965c5f6db1e4a2859d41e81785faccf94"}
,"D:\\hacktiv8\\phase 2\\Group Project\\MediFlow\\Server\\controllers\\chatController.js": {"path":"D:\\hacktiv8\\phase 2\\Group Project\\MediFlow\\Server\\controllers\\chatController.js","statementMap":{"0":{"start":{"line":1,"column":15},"end":{"line":1,"column":35}},"1":{"start":{"line":8,"column":4},"end":{"line":8,"column":24}},"2":{"start":{"line":9,"column":18},"end":{"line":9,"column":49}},"3":{"start":{"line":10,"column":18},"end":{"line":10,"column":49}},"4":{"start":{"line":11,"column":23},"end":{"line":11,"column":49}},"5":{"start":{"line":12,"column":43},"end":{"line":12,"column":75}},"6":{"start":{"line":13,"column":42},"end":{"line":13,"column":68}},"7":{"start":{"line":16,"column":13},"end":{"line":16,"column":31}},"8":{"start":{"line":17,"column":2},"end":{"line":25,"column":4}},"9":{"start":{"line":29,"column":22},"end":{"line":34,"column":4}},"10":{"start":{"line":35,"column":2},"end":{"line":35,"column":75}},"11":{"start":{"line":35,"column":20},"end":{"line":35,"column":75}},"12":{"start":{"line":36,"column":2},"end":{"line":36,"column":21}},"13":{"start":{"line":40,"column":2},"end":{"line":42,"column":3}},"14":{"start":{"line":41,"column":4},"end":{"line":41,"column":11}},"15":{"start":{"line":43,"column":2},"end":{"line":47,"column":3}},"16":{"start":{"line":44,"column":4},"end":{"line":44,"column":59}},"17":{"start":{"line":44,"column":52},"end":{"line":44,"column":59}},"18":{"start":{"line":45,"column":19},"end":{"line":45,"column":75}},"19":{"start":{"line":46,"column":4},"end":{"line":46,"column":61}},"20":{"start":{"line":46,"column":54},"end":{"line":46,"column":61}},"21":{"start":{"line":48,"column":2},"end":{"line":48,"column":56}},"22":{"start":{"line":52,"column":2},"end":{"line":54,"column":3}},"23":{"start":{"line":53,"column":4},"end":{"line":53,"column":54}},"24":{"start":{"line":55,"column":2},"end":{"line":55,"column":47}},"25":{"start":{"line":59,"column":2},"end":{"line":61,"column":3}},"26":{"start":{"line":60,"column":4},"end":{"line":60,"column":46}},"27":{"start":{"line":62,"column":2},"end":{"line":62,"column":14}},"28":{"start":{"line":66,"column":2},"end":{"line":68,"column":3}},"29":{"start":{"line":67,"column":4},"end":{"line":67,"column":78}},"30":{"start":{"line":69,"column":2},"end":{"line":69,"column":66}},"31":{"start":{"line":73,"column":12},"end":{"line":73,"column":25}},"32":{"start":{"line":74,"column":2},"end":{"line":74,"column":49}},"33":{"start":{"line":78,"column":16},"end":{"line":78,"column":69}},"34":{"start":{"line":79,"column":2},"end":{"line":79,"column":27}},"35":{"start":{"line":83,"column":15},"end":{"line":83,"column":34}},"36":{"start":{"line":84,"column":15},"end":{"line":86,"column":11}},"37":{"start":{"line":87,"column":16},"end":{"line":87,"column":63}},"38":{"start":{"line":87,"column":35},"end":{"line":87,"column":62}},"39":{"start":{"line":88,"column":2},"end":{"line":88,"column":26}},"40":{"start":{"line":88,"column":13},"end":{"line":88,"column":26}},"41":{"start":{"line":90,"column":24},"end":{"line":90,"column":59}},"42":{"start":{"line":91,"column":2},"end":{"line":91,"column":34}},"43":{"start":{"line":91,"column":22},"end":{"line":91,"column":34}},"44":{"start":{"line":92,"column":2},"end":{"line":94,"column":4}},"45":{"start":{"line":93,"column":23},"end":{"line":93,"column":67}},"46":{"start":{"line":98,"column":2},"end":{"line":98,"column":51}},"47":{"start":{"line":98,"column":39},"end":{"line":98,"column":51}},"48":{"start":{"line":99,"column":17},"end":{"line":99,"column":47}},"49":{"start":{"line":100,"column":2},"end":{"line":100,"column":40}},"50":{"start":{"line":100,"column":28},"end":{"line":100,"column":40}},"51":{"start":{"line":101,"column":14},"end":{"line":101,"column":15}},"52":{"start":{"line":102,"column":2},"end":{"line":107,"column":3}},"53":{"start":{"line":103,"column":20},"end":{"line":103,"column":57}},"54":{"start":{"line":104,"column":4},"end":{"line":104,"column":67}},"55":{"start":{"line":104,"column":58},"end":{"line":104,"column":67}},"56":{"start":{"line":105,"column":15},"end":{"line":105,"column":33}},"57":{"start":{"line":106,"column":4},"end":{"line":106,"column":31}},"58":{"start":{"line":106,"column":20},"end":{"line":106,"column":31}},"59":{"start":{"line":108,"column":2},"end":{"line":108,"column":27}},"60":{"start":{"line":112,"column":17},"end":{"line":112,"column":56}},"61":{"start":{"line":113,"column":2},"end":{"line":113,"column":28}},"62":{"start":{"line":113,"column":14},"end":{"line":113,"column":28}},"63":{"start":{"line":114,"column":19},"end":{"line":114,"column":73}},"64":{"start":{"line":115,"column":2},"end":{"line":120,"column":3}},"65":{"start":{"line":116,"column":4},"end":{"line":118,"column":5}},"66":{"start":{"line":117,"column":6},"end":{"line":117,"column":61}},"67":{"start":{"line":119,"column":4},"end":{"line":119,"column":20}},"68":{"start":{"line":121,"column":2},"end":{"line":121,"column":14}},"69":{"start":{"line":125,"column":2},"end":{"line":125,"column":63}},"70":{"start":{"line":125,"column":42},"end":{"line":125,"column":63}},"71":{"start":{"line":126,"column":2},"end":{"line":126,"column":22}},"72":{"start":{"line":131,"column":4},"end":{"line":206,"column":5}},"73":{"start":{"line":132,"column":6},"end":{"line":134,"column":7}},"74":{"start":{"line":133,"column":8},"end":{"line":133,"column":69}},"75":{"start":{"line":136,"column":20},"end":{"line":136,"column":22}},"76":{"start":{"line":137,"column":6},"end":{"line":145,"column":7}},"77":{"start":{"line":138,"column":8},"end":{"line":138,"column":38}},"78":{"start":{"line":139,"column":13},"end":{"line":145,"column":7}},"79":{"start":{"line":140,"column":23},"end":{"line":140,"column":79}},"80":{"start":{"line":141,"column":8},"end":{"line":141,"column":79}},"81":{"start":{"line":141,"column":21},"end":{"line":141,"column":79}},"82":{"start":{"line":142,"column":8},"end":{"line":142,"column":35}},"83":{"start":{"line":144,"column":8},"end":{"line":144,"column":62}},"84":{"start":{"line":147,"column":27},"end":{"line":157,"column":8}},"85":{"start":{"line":159,"column":22},"end":{"line":159,"column":24}},"86":{"start":{"line":160,"column":6},"end":{"line":201,"column":7}},"87":{"start":{"line":161,"column":28},"end":{"line":167,"column":10}},"88":{"start":{"line":168,"column":25},"end":{"line":170,"column":10}},"89":{"start":{"line":171,"column":28},"end":{"line":174,"column":9}},"90":{"start":{"line":175,"column":27},"end":{"line":175,"column":66}},"91":{"start":{"line":176,"column":8},"end":{"line":180,"column":9}},"92":{"start":{"line":177,"column":10},"end":{"line":177,"column":51}},"93":{"start":{"line":178,"column":15},"end":{"line":180,"column":9}},"94":{"start":{"line":179,"column":10},"end":{"line":179,"column":67}},"95":{"start":{"line":181,"column":28},"end":{"line":181,"column":71}},"96":{"start":{"line":183,"column":8},"end":{"line":200,"column":11}},"97":{"start":{"line":203,"column":6},"end":{"line":203,"column":36}},"98":{"start":{"line":205,"column":6},"end":{"line":205,"column":16}},"99":{"start":{"line":210,"column":4},"end":{"line":242,"column":5}},"100":{"start":{"line":211,"column":26},"end":{"line":211,"column":66}},"101":{"start":{"line":212,"column":6},"end":{"line":212,"column":52}},"102":{"start":{"line":214,"column":23},"end":{"line":220,"column":15}},"103":{"start":{"line":222,"column":30},"end":{"line":222,"column":73}},"104":{"start":{"line":223,"column":32},"end":{"line":227,"column":7}},"105":{"start":{"line":229,"column":6},"end":{"line":239,"column":9}},"106":{"start":{"line":231,"column":10},"end":{"line":235,"column":11}},"107":{"start":{"line":241,"column":6},"end":{"line":241,"column":16}},"108":{"start":{"line":246,"column":4},"end":{"line":273,"column":5}},"109":{"start":{"line":247,"column":26},"end":{"line":247,"column":66}},"110":{"start":{"line":248,"column":6},"end":{"line":248,"column":52}},"111":{"start":{"line":250,"column":6},"end":{"line":252,"column":7}},"112":{"start":{"line":251,"column":8},"end":{"line":251,"column":62}},"113":{"start":{"line":254,"column":19},"end":{"line":254,"column":80}},"114":{"start":{"line":255,"column":6},"end":{"line":255,"column":70}},"115":{"start":{"line":255,"column":17},"end":{"line":255,"column":70}},"116":{"start":{"line":256,"column":6},"end":{"line":256,"column":87}},"117":{"start":{"line":256,"column":30},"end":{"line":256,"column":87}},"118":{"start":{"line":258,"column":22},"end":{"line":262,"column":8}},"119":{"start":{"line":264,"column":22},"end":{"line":264,"column":68}},"120":{"start":{"line":265,"column":6},"end":{"line":268,"column":9}},"121":{"start":{"line":270,"column":6},"end":{"line":270,"column":36}},"122":{"start":{"line":272,"column":6},"end":{"line":272,"column":16}},"123":{"start":{"line":277,"column":4},"end":{"line":319,"column":5}},"124":{"start":{"line":278,"column":26},"end":{"line":278,"column":66}},"125":{"start":{"line":279,"column":6},"end":{"line":279,"column":52}},"126":{"start":{"line":281,"column":25},"end":{"line":281,"column":35}},"127":{"start":{"line":282,"column":32},"end":{"line":282,"column":69}},"128":{"start":{"line":283,"column":34},"end":{"line":286,"column":8}},"129":{"start":{"line":287,"column":6},"end":{"line":301,"column":7}},"130":{"start":{"line":288,"column":22},"end":{"line":288,"column":24}},"131":{"start":{"line":289,"column":23},"end":{"line":291,"column":13}},"132":{"start":{"line":292,"column":8},"end":{"line":292,"column":73}},"133":{"start":{"line":292,"column":43},"end":{"line":292,"column":73}},"134":{"start":{"line":293,"column":23},"end":{"line":293,"column":66}},"135":{"start":{"line":294,"column":8},"end":{"line":296,"column":9}},"136":{"start":{"line":295,"column":10},"end":{"line":295,"column":54}},"137":{"start":{"line":297,"column":8},"end":{"line":300,"column":9}},"138":{"start":{"line":298,"column":10},"end":{"line":298,"column":39}},"139":{"start":{"line":299,"column":10},"end":{"line":299,"column":41}},"140":{"start":{"line":303,"column":21},"end":{"line":303,"column":40}},"141":{"start":{"line":304,"column":28},"end":{"line":304,"column":66}},"142":{"start":{"line":305,"column":6},"end":{"line":309,"column":9}},"143":{"start":{"line":311,"column":6},"end":{"line":316,"column":9}},"144":{"start":{"line":318,"column":6},"end":{"line":318,"column":16}},"145":{"start":{"line":323,"column":0},"end":{"line":323,"column":32}}},"fnMap":{"0":{"name":"serializeMessage","decl":{"start":{"line":15,"column":9},"end":{"line":15,"column":25}},"loc":{"start":{"line":15,"column":73},"end":{"line":26,"column":1}},"line":15},"1":{"name":"loadChatAppointment","decl":{"start":{"line":28,"column":15},"end":{"line":28,"column":34}},"loc":{"start":{"line":28,"column":50},"end":{"line":37,"column":1}},"line":28},"2":{"name":"assertChatParticipant","decl":{"start":{"line":39,"column":15},"end":{"line":39,"column":36}},"loc":{"start":{"line":39,"column":55},"end":{"line":49,"column":1}},"line":39},"3":{"name":"counterpartName","decl":{"start":{"line":51,"column":9},"end":{"line":51,"column":24}},"loc":{"start":{"line":51,"column":43},"end":{"line":56,"column":1}},"line":51},"4":{"name":"counterpartImgUrl","decl":{"start":{"line":58,"column":9},"end":{"line":58,"column":26}},"loc":{"start":{"line":58,"column":45},"end":{"line":63,"column":1}},"line":58},"5":{"name":"counterpartUserId","decl":{"start":{"line":65,"column":9},"end":{"line":65,"column":26}},"loc":{"start":{"line":65,"column":45},"end":{"line":70,"column":1}},"line":65},"6":{"name":"positiveId","decl":{"start":{"line":72,"column":9},"end":{"line":72,"column":19}},"loc":{"start":{"line":72,"column":27},"end":{"line":75,"column":1}},"line":72},"7":{"name":"latestMessageId","decl":{"start":{"line":77,"column":15},"end":{"line":77,"column":30}},"loc":{"start":{"line":77,"column":46},"end":{"line":80,"column":1}},"line":77},"8":{"name":"findCounterpartRead","decl":{"start":{"line":82,"column":15},"end":{"line":82,"column":34}},"loc":{"start":{"line":82,"column":53},"end":{"line":95,"column":1}},"line":82},"9":{"name":"(anonymous_9)","decl":{"start":{"line":87,"column":26},"end":{"line":87,"column":27}},"loc":{"start":{"line":87,"column":35},"end":{"line":87,"column":62}},"line":87},"10":{"name":"(anonymous_10)","decl":{"start":{"line":93,"column":14},"end":{"line":93,"column":15}},"loc":{"start":{"line":93,"column":23},"end":{"line":93,"column":67}},"line":93},"11":{"name":"lastReadIdFromMessages","decl":{"start":{"line":97,"column":9},"end":{"line":97,"column":31}},"loc":{"start":{"line":97,"column":54},"end":{"line":109,"column":1}},"line":97},"12":{"name":"counterpartLastReadMessageId","decl":{"start":{"line":111,"column":15},"end":{"line":111,"column":43}},"loc":{"start":{"line":111,"column":79},"end":{"line":122,"column":1}},"line":111},"13":{"name":"senderRoleFor","decl":{"start":{"line":124,"column":9},"end":{"line":124,"column":22}},"loc":{"start":{"line":124,"column":46},"end":{"line":127,"column":1}},"line":124},"14":{"name":"(anonymous_14)","decl":{"start":{"line":130,"column":2},"end":{"line":130,"column":3}},"loc":{"start":{"line":130,"column":37},"end":{"line":207,"column":3}},"line":130},"15":{"name":"(anonymous_15)","decl":{"start":{"line":209,"column":2},"end":{"line":209,"column":3}},"loc":{"start":{"line":209,"column":44},"end":{"line":243,"column":3}},"line":209},"16":{"name":"(anonymous_16)","decl":{"start":{"line":230,"column":31},"end":{"line":230,"column":32}},"loc":{"start":{"line":231,"column":10},"end":{"line":235,"column":11}},"line":231},"17":{"name":"(anonymous_17)","decl":{"start":{"line":245,"column":2},"end":{"line":245,"column":3}},"loc":{"start":{"line":245,"column":45},"end":{"line":274,"column":3}},"line":245},"18":{"name":"(anonymous_18)","decl":{"start":{"line":276,"column":2},"end":{"line":276,"column":3}},"loc":{"start":{"line":276,"column":40},"end":{"line":320,"column":3}},"line":276}},"branchMap":{"0":{"loc":{"start":{"line":15,"column":47},"end":{"line":15,"column":71}},"type":"default-arg","locations":[{"start":{"line":15,"column":67},"end":{"line":15,"column":71}}],"line":15},"1":{"loc":{"start":{"line":24,"column":18},"end":{"line":24,"column":62}},"type":"binary-expr","locations":[{"start":{"line":24,"column":18},"end":{"line":24,"column":35}},{"start":{"line":24,"column":39},"end":{"line":24,"column":62}}],"line":24},"2":{"loc":{"start":{"line":35,"column":2},"end":{"line":35,"column":75}},"type":"if","locations":[{"start":{"line":35,"column":2},"end":{"line":35,"column":75}},{"start":{},"end":{}}],"line":35},"3":{"loc":{"start":{"line":40,"column":2},"end":{"line":42,"column":3}},"type":"if","locations":[{"start":{"line":40,"column":2},"end":{"line":42,"column":3}},{"start":{},"end":{}}],"line":40},"4":{"loc":{"start":{"line":40,"column":6},"end":{"line":40,"column":78}},"type":"binary-expr","locations":[{"start":{"line":40,"column":6},"end":{"line":40,"column":37}},{"start":{"line":40,"column":41},"end":{"line":40,"column":78}}],"line":40},"5":{"loc":{"start":{"line":43,"column":2},"end":{"line":47,"column":3}},"type":"if","locations":[{"start":{"line":43,"column":2},"end":{"line":47,"column":3}},{"start":{},"end":{}}],"line":43},"6":{"loc":{"start":{"line":44,"column":4},"end":{"line":44,"column":59}},"type":"if","locations":[{"start":{"line":44,"column":4},"end":{"line":44,"column":59}},{"start":{},"end":{}}],"line":44},"7":{"loc":{"start":{"line":46,"column":4},"end":{"line":46,"column":61}},"type":"if","locations":[{"start":{"line":46,"column":4},"end":{"line":46,"column":61}},{"start":{},"end":{}}],"line":46},"8":{"loc":{"start":{"line":46,"column":8},"end":{"line":46,"column":52}},"type":"binary-expr","locations":[{"start":{"line":46,"column":8},"end":{"line":46,"column":14}},{"start":{"line":46,"column":18},"end":{"line":46,"column":52}}],"line":46},"9":{"loc":{"start":{"line":52,"column":2},"end":{"line":54,"column":3}},"type":"if","locations":[{"start":{"line":52,"column":2},"end":{"line":54,"column":3}},{"start":{},"end":{}}],"line":52},"10":{"loc":{"start":{"line":53,"column":11},"end":{"line":53,"column":53}},"type":"binary-expr","locations":[{"start":{"line":53,"column":11},"end":{"line":53,"column":41}},{"start":{"line":53,"column":45},"end":{"line":53,"column":53}}],"line":53},"11":{"loc":{"start":{"line":55,"column":9},"end":{"line":55,"column":46}},"type":"binary-expr","locations":[{"start":{"line":55,"column":9},"end":{"line":55,"column":34}},{"start":{"line":55,"column":38},"end":{"line":55,"column":46}}],"line":55},"12":{"loc":{"start":{"line":59,"column":2},"end":{"line":61,"column":3}},"type":"if","locations":[{"start":{"line":59,"column":2},"end":{"line":61,"column":3}},{"start":{},"end":{}}],"line":59},"13":{"loc":{"start":{"line":60,"column":11},"end":{"line":60,"column":45}},"type":"binary-expr","locations":[{"start":{"line":60,"column":11},"end":{"line":60,"column":37}},{"start":{"line":60,"column":41},"end":{"line":60,"column":45}}],"line":60},"14":{"loc":{"start":{"line":66,"column":2},"end":{"line":68,"column":3}},"type":"if","locations":[{"start":{"line":66,"column":2},"end":{"line":68,"column":3}},{"start":{},"end":{}}],"line":66},"15":{"loc":{"start":{"line":67,"column":11},"end":{"line":67,"column":77}},"type":"binary-expr","locations":[{"start":{"line":67,"column":11},"end":{"line":67,"column":37}},{"start":{"line":67,"column":41},"end":{"line":67,"column":69}},{"start":{"line":67,"column":73},"end":{"line":67,"column":77}}],"line":67},"16":{"loc":{"start":{"line":69,"column":9},"end":{"line":69,"column":65}},"type":"binary-expr","locations":[{"start":{"line":69,"column":9},"end":{"line":69,"column":30}},{"start":{"line":69,"column":34},"end":{"line":69,"column":57}},{"start":{"line":69,"column":61},"end":{"line":69,"column":65}}],"line":69},"17":{"loc":{"start":{"line":74,"column":9},"end":{"line":74,"column":48}},"type":"cond-expr","locations":[{"start":{"line":74,"column":40},"end":{"line":74,"column":41}},{"start":{"line":74,"column":44},"end":{"line":74,"column":48}}],"line":74},"18":{"loc":{"start":{"line":74,"column":9},"end":{"line":74,"column":37}},"type":"binary-expr","locations":[{"start":{"line":74,"column":9},"end":{"line":74,"column":28}},{"start":{"line":74,"column":32},"end":{"line":74,"column":37}}],"line":74},"19":{"loc":{"start":{"line":84,"column":15},"end":{"line":86,"column":11}},"type":"binary-expr","locations":[{"start":{"line":84,"column":16},"end":{"line":86,"column":4}},{"start":{"line":86,"column":9},"end":{"line":86,"column":11}}],"line":84},"20":{"loc":{"start":{"line":88,"column":2},"end":{"line":88,"column":26}},"type":"if","locations":[{"start":{"line":88,"column":2},"end":{"line":88,"column":26}},{"start":{},"end":{}}],"line":88},"21":{"loc":{"start":{"line":91,"column":2},"end":{"line":91,"column":34}},"type":"if","locations":[{"start":{"line":91,"column":2},"end":{"line":91,"column":34}},{"start":{},"end":{}}],"line":91},"22":{"loc":{"start":{"line":93,"column":4},"end":{"line":93,"column":76}},"type":"binary-expr","locations":[{"start":{"line":93,"column":4},"end":{"line":93,"column":68}},{"start":{"line":93,"column":72},"end":{"line":93,"column":76}}],"line":93},"23":{"loc":{"start":{"line":98,"column":2},"end":{"line":98,"column":51}},"type":"if","locations":[{"start":{"line":98,"column":2},"end":{"line":98,"column":51}},{"start":{},"end":{}}],"line":98},"24":{"loc":{"start":{"line":98,"column":6},"end":{"line":98,"column":37}},"type":"binary-expr","locations":[{"start":{"line":98,"column":6},"end":{"line":98,"column":17}},{"start":{"line":98,"column":21},"end":{"line":98,"column":37}}],"line":98},"25":{"loc":{"start":{"line":100,"column":2},"end":{"line":100,"column":40}},"type":"if","locations":[{"start":{"line":100,"column":2},"end":{"line":100,"column":40}},{"start":{},"end":{}}],"line":100},"26":{"loc":{"start":{"line":104,"column":4},"end":{"line":104,"column":67}},"type":"if","locations":[{"start":{"line":104,"column":4},"end":{"line":104,"column":67}},{"start":{},"end":{}}],"line":104},"27":{"loc":{"start":{"line":104,"column":8},"end":{"line":104,"column":56}},"type":"binary-expr","locations":[{"start":{"line":104,"column":8},"end":{"line":104,"column":29}},{"start":{"line":104,"column":33},"end":{"line":104,"column":56}}],"line":104},"28":{"loc":{"start":{"line":106,"column":4},"end":{"line":106,"column":31}},"type":"if","locations":[{"start":{"line":106,"column":4},"end":{"line":106,"column":31}},{"start":{},"end":{}}],"line":106},"29":{"loc":{"start":{"line":113,"column":2},"end":{"line":113,"column":28}},"type":"if","locations":[{"start":{"line":113,"column":2},"end":{"line":113,"column":28}},{"start":{},"end":{}}],"line":113},"30":{"loc":{"start":{"line":115,"column":2},"end":{"line":120,"column":3}},"type":"if","locations":[{"start":{"line":115,"column":2},"end":{"line":120,"column":3}},{"start":{},"end":{}}],"line":115},"31":{"loc":{"start":{"line":116,"column":4},"end":{"line":118,"column":5}},"type":"if","locations":[{"start":{"line":116,"column":4},"end":{"line":118,"column":5}},{"start":{},"end":{}}],"line":116},"32":{"loc":{"start":{"line":125,"column":2},"end":{"line":125,"column":63}},"type":"if","locations":[{"start":{"line":125,"column":2},"end":{"line":125,"column":63}},{"start":{},"end":{}}],"line":125},"33":{"loc":{"start":{"line":132,"column":6},"end":{"line":134,"column":7}},"type":"if","locations":[{"start":{"line":132,"column":6},"end":{"line":134,"column":7}},{"start":{},"end":{}}],"line":132},"34":{"loc":{"start":{"line":137,"column":6},"end":{"line":145,"column":7}},"type":"if","locations":[{"start":{"line":137,"column":6},"end":{"line":145,"column":7}},{"start":{"line":139,"column":13},"end":{"line":145,"column":7}}],"line":137},"35":{"loc":{"start":{"line":139,"column":13},"end":{"line":145,"column":7}},"type":"if","locations":[{"start":{"line":139,"column":13},"end":{"line":145,"column":7}},{"start":{"line":143,"column":13},"end":{"line":145,"column":7}}],"line":139},"36":{"loc":{"start":{"line":141,"column":8},"end":{"line":141,"column":79}},"type":"if","locations":[{"start":{"line":141,"column":8},"end":{"line":141,"column":79}},{"start":{},"end":{}}],"line":141},"37":{"loc":{"start":{"line":176,"column":8},"end":{"line":180,"column":9}},"type":"if","locations":[{"start":{"line":176,"column":8},"end":{"line":180,"column":9}},{"start":{"line":178,"column":15},"end":{"line":180,"column":9}}],"line":176},"38":{"loc":{"start":{"line":178,"column":15},"end":{"line":180,"column":9}},"type":"if","locations":[{"start":{"line":178,"column":15},"end":{"line":180,"column":9}},{"start":{},"end":{}}],"line":178},"39":{"loc":{"start":{"line":188,"column":23},"end":{"line":195,"column":18}},"type":"cond-expr","locations":[{"start":{"line":189,"column":14},"end":{"line":194,"column":15}},{"start":{"line":195,"column":14},"end":{"line":195,"column":18}}],"line":188},"40":{"loc":{"start":{"line":214,"column":23},"end":{"line":220,"column":15}},"type":"binary-expr","locations":[{"start":{"line":214,"column":24},"end":{"line":220,"column":8}},{"start":{"line":220,"column":13},"end":{"line":220,"column":15}}],"line":214},"41":{"loc":{"start":{"line":237,"column":31},"end":{"line":237,"column":66}},"type":"binary-expr","locations":[{"start":{"line":237,"column":31},"end":{"line":237,"column":58}},{"start":{"line":237,"column":62},"end":{"line":237,"column":66}}],"line":237},"42":{"loc":{"start":{"line":250,"column":6},"end":{"line":252,"column":7}},"type":"if","locations":[{"start":{"line":250,"column":6},"end":{"line":252,"column":7}},{"start":{},"end":{}}],"line":250},"43":{"loc":{"start":{"line":254,"column":19},"end":{"line":254,"column":80}},"type":"cond-expr","locations":[{"start":{"line":254,"column":55},"end":{"line":254,"column":75}},{"start":{"line":254,"column":78},"end":{"line":254,"column":80}}],"line":254},"44":{"loc":{"start":{"line":255,"column":6},"end":{"line":255,"column":70}},"type":"if","locations":[{"start":{"line":255,"column":6},"end":{"line":255,"column":70}},{"start":{},"end":{}}],"line":255},"45":{"loc":{"start":{"line":256,"column":6},"end":{"line":256,"column":87}},"type":"if","locations":[{"start":{"line":256,"column":6},"end":{"line":256,"column":87}},{"start":{},"end":{}}],"line":256},"46":{"loc":{"start":{"line":287,"column":6},"end":{"line":301,"column":7}},"type":"if","locations":[{"start":{"line":287,"column":6},"end":{"line":301,"column":7}},{"start":{},"end":{}}],"line":287},"47":{"loc":{"start":{"line":289,"column":23},"end":{"line":291,"column":13}},"type":"cond-expr","locations":[{"start":{"line":290,"column":12},"end":{"line":290,"column":51}},{"start":{"line":291,"column":12},"end":{"line":291,"column":13}}],"line":289},"48":{"loc":{"start":{"line":292,"column":8},"end":{"line":292,"column":73}},"type":"if","locations":[{"start":{"line":292,"column":8},"end":{"line":292,"column":73}},{"start":{},"end":{}}],"line":292},"49":{"loc":{"start":{"line":293,"column":23},"end":{"line":293,"column":66}},"type":"binary-expr","locations":[{"start":{"line":293,"column":23},"end":{"line":293,"column":61}},{"start":{"line":293,"column":65},"end":{"line":293,"column":66}}],"line":293},"50":{"loc":{"start":{"line":294,"column":8},"end":{"line":296,"column":9}},"type":"if","locations":[{"start":{"line":294,"column":8},"end":{"line":296,"column":9}},{"start":{},"end":{}}],"line":294},"51":{"loc":{"start":{"line":294,"column":12},"end":{"line":294,"column":59}},"type":"binary-expr","locations":[{"start":{"line":294,"column":12},"end":{"line":294,"column":29}},{"start":{"line":294,"column":33},"end":{"line":294,"column":59}}],"line":294},"52":{"loc":{"start":{"line":297,"column":8},"end":{"line":300,"column":9}},"type":"if","locations":[{"start":{"line":297,"column":8},"end":{"line":300,"column":9}},{"start":{},"end":{}}],"line":297}},"s":{"0":1,"1":1,"2":1,"3":1,"4":1,"5":1,"6":1,"7":0,"8":0,"9":0,"10":0,"11":0,"12":0,"13":0,"14":0,"15":0,"16":0,"17":0,"18":0,"19":0,"20":0,"21":0,"22":0,"23":0,"24":0,"25":0,"26":0,"27":0,"28":0,"29":0,"30":0,"31":0,"32":0,"33":0,"34":0,"35":0,"36":0,"37":0,"38":0,"39":0,"40":0,"41":0,"42":0,"43":0,"44":0,"45":0,"46":0,"47":0,"48":0,"49":0,"50":0,"51":0,"52":0,"53":0,"54":0,"55":0,"56":0,"57":0,"58":0,"59":0,"60":0,"61":0,"62":0,"63":0,"64":0,"65":0,"66":0,"67":0,"68":0,"69":0,"70":0,"71":0,"72":0,"73":0,"74":0,"75":0,"76":0,"77":0,"78":0,"79":0,"80":0,"81":0,"82":0,"83":0,"84":0,"85":0,"86":0,"87":0,"88":0,"89":0,"90":0,"91":0,"92":0,"93":0,"94":0,"95":0,"96":0,"97":0,"98":0,"99":0,"100":0,"101":0,"102":0,"103":0,"104":0,"105":0,"106":0,"107":0,"108":0,"109":0,"110":0,"111":0,"112":0,"113":0,"114":0,"115":0,"116":0,"117":0,"118":0,"119":0,"120":0,"121":0,"122":0,"123":0,"124":0,"125":0,"126":0,"127":0,"128":0,"129":0,"130":0,"131":0,"132":0,"133":0,"134":0,"135":0,"136":0,"137":0,"138":0,"139":0,"140":0,"141":0,"1
[...]
decl":{"start":{"line":34,"column":9},"end":{"line":34,"column":24}},"loc":{"start":{"line":34,"column":92},"end":{"line":47,"column":1}},"line":34},"7":{"name":"emitQueueCompleted","decl":{"start":{"line":49,"column":9},"end":{"line":49,"column":27}},"loc":{"start":{"line":49,"column":85},"end":{"line":61,"column":1}},"line":49},"8":{"name":"emitToChatAndUser","decl":{"start":{"line":63,"column":9},"end":{"line":63,"column":26}},"loc":{"start":{"line":63,"column":93},"end":{"line":81,"column":1}},"line":63},"9":{"name":"emitChatMessage","decl":{"start":{"line":83,"column":9},"end":{"line":83,"column":24}},"loc":{"start":{"line":83,"column":89},"end":{"line":90,"column":1}},"line":83},"10":{"name":"emitChatTyping","decl":{"start":{"line":92,"column":9},"end":{"line":92,"column":23}},"loc":{"start":{"line":96,"column":2},"end":{"line":109,"column":1}},"line":96},"11":{"name":"emitChatRead","decl":{"start":{"line":111,"column":9},"end":{"line":111,"column":21}},"loc":{"start":{"line":111,"column":80},"end":{"line":120,"column":1}},"line":111},"12":{"name":"emitNotification","decl":{"start":{"line":122,"column":9},"end":{"line":122,"column":25}},"loc":{"start":{"line":122,"column":40},"end":{"line":127,"column":1}},"line":122}},"branchMap":{"0":{"loc":{"start":{"line":43,"column":14},"end":{"line":43,"column":50}},"type":"binary-expr","locations":[{"start":{"line":43,"column":14},"end":{"line":43,"column":22}},{"start":{"line":43,"column":26},"end":{"line":43,"column":50}}],"line":43},"1":{"loc":{"start":{"line":65,"column":2},"end":{"line":65,"column":27}},"type":"if","locations":[{"start":{"line":65,"column":2},"end":{"line":65,"column":27}},{"start":{},"end":{}}],"line":65},"2":{"loc":{"start":{"line":67,"column":2},"end":{"line":71,"column":3}},"type":"if","locations":[{"start":{"line":67,"column":2},"end":{"line":71,"column":3}},{"start":{"line":69,"column":9},"end":{"line":71,"column":3}}],"line":67},"3":{"loc":{"start":{"line":72,"column":2},"end":{"line":79,"column":3}},"type":"if","locations":[{"start":{"line":72,"column":2},"end":{"line":79,"column":3}},{"start":{},"end":{}}],"line":72},"4":{"loc":{"start":{"line":74,"column":4},"end":{"line":78,"column":5}},"type":"if","locations":[{"start":{"line":74,"column":4},"end":{"line":78,"column":5}},{"start":{"line":76,"column":11},"end":{"line":78,"column":5}}],"line":74},"5":{"loc":{"start":{"line":83,"column":49},"end":{"line":83,"column":87}},"type":"default-arg","locations":[{"start":{"line":83,"column":85},"end":{"line":83,"column":87}}],"line":83},"6":{"loc":{"start":{"line":87,"column":16},"end":{"line":87,"column":57}},"type":"binary-expr","locations":[{"start":{"line":87,"column":16},"end":{"line":87,"column":26}},{"start":{"line":87,"column":30},"end":{"line":87,"column":49}},{"start":{"line":87,"column":53},"end":{"line":87,"column":57}}],"line":87},"7":{"loc":{"start":{"line":95,"column":2},"end":{"line":95,"column":44}},"type":"default-arg","locations":[{"start":{"line":95,"column":42},"end":{"line":95,"column":44}}],"line":95},"8":{"loc":{"start":{"line":116,"column":23},"end":{"line":116,"column":48}},"type":"binary-expr","locations":[{"start":{"line":116,"column":23},"end":{"line":116,"column":40}},{"start":{"line":116,"column":44},"end":{"line":116,"column":48}}],"line":116},"9":{"loc":{"start":{"line":124,"column":2},"end":{"line":124,"column":35}},"type":"if","locations":[{"start":{"line":124,"column":2},"end":{"line":124,"column":35}},{"start":{},"end":{}}],"line":124}},"s":{"0":1,"1":0,"2":0,"3":0,"4":0,"5":0,"6":0,"7":0,"8":0,"9":0,"10":0,"11":0,"12":0,"13":0,"14":0,"15":0,"16":0,"17":0,"18":0,"19":0,"20":0,"21":0,"22":0,"23":0,"24":0,"25":0,"26":0,"27":0,"28":0,"29":0,"30":0,"31":0,"32":0,"33":0,"34":0,"35":0,"36":0,"37":0,"38":0,"39":0,"40":0,"41":0,"42":0,"43":0,"44":0,"45":0,"46":0,"47":1},"f":{"0":0,"1":0,"2":0,"3":0,"4":0,"5":0,"6":0,"7":0,"8":0,"9":0,"10":0,"11":0,"12":0},"b":{"0":[0,0],"1":[0,0],"2":[0,0],"3":[0,0],"4":[0,0],"5":[0],"6":[0,0,0],"7":[0],"8":[0,0],"9":[0,0]},"_coverageSchema":"1a1c01bbd47fc00a2c39e90264f33305004495a9","hash":"d56966ce0e867d9c4fe6ff687db2e7e561336a6e"}
,"D:\\hacktiv8\\phase 2\\Group Project\\MediFlow\\Server\\sockets\\index.js": {"path":"D:\\hacktiv8\\phase 2\\Group Project\\MediFlow\\Server\\sockets\\index.js","statementMap":{"0":{"start":{"line":1,"column":19},"end":{"line":1,"column":39}},"1":{"start":{"line":2,"column":38},"end":{"line":2,"column":58}},"2":{"start":{"line":3,"column":24},"end":{"line":3,"column":49}},"3":{"start":{"line":4,"column":18},"end":{"line":4,"column":49}},"4":{"start":{"line":11,"column":4},"end":{"line":11,"column":21}},"5":{"start":{"line":14,"column":16},"end":{"line":14,"column":91}},"6":{"start":{"line":15,"column":2},"end":{"line":15,"column":26}},"7":{"start":{"line":15,"column":14},"end":{"line":15,"column":26}},"8":{"start":{"line":16,"column":2},"end":{"line":20,"column":4}},"9":{"start":{"line":24,"column":16},"end":{"line":24,"column":50}},"10":{"start":{"line":25,"column":2},"end":{"line":25,"column":26}},"11":{"start":{"line":25,"column":14},"end":{"line":25,"column":26}},"12":{"start":{"line":26,"column":2},"end":{"line":26,"column":45}},"13":{"start":{"line":30,"column":2},"end":{"line":30,"column":45}},"14":{"start":{"line":30,"column":33},"end":{"line":30,"column":45}},"15":{"start":{"line":32,"column":2},"end":{"line":35,"column":3}},"16":{"start":{"line":33,"column":19},"end":{"line":33,"column":71}},"17":{"start":{"line":34,"column":4},"end":{"line":34,"column":53}},"18":{"start":{"line":37,"column":2},"end":{"line":42,"column":3}},"19":{"start":{"line":38,"column":24},"end":{"line":40,"column":6}},"20":{"start":{"line":41,"column":4},"end":{"line":41,"column":32}},"21":{"start":{"line":44,"column":2},"end":{"line":44,"column":15}},"22":{"start":{"line":48,"column":2},"end":{"line":48,"column":62}},"23":{"start":{"line":48,"column":49},"end":{"line":48,"column":62}},"24":{"start":{"line":50,"column":2},"end":{"line":52,"column":3}},"25":{"start":{"line":51,"column":4},"end":{"line":51,"column":45}},"26":{"start":{"line":54,"column":2},"end":{"line":56,"column":3}},"27":{"start":{"line":55,"column":4},"end":{"line":55,"column":50}},"28":{"start":{"line":58,"column":2},"end":{"line":58,"column":15}},"29":{"start":{"line":62,"column":2},"end":{"line":64,"column":3}},"30":{"start":{"line":63,"column":4},"end":{"line":63,"column":46}},"31":{"start":{"line":65,"column":2},"end":{"line":65,"column":39}},"32":{"start":{"line":69,"column":22},"end":{"line":71,"column":4}},"33":{"start":{"line":72,"column":2},"end":{"line":72,"column":46}},"34":{"start":{"line":76,"column":13},"end":{"line":78,"column":4}},"35":{"start":{"line":80,"column":2},"end":{"line":80,"column":12}},"36":{"start":{"line":82,"column":2},"end":{"line":102,"column":5}},"37":{"start":{"line":83,"column":4},"end":{"line":101,"column":5}},"38":{"start":{"line":84,"column":21},"end":{"line":84,"column":59}},"39":{"start":{"line":85,"column":30},"end":{"line":85,"column":84}},"40":{"start":{"line":86,"column":20},"end":{"line":86,"column":67}},"41":{"start":{"line":87,"column":6},"end":{"line":87,"column":74}},"42":{"start":{"line":87,"column":18},"end":{"line":87,"column":74}},"43":{"start":{"line":89,"column":22},"end":{"line":89,"column":40}},"44":{"start":{"line":90,"column":19},"end":{"line":90,"column":54}},"45":{"start":{"line":91,"column":6},"end":{"line":91,"column":73}},"46":{"start":{"line":91,"column":17},"end":{"line":91,"column":73}},"47":{"start":{"line":93,"column":6},"end":{"line":97,"column":8}},"48":{"start":{"line":98,"column":6},"end":{"line":98,"column":13}},"49":{"start":{"line":100,"column":6},"end":{"line":100,"column":55}},"50":{"start":{"line":104,"column":2},"end":{"line":171,"column":5}},"51":{"start":{"line":105,"column":4},"end":{"line":105,"column":42}},"52":{"start":{"line":107,"column":4},"end":{"line":143,"column":7}},"53":{"start":{"line":108,"column":6},"end":{"line":142,"column":7}},"54":{"start":{"line":109,"column":21},"end":{"line":109,"column":74}},"55":{"start":{"line":110,"column":8},"end":{"line":113,"column":9}},"56":{"start":{"line":111,"column":10},"end":{"line":111,"column":58}},"57":{"start":{"line":112,"column":10},"end":{"line":112,"column":17}},"58":{"start":{"line":115,"column":22},"end":{"line":115,"column":42}},"59":{"start":{"line":116,"column":8},"end":{"line":125,"column":9}},"60":{"start":{"line":117,"column":26},"end":{"line":117,"column":64}},"61":{"start":{"line":118,"column":10},"end":{"line":121,"column":11}},"62":{"start":{"line":119,"column":12},"end":{"line":119,"column":85}},"63":{"start":{"line":120,"column":12},"end":{"line":120,"column":19}},"64":{"start":{"line":122,"column":10},"end":{"line":122,"column":82}},"65":{"start":{"line":123,"column":10},"end":{"line":123,"column":90}},"66":{"start":{"line":124,"column":10},"end":{"line":124,"column":17}},"67":{"start":{"line":127,"column":21},"end":{"line":127,"column":40}},"68":{"start":{"line":128,"column":8},"end":{"line":137,"column":9}},"69":{"start":{"line":129,"column":26},"end":{"line":129,"column":76}},"70":{"start":{"line":130,"column":10},"end":{"line":133,"column":11}},"71":{"start":{"line":131,"column":12},"end":{"line":131,"column":82}},"72":{"start":{"line":132,"column":12},"end":{"line":132,"column":19}},"73":{"start":{"line":134,"column":10},"end":{"line":134,"column":58}},"74":{"start":{"line":135,"column":10},"end":{"line":135,"column":66}},"75":{"start":{"line":136,"column":10},"end":{"line":136,"column":17}},"76":{"start":{"line":139,"column":8},"end":{"line":139,"column":61}},"77":{"start":{"line":141,"column":8},"end":{"line":141,"column":63}},"78":{"start":{"line":145,"column":4},"end":{"line":149,"column":7}},"79":{"start":{"line":146,"column":19},"end":{"line":146,"column":72}},"80":{"start":{"line":147,"column":6},"end":{"line":147,"column":41}},"81":{"start":{"line":147,"column":16},"end":{"line":147,"column":41}},"82":{"start":{"line":148,"column":6},"end":{"line":148,"column":26}},"83":{"start":{"line":151,"column":4},"end":{"line":170,"column":7}},"84":{"start":{"line":152,"column":6},"end":{"line":169,"column":7}},"85":{"start":{"line":153,"column":30},"end":{"line":153,"column":59}},"86":{"start":{"line":154,"column":8},"end":{"line":154,"column":35}},"87":{"start":{"line":154,"column":28},"end":{"line":154,"column":35}},"88":{"start":{"line":155,"column":28},"end":{"line":157,"column":10}},"89":{"start":{"line":158,"column":8},"end":{"line":158,"column":65}},"90":{"start":{"line":158,"column":58},"end":{"line":158,"column":65}},"91":{"start":{"line":159,"column":8},"end":{"line":166,"column":10}},"92":{"start":{"line":173,"column":2},"end":{"line":173,"column":12}},"93":{"start":{"line":176,"column":0},"end":{"line":179,"column":2}}},"fnMap":{"0":{"name":"parseQueueRoom","decl":{"start":{"line":13,"column":9},"end":{"line":13,"column":23}},"loc":{"start":{"line":13,"column":30},"end":{"line":21,"column":1}},"line":13},"1":{"name":"parseChatRoom","decl":{"start":{"line":23,"column":9},"end":{"line":23,"column":22}},"loc":{"start":{"line":23,"column":29},"end":{"line":27,"column":1}},"line":23},"2":{"name":"canJoinQueue","decl":{"start":{"line":29,"column":15},"end":{"line":29,"column":27}},"loc":{"start":{"line":29,"column":63},"end":{"line":45,"column":1}},"line":29},"3":{"name":"isChatParticipant","decl":{"start":{"line":47,"column":9},"end":{"line":47,"column":26}},"loc":{"start":{"line":47,"column":46},"end":{"line":59,"column":1}},"line":47},"4":{"name":"counterpartUserId","decl":{"start":{"line":61,"column":9},"end":{"line":61,"column":26}},"loc":{"start":{"line":61,"column":46},"end":{"line":66,"column":1}},"line":61},"5":{"name":"canJoinChat","decl":{"start":{"line":68,"column":15},"end":{"line":68,"column":26}},"loc":{"start":{"line":68,"column":48},"end":{"line":73,"column":1}},"line":68},"6":{"name":"initSocket","decl":{"start":{"line":75,"column":9},"end":{"line":75,"column":19}},"loc":{"start":{"line":75,"column":32},"end":{"line":174,"column":1}},"line":75},"7":{"name":"(anonymous_7)","decl":{"start":{"line":82,"column":9},"end":{"line":82,"column":10}},"loc":{"start":{"line":82,"column":33},"end":{"line":102,"column":3}},"line":82},"8":{"name":"(anonymous_8)","decl":{"start":{"line":104,"column":22},"end":{"line":104,"column":23}},"loc":{"start":{"line":104,"column":34},"end":{"line":171,"column":3}},"line":104},"9":{"name":"(anonymous_9)","decl":{"start":{"line":107,"column":22},"end":{"line":107,"column":23}},"loc":{"start":{"line":107,"column":46},"end":{"line":143,"column":5}},"line":107},"10":{"name":"(anonymous_10)","decl":{"start":{"line":145,"column":23},"end":{"line":145,"column":24}},"loc":{"start":{"line":145,"column":47},"end":{"line":149,"column":5}},"line":145},"11":{"name":"(anonymous_11)","decl":{"start":{"line":151,"column":29},"end":{"line":151,"column":30}},"loc":{"start":{"line":151,"column":53},"end":{"line":170,"column":5}},"line":151}},"branchMap":{"0":{"loc":{"start":{"line":15,"column":2},"end":{"line":15,"column":26}},"type":"if","locations":[{"start":{"line":15,"column":2},"end":{"line":15,"column":26}},{"start":{},"end":{}}],"line":15},"1":{"loc":{"start":{"line":25,"column":2},"end":{"line":25,"column":26}},"type":"if","locations":[{"start":{"line":25,"column":2},"end":{"line":25,"column":26}},{"start":{},"end":{}}],"line":25},"2":{"loc":{"start":{"line":30,"column":2},"end":{"line":30,"column":45}},"type":"if","locations":[{"start":{"line":30,"column":2},"end":{"line":30,"column":45}},{"start":{},"end":{}}],"line":30},"3":{"loc":{"start":{"line":32,"column":2},"end":{"line":35,"column":3}},"type":"if","locations":[{"start":{"line":32,"column":2},"end":{"line":35,"column":3}},{"start":{},"end":{}}],"line":32},"4":{"loc":{"start":{"line":34,"column":19},"end":{"line":34,"column":51}},"type":"binary-expr","locations":[{"start":{"line":34,"column":19},"end":{"line":34,"column":25}},{"start":{"line":34,"column":29},"end":{"line":34,"column":51}}],"line":34},"5":{"loc":{"start":{"line":37,"column":2},"end":{"line":42,"column":3}},"type":"if","locations":[{"start":{"line":37,"column":2},"end":{"line":42,"column":3}},{"start":{},"end":{}}],"line":37},"6":{"loc":{"start":{"line":48,"column":2},"end":{"line":48,"column":62}},"type":"if","locations":[{"start":{"line":48,"column":2},"end":{"line":48,"column":62}},{"start":{},"end":{}}],"line":48},"7":{"loc":{"start":{"line":48,"column":6},"end":{"line":48,"column":47}},"type":"binary-expr","locations":[{"start":{"line":48,"column":6},"end":{"line":48,"column":18}},{"start":{"line":48,"column":22},"end":{"line":48,"column":47}}],"line":48},"8":{"loc":{"start":{"line":50,"column":2},"end":{"line":52,"column":3}},"type":"if","locations":[{"start":{"line":50,"column":2},"end":{"line":52,"column":3}},{"start":{},"end":{}}],"line":50},"9":{"loc":{"start":{"line":54,"column":2},"end":{"line":56,"column":3}},"type":"if","locations":[{"start":{"line":54,"column":2},"end":{"line":56,"column":3}},{"start":{},"end":{}}],"line":54},"10":{"loc":{"start":{"line":62,"column":2},"end":{"line":64,"column":3}},"type":"if","locations":[{"start":{"line":62,"column":2},"end":{"line":64,"column":3}},{"start":{},"end":{}}],"line":62},"11":{"loc":{"start":{"line":63,"column":11},"end":{"line":63,"column":45}},"type":"binary-expr","locations":[{"start":{"line":63,"column":11},"end":{"line":63,"column":37}},{"start":{"line":63,"column":41},"end":{"line":63,"column":45}}],"line":63},"12":{"loc":{"start":{"line":65,"column":9},"end":{"line":65,"column":38}},"type":"binary-expr","locations":[{"start":{"line":65,"column":9},"end":{"line":65,"column":30}},{"start":{"line":65,"column":34},"end":{"line":65,"column":38}}],"line":65},"13":{"loc":{"start":{"line":85,"column":30},"end":{"line":85,"column":84}},"type":"cond-expr","locations":[{"start":{"line":85,"column":62},"end":{"line":85,"column":77}},{"start":{"line":85,"column":80},"end":{"line":85,"column":84}}],"line":85},"14":{"loc":{"start":{"line":86,"column":20},"end":{"line":86,"column":67}},"type":"binary-expr","locations":[{"start":{"line":86,"column":20},"end":{"line":86,"column":48}},{"start":{"line":86,"column":52},"end":{"line":86,"column":67}}],"line":86},"15":{"loc":{"start":{"line":87,"column":6},"end":{"line":87,"column":74}},"type":"if","locations":[{"start":{"line":87,"column":6},"end":{"line":87,"column":74}},{"start":{},"end":{}}],"line":87},"16":{"loc":{"start":{"line":91,"column":6},"end":{"line":91,"column":73}},"type":"if","locations":[{"start":{"line":91,"column":6},"end":{"line":91,"column":73}},{"start":{},"end":{}}],"line":91},"17":{"loc":{"start":{"line":109,"column":21},"end":{"line":109,"column":74}},"type":"cond-expr","locations":[{"start":{"line":109,"column":51},"end":{"line":109,"column":58}},{"start":{"line":109,"column":61},"end":{"line":109,"column":74}}],"line":109},"18":{"loc":{"start":{"line":110,"column":8},"end":{"line":113,"column":9}},"type":"if","locations":[{"start":{"line":110,"column":8},"end":{"line":113,"column":9}},{"start":{},"end":{}}],"line":110},"19":{"loc":{"start":{"line":116,"column":8},"end":{"line":125,"column":9}},"type":"if","locations":[{"start":{"line":116,"column":8},"end":{"line":125,"column":9}},{"start":{},"end":{}}],"line":116},"20":{"loc":{"start":{"line":118,"column":10},"end":{"line":121,"column":11}},"type":"if","locations":[{"start":{"line":118,"column":10},"end":{"line":121,"column":11}},{"start":{},"end":{}}],"line":118},"21":{"loc":{"start":{"line":128,"column":8},"end":{"line":137,"column":9}},"type":"if","locations":[{"start":{"line":128,"column":8},"end":{"line":137,"column":9}},{"start":{},"end":{}}],"line":128},"22":{"loc":{"start":{"line":130,"column":10},"end":{"line":133,"column":11}},"type":"if","locations":[{"start":{"line":130,"column":10},"end":{"line":133,"column":11}},{"start":{},"end":{}}],"line":130},"23":{"loc":{"start":{"line":146,"column":19},"end":{"line":146,"column":72}},"type":"cond-expr","locations":[{"start":{"line":146,"column":49},"end":{"line":146,"column":56}},{"start":{"line":146,"column":59},"end":{"line":146,"column":72}}],"line":146},"24":{"loc":{"start":{"line":147,"column":6},"end":{"line":147,"column":41}},"type":"if","locations":[{"start":{"line":147,"column":6},"end":{"line":147,"column":41}},{"start":{},"end":{}}],"line":147},"25":{"loc":{"start":{"line":151,"column":36},"end":{"line":151,"column":48}},"type":"default-arg","locations":[{"start":{"line":151,"column":46},"end":{"line":151,"column":48}}],"line":151},"26":{"loc":{"start":{"line":154,"column":8},"end":{"line":154,"column":35}},"type":"if","locations":[{"start":{"line":154,"column":8},"end":{"line":154,"column":35}},{"start":{},"end":{}}],"line":154},"27":{"loc":{"start":{"line":158,"column":8},"end":{"line":158,"column":65}},"type":"if","locations":[{"start":{"line":158,"column":8},"end":{"line":158,"column":65}},{"start":{},"end":{}}],"line":158}},"s":{"0":0,"1":0,"2":0,"3":0,"4":0,"5":0,"6":0,"7":0,"8":0,"9":0,"10":0,"11":0,"12":0,"13":0,"14":0,"15":0,"16":0,"17":0,"18":0,"19":0,"20":0,"21":0,"22":0,"23":0,"24":0,"25":0,"26":0,"27":0,"28":0,"29":0,"30":0,"31":0,"32":0,"33":0,"34":0,"35":0,"36":0,"37":0,"38":0,"39":0,"40":0,"41":0,"42":0,"43":0,"44":0,"45":0,"46":0,"47":0,"48":0,"49":0,"50":0,"51":0,"52":0,"53":0,"54":0,"55":0,"56":0,"57":0,"58":0,"59":0,"60":0,"61":0,"62":0,"63":0,"64":0,"65":0,"66":0,"67":0,"68":0,"69":0,"70":0,"71":0,"72":0,"73":0,"74":0,"75":0,"76":0,"77":0,"78":0,"79":0,"80":0,"81":0,"82":0,"83":0,"84":0,"85":0,"86":0,"87":0,"88":0,"89":0,"90":0,"91":0,"92":0,"93":0},"f":{"0":0,"1":0,"2":0,"3":0,"4":0,"5":0,"6":0,"7":0,"8":0,"9":0,"10":0,"11":0},"b":{"0":[0,0],"1":[0,0],"2":[0,0],"3":[0,0],"4":[0,0],"5":[0,0],"6":[0,0],"7":[0,0],"8":[0,0],"9":[0,0],"10":[0,0],"11":[0,0],"12":[0,0],"13":[0,0],"14":[0,0],"15":[0,0],"16":[0,0],"17":[0,0],"18":[0,0],"19":[0,0],"20":[0,0],"21":[0,0],"22":[0,0],"23":[0,0],"24":[0,0],"25":[0],"26":[0,0],"27":[0,0]}}
}
