{"C:\\Wira\\FILE WIRA\\Bootcamp\\Phase 2\\Week 4\\Day 2\\MediFlow\\Server\\app.js": {"path":"C:\\Wira\\FILE WIRA\\Bootcamp\\Phase 2\\Week 4\\Day 2\\MediFlow\\Server\\app.js","statementMap":{"0":{"start":{"line":1,"column":0},"end":{"line":1,"column":27}},"1":{"start":{"line":3,"column":16},"end":{"line":3,"column":34}},"2":{"start":{"line":4,"column":13},"end":{"line":4,"column":28}},"3":{"start":{"line":5,"column":21},"end":{"line":5,"column":58}},"4":{"start":{"line":6,"column":15},"end":{"line":6,"column":34}},"5":{"start":{"line":8,"column":12},"end":{"line":8,"column":21}},"6":{"start":{"line":10,"column":0},"end":{"line":10,"column":16}},"7":{"start":{"line":11,"column":0},"end":{"line":11,"column":24}},"8":{"start":{"line":12,"column":0},"end":{"line":12,"column":49}},"9":{"start":{"line":13,"column":0},"end":{"line":13,"column":24}},"10":{"start":{"line":15,"column":0},"end":{"line":17,"column":3}},"11":{"start":{"line":16,"column":2},"end":{"line":16,"column":62}},"12":{"start":{"line":19,"column":0},"end":{"line":19,"column":22}},"13":{"start":{"line":21,"column":0},"end":{"line":21,"column":21}}},"fnMap":{"0":{"name":"(anonymous_0)","decl":{"start":{"line":15,"column":8},"end":{"line":15,"column":9}},"loc":{"start":{"line":15,"column":22},"end":{"line":17,"column":1}},"line":15}},"branchMap":{},"s":{"0":1,"1":1,"2":1,"3":1,"4":1,"5":1,"6":1,"7":1,"8":1,"9":1,"10":1,"11":1,"12":1,"13":1},"f":{"0":1},"b":{},"_coverageSchema":"1a1c01bbd47fc00a2c39e90264f33305004495a9","hash":"68e24d4d65e11f171f978b0c4f70930953981296"}
,"C:\\Wira\\FILE WIRA\\Bootcamp\\Phase 2\\Week 4\\Day 2\\MediFlow\\Server\\controllers\\adminController.js": {"path":"C:\\Wira\\FILE WIRA\\Bootcamp\\Phase 2\\Week 4\\Day 2\\MediFlow\\Server\\controllers\\adminController.js","statementMap":{"0":{"start":{"line":1,"column":59},"end":{"line":1,"column":79}},"1":{"start":{"line":2,"column":22},"end":{"line":2,"column":42}},"2":{"start":{"line":3,"column":18},"end":{"line":3,"column":49}},"3":{"start":{"line":4,"column":25},"end":{"line":4,"column":53}},"4":{"start":{"line":5,"column":28},"end":{"line":5,"column":59}},"5":{"start":{"line":6,"column":40},"end":{"line":6,"column":66}},"6":{"start":{"line":7,"column":33},"end":{"line":7,"column":67}},"7":{"start":{"line":11,"column":4},"end":{"line":16,"column":5}},"8":{"start":{"line":12,"column":26},"end":{"line":12,"column":79}},"9":{"start":{"line":13,"column":6},"end":{"line":13,"column":28}},"10":{"start":{"line":15,"column":6},"end":{"line":15,"column":16}},"11":{"start":{"line":20,"column":4},"end":{"line":31,"column":5}},"12":{"start":{"line":21,"column":36},"end":{"line":21,"column":44}},"13":{"start":{"line":22,"column":6},"end":{"line":22,"column":75}},"14":{"start":{"line":22,"column":17},"end":{"line":22,"column":75}},"15":{"start":{"line":23,"column":24},"end":{"line":27,"column":8}},"16":{"start":{"line":28,"column":6},"end":{"line":28,"column":38}},"17":{"start":{"line":30,"column":6},"end":{"line":30,"column":16}},"18":{"start":{"line":35,"column":4},"end":{"line":48,"column":5}},"19":{"start":{"line":36,"column":24},"end":{"line":36,"column":63}},"20":{"start":{"line":37,"column":6},"end":{"line":37,"column":79}},"21":{"start":{"line":37,"column":22},"end":{"line":37,"column":79}},"22":{"start":{"line":38,"column":36},"end":{"line":38,"column":44}},"23":{"start":{"line":39,"column":22},"end":{"line":43,"column":7}},"24":{"start":{"line":44,"column":6},"end":{"line":44,"column":38}},"25":{"start":{"line":45,"column":6},"end":{"line":45,"column":26}},"26":{"start":{"line":47,"column":6},"end":{"line":47,"column":16}},"27":{"start":{"line":52,"column":4},"end":{"line":63,"column":5}},"28":{"start":{"line":53,"column":24},"end":{"line":53,"column":63}},"29":{"start":{"line":54,"column":6},"end":{"line":54,"column":79}},"30":{"start":{"line":54,"column":22},"end":{"line":54,"column":79}},"31":{"start":{"line":55,"column":19},"end":{"line":55,"column":79}},"32":{"start":{"line":56,"column":6},"end":{"line":58,"column":7}},"33":{"start":{"line":57,"column":8},"end":{"line":57,"column":70}},"34":{"start":{"line":59,"column":6},"end":{"line":59,"column":32}},"35":{"start":{"line":60,"column":6},"end":{"line":60,"column":52}},"36":{"start":{"line":62,"column":6},"end":{"line":62,"column":16}},"37":{"start":{"line":68,"column":2},"end":{"line":81,"column":4}},"38":{"start":{"line":86,"column":4},"end":{"line":97,"column":5}},"39":{"start":{"line":87,"column":22},"end":{"line":93,"column":8}},"40":{"start":{"line":94,"column":6},"end":{"line":94,"column":50}},"41":{"start":{"line":96,"column":6},"end":{"line":96,"column":16}},"42":{"start":{"line":101,"column":4},"end":{"line":146,"column":5}},"43":{"start":{"line":102,"column":82},"end":{"line":102,"column":90}},"44":{"start":{"line":103,"column":6},"end":{"line":108,"column":7}},"45":{"start":{"line":104,"column":8},"end":{"line":107,"column":10}},"46":{"start":{"line":110,"column":24},"end":{"line":110,"column":61}},"47":{"start":{"line":111,"column":6},"end":{"line":111,"column":79}},"48":{"start":{"line":111,"column":22},"end":{"line":111,"column":79}},"49":{"start":{"line":112,"column":25},"end":{"line":112,"column":83}},"50":{"start":{"line":114,"column":21},"end":{"line":135,"column":8}},"51":{"start":{"line":115,"column":21},"end":{"line":124,"column":9}},"52":{"start":{"line":125,"column":8},"end":{"line":134,"column":10}},"53":{"start":{"line":137,"column":22},"end":{"line":142,"column":8}},"54":{"start":{"line":143,"column":6},"end":{"line":143,"column":58}},"55":{"start":{"line":145,"column":6},"end":{"line":145,"column":16}},"56":{"start":{"line":150,"column":4},"end":{"line":188,"column":5}},"57":{"start":{"line":151,"column":21},"end":{"line":151,"column":78}},"58":{"start":{"line":152,"column":6},"end":{"line":152,"column":70}},"59":{"start":{"line":152,"column":19},"end":{"line":152,"column":70}},"60":{"start":{"line":154,"column":72},"end":{"line":154,"column":80}},"61":{"start":{"line":155,"column":25},"end":{"line":155,"column":82}},"62":{"start":{"line":156,"column":6},"end":{"line":177,"column":9}},"63":{"start":{"line":157,"column":8},"end":{"line":166,"column":9}},"64":{"start":{"line":158,"column":10},"end":{"line":165,"column":12}},"65":{"start":{"line":167,"column":8},"end":{"line":176,"column":10}},"66":{"start":{"line":179,"column":22},"end":{"line":184,"column":8}},"67":{"start":{"line":185,"column":6},"end":{"line":185,"column":46}},"68":{"start":{"line":187,"column":6},"end":{"line":187,"column":16}},"69":{"start":{"line":192,"column":4},"end":{"line":208,"column":5}},"70":{"start":{"line":193,"column":21},"end":{"line":193,"column":57}},"71":{"start":{"line":194,"column":6},"end":{"line":194,"column":70}},"72":{"start":{"line":194,"column":19},"end":{"line":194,"column":70}},"73":{"start":{"line":195,"column":19},"end":{"line":195,"column":78}},"74":{"start":{"line":196,"column":6},"end":{"line":198,"column":7}},"75":{"start":{"line":197,"column":8},"end":{"line":197,"column":69}},"76":{"start":{"line":199,"column":6},"end":{"line":204,"column":9}},"77":{"start":{"line":200,"column":8},"end":{"line":200,"column":83}},"78":{"start":{"line":201,"column":23},"end":{"line":201,"column":36}},"79":{"start":{"line":202,"column":8},"end":{"line":202,"column":49}},"80":{"start":{"line":203,"column":8},"end":{"line":203,"column":70}},"81":{"start":{"line":205,"column":6},"end":{"line":205,"column":46}},"82":{"start":{"line":207,"column":6},"end":{"line":207,"column":16}},"83":{"start":{"line":214,"column":4},"end":{"line":234,"column":5}},"84":{"start":{"line":215,"column":20},"end":{"line":215,"column":22}},"85":{"start":{"line":216,"column":6},"end":{"line":216,"column":66}},"86":{"start":{"line":216,"column":30},"end":{"line":216,"column":66}},"87":{"start":{"line":217,"column":24},"end":{"line":230,"column":8}},"88":{"start":{"line":231,"column":6},"end":{"line":231,"column":26}},"89":{"start":{"line":233,"column":6},"end":{"line":233,"column":16}},"90":{"start":{"line":238,"column":4},"end":{"line":270,"column":5}},"91":{"start":{"line":239,"column":74},"end":{"line":239,"column":82}},"92":{"start":{"line":240,"column":6},"end":{"line":252,"column":7}},"93":{"start":{"line":248,"column":8},"end":{"line":251,"column":10}},"94":{"start":{"line":253,"column":6},"end":{"line":255,"column":7}},"95":{"start":{"line":254,"column":8},"end":{"line":254,"column":73}},"96":{"start":{"line":256,"column":21},"end":{"line":256,"column":52}},"97":{"start":{"line":257,"column":6},"end":{"line":257,"column":70}},"98":{"start":{"line":257,"column":19},"end":{"line":257,"column":70}},"99":{"start":{"line":259,"column":23},"end":{"line":266,"column":8}},"100":{"start":{"line":267,"column":6},"end":{"line":267,"column":37}},"101":{"start":{"line":269,"column":6},"end":{"line":269,"column":16}},"102":{"start":{"line":274,"column":4},"end":{"line":291,"column":5}},"103":{"start":{"line":275,"column":23},"end":{"line":275,"column":61}},"104":{"start":{"line":276,"column":6},"end":{"line":276,"column":72}},"105":{"start":{"line":276,"column":21},"end":{"line":276,"column":72}},"106":{"start":{"line":277,"column":64},"end":{"line":277,"column":72}},"107":{"start":{"line":278,"column":6},"end":{"line":280,"column":7}},"108":{"start":{"line":279,"column":8},"end":{"line":279,"column":73}},"109":{"start":{"line":281,"column":6},"end":{"line":287,"column":9}},"110":{"start":{"line":288,"column":6},"end":{"line":288,"column":25}},"111":{"start":{"line":290,"column":6},"end":{"line":290,"column":16}},"112":{"start":{"line":295,"column":4},"end":{"line":302,"column":5}},"113":{"start":{"line":296,"column":23},"end":{"line":296,"column":61}},"114":{"start":{"line":297,"column":6},"end":{"line":297,"column":72}},"115":{"start":{"line":297,"column":21},"end":{"line":297,"column":72}},"116":{"start":{"line":298,"column":6},"end":{"line":298,"column":31}},"117":{"start":{"line":299,"column":6},"end":{"line":299,"column":46}},"118":{"start":{"line":301,"column":6},"end":{"line":301,"column":16}},"119":{"start":{"line":308,"column":4},"end":{"line":359,"column":5}},"120":{"start":{"line":309,"column":41},"end":{"line":309,"column":50}},"121":{"start":{"line":310,"column":20},"end":{"line":310,"column":22}},"122":{"start":{"line":311,"column":6},"end":{"line":311,"column":40}},"123":{"start":{"line":311,"column":18},"end":{"line":311,"column":40}},"124":{"start":{"line":312,"column":6},"end":{"line":317,"column":7}},"125":{"start":{"line":313,"column":8},"end":{"line":315,"column":9}},"126":{"start":{"line":314,"column":10},"end":{"line":314,"column":70}},"127":{"start":{"line":316,"column":8},"end":{"line":316,"column":26}},"128":{"start":{"line":318,"column":6},"end":{"line":318,"column":46}},"129":{"start":{"line":318,"column":20},"end":{"line":318,"column":46}},"130":{"start":{"line":320,"column":27},"end":{"line":336,"column":8}},"131":{"start":{"line":338,"column":6},"end":{"line":356,"column":8}},"132":{"start":{"line":339,"column":33},"end":{"line":355,"column":9}},"133":{"start":{"line":358,"column":6},"end":{"line":358,"column":16}},"134":{"start":{"line":363,"column":0},"end":{"line":368,"column":2}}},"fnMap":{"0":{"name":"(anonymous_0)","decl":{"start":{"line":10,"column":2},"end":{"line":10,"column":3}},"loc":{"start":{"line":10,"column":36},"end":{"line":17,"column":3}},"line":10},"1":{"name":"(anonymous_1)","decl":{"start":{"line":19,"column":2},"end":{"line":19,"column":3}},"loc":{"start":{"line":19,"column":38},"end":{"line":32,"column":3}},"line":19},"2":{"name":"(anonymous_2)","decl":{"start":{"line":34,"column":2},"end":{"line":34,"column":3}},"loc":{"start":{"line":34,"column":38},"end":{"line":49,"column":3}},"line":34},"3":{"name":"(anonymous_3)","decl":{"start":{"line":51,"column":2},"end":{"line":51,"column":3}},"loc":{"start":{"line":51,"column":39},"end":{"line":64,"column":3}},"line":51},"4":{"name":"serializeAdminDoctor","decl":{"start":{"line":67,"column":9},"end":{"line":67,"column":29}},"loc":{"start":{"line":67,"column":38},"end":{"line":82,"column":1}},"line":67},"5":{"name":"(anonymous_5)","decl":{"start":{"line":85,"column":2},"end":{"line":85,"column":3}},"loc":{"start":{"line":85,"column":36},"end":{"line":98,"column":3}},"line":85},"6":{"name":"(anonymous_6)","decl":{"start":{"line":100,"column":2},"end":{"line":100,"column":3}},"loc":{"start":{"line":100,"column":38},"end":{"line":147,"column":3}},"line":100},"7":{"name":"(anonymous_7)","decl":{"start":{"line":114,"column":49},"end":{"line":114,"column":50}},"loc":{"start":{"line":114,"column":62},"end":{"line":135,"column":7}},"line":114},"8":{"name":"(anonymous_8)","decl":{"start":{"line":149,"column":2},"end":{"line":149,"column":3}},"loc":{"start":{"line":149,"column":38},"end":{"line":189,"column":3}},"line":149},"9":{"name":"(anonymous_9)","decl":{"start":{"line":156,"column":34},"end":{"line":156,"column":35}},"loc":{"start":{"line":156,"column":47},"end":{"line":177,"column":7}},"line":156},"10":{"name":"(anonymous_10)","decl":{"start":{"line":191,"column":2},"end":{"line":191,"column":3}},"loc":{"start":{"line":191,"column":39},"end":{"line":209,"column":3}},"line":191},"11":{"name":"(anonymous_11)","decl":{"start":{"line":199,"column":34},"end":{"line":199,"column":35}},"loc":{"start":{"line":199,"column":47},"end":{"line":204,"column":7}},"line":199},"12":{"name":"(anonymous_12)","decl":{"start":{"line":213,"column":2},"end":{"line":213,"column":3}},"loc":{"start":{"line":213,"column":36},"end":{"line":235,"column":3}},"line":213},"13":{"name":"(anonymous_13)","decl":{"start":{"line":237,"column":2},"end":{"line":237,"column":3}},"loc":{"start":{"line":237,"column":38},"end":{"line":271,"column":3}},"line":237},"14":{"name":"(anonymous_14)","decl":{"start":{"line":273,"column":2},"end":{"line":273,"column":3}},"loc":{"start":{"line":273,"column":38},"end":{"line":292,"column":3}},"line":273},"15":{"name":"(anonymous_15)","decl":{"start":{"line":294,"column":2},"end":{"line":294,"column":3}},"loc":{"start":{"line":294,"column":39},"end":{"line":303,"column":3}},"line":294},"16":{"name":"(anonymous_16)","decl":{"start":{"line":307,"column":2},"end":{"line":307,"column":3}},"loc":{"start":{"line":307,"column":36},"end":{"line":360,"column":3}},"line":307},"17":{"name":"(anonymous_17)","decl":{"start":{"line":339,"column":25},"end":{"line":339,"column":26}},"loc":{"start":{"line":339,"column":33},"end":{"line":355,"column":9}},"line":339}},"branchMap":{"0":{"loc":{"start":{"line":22,"column":6},"end":{"line":22,"column":75}},"type":"if","locations":[{"start":{"line":22,"column":6},"end":{"line":22,"column":75}},{"start":{},"end":{}}],"line":22},"1":{"loc":{"start":{"line":26,"column":16},"end":{"line":26,"column":78}},"type":"binary-expr","locations":[{"start":{"line":26,"column":17},"end":{"line":26,"column":69}},{"start":{"line":26,"column":74},"end":{"line":26,"column":78}}],"line":26},"2":{"loc":{"start":{"line":37,"column":6},"end":{"line":37,"column":79}},"type":"if","locations":[{"start":{"line":37,"column":6},"end":{"line":37,"column":79}},{"start":{},"end":{}}],"line":37},"3":{"loc":{"start":{"line":40,"column":14},"end":{"line":40,"column":71}},"type":"cond-expr","locations":[{"start":{"line":40,"column":35},"end":{"line":40,"column":54}},{"start":{"line":40,"column":57},"end":{"line":40,"column":71}}],"line":40},"4":{"loc":{"start":{"line":41,"column":21},"end":{"line":41,"column":84}},"type":"cond-expr","locations":[{"start":{"line":41,"column":49},"end":{"line":41,"column":60}},{"start":{"line":41,"column":63},"end":{"line":41,"column":84}}],"line":41},"5":{"loc":{"start":{"line":54,"column":6},"end":{"line":54,"column":79}},"type":"if","locations":[{"start":{"line":54,"column":6},"end":{"line":54,"column":79}},{"start":{},"end":{}}],"line":54},"6":{"loc":{"start":{"line":56,"column":6},"end":{"line":58,"column":7}},"type":"if","locations":[{"start":{"line":56,"column":6},"end":{"line":58,"column":7}},{"start":{},"end":{}}],"line":56},"7":{"loc":{"start":{"line":75,"column":15},"end":{"line":77,"column":12}},"type":"cond-expr","locations":[{"start":{"line":76,"column":8},"end":{"line":76,"column":64}},{"start":{"line":77,"column":8},"end":{"line":77,"column":12}}],"line":75},"8":{"loc":{"start":{"line":103,"column":6},"end":{"line":108,"column":7}},"type":"if","locations":[{"start":{"line":103,"column":6},"end":{"line":108,"column":7}},{"start":{},"end":{}}],"line":103},"9":{"loc":{"start":{"line":103,"column":10},"end":{"line":103,"column":87}},"type":"binary-expr","locations":[{"start":{"line":103,"column":10},"end":{"line":103,"column":15}},{"start":{"line":103,"column":19},"end":{"line":103,"column":25}},{"start":{"line":103,"column":29},"end":{"line":103,"column":38}},{"start":{"line":103,"column":42},"end":{"line":103,"column":54}},{"start":{"line":103,"column":58},"end":{"line":103,"column":87}}],"line":103},"10":{"loc":{"start":{"line":111,"column":6},"end":{"line":111,"column":79}},"type":"if","locations":[{"start":{"line":111,"column":6},"end":{"line":111,"column":79}},{"start":{},"end":{}}],"line":111},"11":{"loc":{"start":{"line":112,"column":25},"end":{"line":112,"column":83}},"type":"binary-expr","locations":[{"start":{"line":112,"column":26},"end":{"line":112,"column":74}},{"start":{"line":112,"column":79},"end":{"line":112,"column":83}}],"line":112},"12":{"loc":{"start":{"line":120,"column":19},"end":{"line":120,"column":54}},"type":"cond-expr","locations":[{"start":{"line":120,"column":27},"end":{"line":120,"column":47}},{"start":{"line":120,"column":50},"end":{"line":120,"column":54}}],"line":120},"13":{"loc":{"start":{"line":152,"column":6},"end":{"line":152,"column":70}},"type":"if","locations":[{"start":{"line":152,"column":6},"end":{"line":152,"column":70}},{"start":{},"end":{}}],"line":152},"14":{"loc":{"start":{"line":157,"column":8},"end":{"line":166,"column":9}},"type":"if","locations":[{"start":{"line":157,"column":8},"end":{"line":166,"column":9}},{"start":{},"end":{}}],"line":157},"15":{"loc":{"start":{"line":157,"column":12},"end":{"line":157,"column":48}},"type":"binary-expr","locations":[{"start":{"line":157,"column":12},"end":{"line":157,"column":16}},{"start":{"line":157,"column":20},"end":{"line":157,"column":39}},{"start":{"line":157,"column":43},"end":{"line":157,"column":48}}],"line":157},"16":{"loc":{"start":{"line":160,"column":20},"end":{"line":160,"column":79}},"type":"cond-expr","locations":[{"start":{"line":160,"column":41},"end":{"line":160,"column":60}},{"start":{"line":160,"column":63},"end":{"line":160,"column":79}}],"line":160},"17":{"loc":{"start":{"line":161,"column":21},"end":{"line":161,"column":68}},"type":"cond-expr","locations":[{"start":{"line":161,"column":43},"end":{"line":161,"column":48}},{"start":{"line":161,"column":51},"end":{"line":161,"column":68}}],"line":161},"18":{"loc":{"start":{"line":162,"column":21},"end":{"line":162,"column":97}},"type":"cond-expr","locations":[{"start":{"line":162,"column":43},"end":{"line":162,"column":77}},{"start":{"line":162,"column":80},"end":{"line":162,"column":97}}],"line":162},"19":{"loc":{"start":{"line":169,"column":25},"end":{"line":169,"column":93}},"type":"cond-expr","locations":[{"start":{"line":169,"column":53},"end":{"line":169,"column":72}},{"start":{"line":169,"column":75},"end":{"line":169,"column":93}}],"line":169},"20":{"loc":{"start":{"line":171,"column":14},"end":{"line":171,"column":94}},"type":"cond-expr","locations":[{"start":{"line":171,"column":46},"end":{"line":171,"column":69}},{"start":{"line":171,"column":72},"end":{"line":171,"column":94}}],"line":171},"21":{"loc":{"start":{"line":172,"column":17},"end":{"line":172,"column":53}},"type":"cond-expr","locations":[{"start":{"line":172,"column":37},"end":{"line":172,"column":40}},{"start":{"line":172,"column":43},"end":{"line":172,"column":53}}],"line":172},"22":{"loc":{"start":{"line":194,"column":6},"end":{"line":194,"column":70}},"type":"if","locations":[{"start":{"line":194,"column":6},"end":{"line":194,"column":70}},{"start":{},"end":{}}],"line":194},"23":{"loc":{"start":{"line":196,"column":6},"end":{"line":198,"column":7}},"type":"if","locations":[{"start":{"line":196,"column":6},"end":{"line":198,"column":7}},{"start":{},"end":{}}],"line":196},"24":{"loc":{"start":{"line":216,"column":6},"end":{"line":216,"column":66}},"type":"if","locations":[{"start":{"line":216,"column":6},"end":{"line":216,"column":66}},{"start":{},"end":{}}],"line":216},"25":{"loc":{"start":{"line":240,"column":6},"end":{"line":252,"column":7}},"type":"if","locations":[{"start":{"line":240,"column":6},"end":{"line":252,"column":7}},{"start":{},"end":{}}],"line":240},"26":{"loc":{"start":{"line":241,"column":8},"end":{"line":246,"column":27}},"type":"binary-expr","locations":[{"start":{"line":241,"column":8},"end":{"line":241,"column":30}},{"start":{"line":242,"column":8},"end":{"line":242,"column":31}},{"start":{"line":243,"column":8},"end":{"line":243,"column":16}},{"start":{"line":244,"column":8},"end":{"line":244,"column":18}},{"start":{"line":245,"column":8},"end":{"line":245,"column":16}},{"start":{"line":246,"column":8},"end":{"line":246,"column":27}}],"line":241},"27":{"loc":{"start":{"line":253,"column":6},"end":{"line":255,"column":7}},"type":"if","locations":[{"start":{"line":253,"column":6},"end":{"line":255,"column":7}},{"start":{},"end":{}}],"line":253},"28":{"loc":{"start":{"line":257,"column":6},"end":{"line":257,"column":70}},"type":"if","locations":[{"start":{"line":257,"column":6},"end":{"line":257,"column":70}},{"start":{},"end":{}}],"line":257},"29":{"loc":{"start":{"line":276,"column":6},"end":{"line":276,"column":72}},"type":"if","locations":[{"start":{"line":276,"column":6},"end":{"line":276,"column":72}},{"start":{},"end":{}}],"line":276},"30":{"loc":{"start":{"line":278,"column":6},"end":{"line":280,"column":7}},"type":"if","locations":[{"start":{"line":278,"column":6},"end":{"line":280,"column":7}},{"start":{},"end":{}}],"line":278},"31":{"loc":{"start":{"line":278,"column":10},"end":{"line":278,"column":48}},"type":"binary-expr","locations":[{"start":{"line":278,"column":10},"end":{"line":278,"column":17}},{"start":{"line":278,"column":21},"end":{"line":278,"column":48}}],"line":278},"32":{"loc":{"start":{"line":282,"column":19},"end":{"line":282,"column":75}},"type":"cond-expr","locations":[{"start":{"line":282,"column":45},"end":{"line":282,"column":54}},{"start":{"line":282,"column":57},"end":{"line":282,"column":75}}],"line":282},"33":{"loc":{"start":{"line":283,"column":17},"end":{"line":283,"column":67}},"type":"cond-expr","locations":[{"start":{"line":283,"column":41},"end":{"line":283,"column":48}},{"start":{"line":283,"column":51},"end":{"line":283,"column":67}}],"line":283},"34":{"loc":{"start":{"line":284,"column":19},"end":{"line":284,"column":75}},"type":"cond-expr","locations":[{"start":{"line":284,"column":45},"end":{"line":284,"column":54}},{"start":{"line":284,"column":57},"end":{"line":284,"column":75}}],"line":284},"35":{"loc":{"start":{"line":285,"column":17},"end":{"line":285,"column":67}},"type":"cond-expr","locations":[{"start":{"line":285,"column":41},"end":{"line":285,"column":48}},{"start":{"line":285,"column":51},"end":{"line":285,"column":67}}],"line":285},"36":{"loc":{"start":{"line":286,"column":15},"end":{"line":286,"column":59}},"type":"cond-expr","locations":[{"start":{"line":286,"column":37},"end":{"line":286,"column":42}},{"start":{"line":286,"column":45},"end":{"line":286,"column":59}}],"line":286},"37":{"loc":{"start":{"line":297,"column":6},"end":{"line":297,"column":72}},"type":"if","locations":[{"start":{"line":297,"column":6},"end":{"line":297,"column":72}},{"start":{},"end":{}}],"line":297},"38":{"loc":{"start":{"line":311,"column":6},"end":{"line":311,"column":40}},"type":"if","locations":[{"start":{"line":311,"column":6},"end":{"line":311,"column":40}},{"start":{},"end":{}}],"line":311},"39":{"loc":{"start":{"line":312,"column":6},"end":{"line":317,"column":7}},"type":"if","locations":[{"start":{"line":312,"column":6},"end":{"line":317,"column":7}},{"start":{},"end":{}}],"line":312},"40":{"loc":{"start":{"line":313,"column":8},"end":{"line":315,"column":9}},"type":"if","locations":[{"start":{"line":313,"column":8},"end":{"line":315,"column":9}},{"start":{},"end":{}}],"line":313},"41":{"loc":{"start":{"line":318,"column":6},"end":{"line":318,"column":46}},"type":"if","locations":[{"start":{"line":318,"column":6},"end":{"line":318,"column":46}},{"start":{},"end":{}}],"line":318},"42":{"loc":{"start":{"line":348,"column":18},"end":{"line":354,"column":18}},"type":"cond-expr","locations":[{"start":{"line":349,"column":14},"end":{"line":353,"column":15}},{"start":{"line":354,"column":14},"end":{"line":354,"column":18}}],"line":348}},"s":{"0":3,"1":3,"2":3,"3":3,"4":3,"5":3,"6":3,"7":2,"8":2,"9":1,"10":1,"11":3,"12":3,"13":3,"14":1,"15":2,"16":2,"17":1,"18":6,"19":6,"20":6,"21":1,"22":5,"23":5,"24":5,"25":5,"26":1,"27":3,"28":3,"29":3,"30":1,"31":2,"32":2,"33":1,"34":1,"35":1,"36":2,"37":5,"38":2,"39":2,"40":1,"41":1,"42":4,"43":4,"44":4,"45":1,"46":3,"47":3,"48":1,"49":2,"50":2,"51":2,"52":2,"53":2,"54":2,"55":2,"56":3,"57":3,"58":3,"59":1,"60":2,"61":2,"62":2,"63":2,"64":1,"65":2,"66":2,"67":2,"68":1,"69":3,"70":3,"71":3,"72":1,"73":2,"74":2,"75":1,"76":1,"77":1,"78":1,"79":1,"80":1,"81":1,"82":2,"83":2,"84":2,"85":2,"86":1,"87":2,"88":1,"89":1,"90":4,"91":4,"92":4,"93":1,"94":3,"95":1,"96":2,"97":2,"98":1,"99":1,"100":1,"101":3,"102":4,"103":4,"104":4,"105":1,"106":3,"107":3,"108":1,"109":2,"110":2,"111":2,"112":2,"113":2,"114":2,"115":1,"116":1,"117":1,"118":1,"119":3,"120":3,"121":3,"122":3,"123":1,"124":3,"125":2,"126":1,"127":1,"128":2,"129":1,"130":2,"131":2,"132":2,"133":1,"134":3},"f":{"0":2,"1":3,"2":6,"3":3,"4":5,"5":2,"6":4,"7":2,"8":3,"9":2,"10":3,"11":1,"12":2,"13":4,"14":4,"15":2,"16":3,"17":2},"b":{"0":[1,2],"1":[2,1],"2":[1,5],"3":[1,4],"4":[1,4],"5":[1,2],"6":[1,1],"7":[3,2],"8":[1,3],"9":[4,3,3,3,3],"10":[1,2],"11":[2,1],"12":[1,1],"13":[1,2],"14":[1,1],"15":[2,1,1],"16":[1,0],"17":[1,0],"18":[1,0],"19":[1,1],"20":[1,1],"21":[1,1],"22":[1,2],"23":[1,1],"24":[1,1],"25":[1,3],"26":[4,3,3,3,3,3],"27":[1,2],"28":[1,1],"29":[1,3],"30":[1,2],"31":[3,2],"32":[1,1],"33":[1,1],"34":[1,1],"35":[1,1],"36":[1,1],"37":[1,1],"38":[1,2],"39":[2,1],"40":[1,1],"41":[1,1],"42":[1,1]},"_coverageSchema":"1a1c01bbd47fc00a2c39e90264f33305004495a9","hash":"a8e148760d1954e0651cd17c67243aa671a85566"}
,"C:\\Wira\\FILE WIRA\\Bootcamp\\Phase 2\\Week 4\\Day 2\\MediFlow\\Server\\controllers\\appointmentController.js": {"path":"C:\\Wira\\FILE WIRA\\Bootcamp\\Phase 2\\Week 4\\Day 2\\MediFlow\\Server\\controllers\\appointmentController.js","statementMap":{"0":{"start":{"line":1,"column":59},"end":{"line":1,"column":79}},"1":{"start":{"line":2,"column":22},"end":{"line":2,"column":42}},"2":{"start":{"line":3,"column":18},"end":{"line":3,"column":49}},"3":{"start":{"line":8,"column":4},"end":{"line":8,"column":35}},"4":{"start":{"line":14,"column":4},"end":{"line":14,"column":30}},"5":{"start":{"line":19,"column":4},"end":{"line":19,"column":31}},"6":{"start":{"line":20,"column":29},"end":{"line":20,"column":55}},"7":{"start":{"line":21,"column":41},"end":{"line":21,"column":75}},"8":{"start":{"line":24,"column":17},"end":{"line":24,"column":35}},"9":{"start":{"line":25,"column":16},"end":{"line":25,"column":43}},"10":{"start":{"line":26,"column":2},"end":{"line":54,"column":4}},"11":{"start":{"line":57,"column":27},"end":{"line":67,"column":1}},"12":{"start":{"line":70,"column":2},"end":{"line":70,"column":44}},"13":{"start":{"line":70,"column":37},"end":{"line":70,"column":44}},"14":{"start":{"line":71,"column":2},"end":{"line":71,"column":87}},"15":{"start":{"line":71,"column":80},"end":{"line":71,"column":87}},"16":{"start":{"line":72,"column":2},"end":{"line":72,"column":91}},"17":{"start":{"line":72,"column":84},"end":{"line":72,"column":91}},"18":{"start":{"line":73,"column":2},"end":{"line":73,"column":56}},"19":{"start":{"line":78,"column":4},"end":{"line":156,"column":5}},"20":{"start":{"line":79,"column":42},"end":{"line":79,"column":50}},"21":{"start":{"line":80,"column":6},"end":{"line":82,"column":7}},"22":{"start":{"line":81,"column":8},"end":{"line":81,"column":76}},"23":{"start":{"line":83,"column":6},"end":{"line":85,"column":7}},"24":{"start":{"line":84,"column":8},"end":{"line":84,"column":68}},"25":{"start":{"line":86,"column":6},"end":{"line":88,"column":7}},"26":{"start":{"line":87,"column":8},"end":{"line":87,"column":73}},"27":{"start":{"line":89,"column":6},"end":{"line":91,"column":7}},"28":{"start":{"line":90,"column":8},"end":{"line":90,"column":87}},"29":{"start":{"line":93,"column":26},"end":{"line":143,"column":8}},"30":{"start":{"line":94,"column":23},"end":{"line":94,"column":74}},"31":{"start":{"line":95,"column":8},"end":{"line":95,"column":72}},"32":{"start":{"line":95,"column":21},"end":{"line":95,"column":72}},"33":{"start":{"line":97,"column":25},"end":{"line":105,"column":10}},"34":{"start":{"line":106,"column":8},"end":{"line":108,"column":9}},"35":{"start":{"line":107,"column":10},"end":{"line":107,"column":88}},"36":{"start":{"line":110,"column":8},"end":{"line":115,"column":9}},"37":{"start":{"line":111,"column":10},"end":{"line":114,"column":12}},"38":{"start":{"line":117,"column":21},"end":{"line":117,"column":69}},"39":{"start":{"line":118,"column":8},"end":{"line":120,"column":9}},"40":{"start":{"line":119,"column":10},"end":{"line":119,"column":65}},"41":{"start":{"line":122,"column":26},"end":{"line":125,"column":10}},"42":{"start":{"line":127,"column":35},"end":{"line":127,"column":82}},"43":{"start":{"line":128,"column":23},"end":{"line":130,"column":37}},"44":{"start":{"line":132,"column":8},"end":{"line":142,"column":10}},"45":{"start":{"line":145,"column":22},"end":{"line":147,"column":8}},"46":{"start":{"line":149,"column":6},"end":{"line":151,"column":7}},"47":{"start":{"line":150,"column":8},"end":{"line":150,"column":80}},"48":{"start":{"line":153,"column":6},"end":{"line":153,"column":58}},"49":{"start":{"line":155,"column":6},"end":{"line":155,"column":16}},"50":{"start":{"line":160,"column":4},"end":{"line":182,"column":5}},"51":{"start":{"line":161,"column":20},"end":{"line":161,"column":22}},"52":{"start":{"line":162,"column":6},"end":{"line":168,"column":7}},"53":{"start":{"line":163,"column":8},"end":{"line":163,"column":38}},"54":{"start":{"line":164,"column":13},"end":{"line":168,"column":7}},"55":{"start":{"line":165,"column":23},"end":{"line":165,"column":79}},"56":{"start":{"line":166,"column":8},"end":{"line":166,"column":79}},"57":{"start":{"line":166,"column":21},"end":{"line":166,"column":79}},"58":{"start":{"line":167,"column":8},"end":{"line":167,"column":35}},"59":{"start":{"line":170,"column":27},"end":{"line":177,"column":8}},"60":{"start":{"line":179,"column":6},"end":{"line":179,"column":55}},"61":{"start":{"line":181,"column":6},"end":{"line":181,"column":16}},"62":{"start":{"line":186,"column":4},"end":{"line":195,"column":5}},"63":{"start":{"line":187,"column":26},"end":{"line":189,"column":8}},"64":{"start":{"line":190,"column":6},"end":{"line":190,"column":79}},"65":{"start":{"line":190,"column":24},"end":{"line":190,"column":79}},"66":{"start":{"line":191,"column":6},"end":{"line":191,"column":55}},"67":{"start":{"line":192,"column":6},"end":{"line":192,"column":50}},"68":{"start":{"line":194,"column":6},"end":{"line":194,"column":16}},"69":{"start":{"line":199,"column":4},"end":{"line":232,"column":5}},"70":{"start":{"line":200,"column":26},"end":{"line":202,"column":8}},"71":{"start":{"line":203,"column":6},"end":{"line":203,"column":79}},"72":{"start":{"line":203,"column":24},"end":{"line":203,"column":79}},"73":{"start":{"line":204,"column":6},"end":{"line":206,"column":7}},"74":{"start":{"line":205,"column":8},"end":{"line":205,"column":62}},"75":{"start":{"line":208,"column":29},"end":{"line":208,"column":47}},"76":{"start":{"line":209,"column":26},"end":{"line":212,"column":7}},"77":{"start":{"line":213,"column":6},"end":{"line":215,"column":7}},"78":{"start":{"line":214,"column":8},"end":{"line":214,"column":88}},"79":{"start":{"line":217,"column":6},"end":{"line":217,"column":73}},"80":{"start":{"line":219,"column":6},"end":{"line":224,"column":7}},"81":{"start":{"line":223,"column":8},"end":{"line":223,"column":92}},"82":{"start":{"line":226,"column":22},"end":{"line":228,"column":8}},"83":{"start":{"line":229,"column":6},"end":{"line":229,"column":46}},"84":{"start":{"line":231,"column":6},"end":{"line":231,"column":16}},"85":{"start":{"line":236,"column":0},"end":{"line":236,"column":39}}},"fnMap":{"0":{"name":"serializeAppointment","decl":{"start":{"line":23,"column":9},"end":{"line":23,"column":29}},"loc":{"start":{"line":23,"column":43},"end":{"line":55,"column":1}},"line":23},"1":{"name":"assertCanViewAppointment","decl":{"start":{"line":69,"column":15},"end":{"line":69,"column":39}},"loc":{"start":{"line":69,"column":58},"end":{"line":74,"column":1}},"line":69},"2":{"name":"(anonymous_2)","decl":{"start":{"line":77,"column":2},"end":{"line":77,"column":3}},"loc":{"start":{"line":77,"column":38},"end":{"line":157,"column":3}},"line":77},"3":{"name":"(anonymous_3)","decl":{"start":{"line":93,"column":54},"end":{"line":93,"column":55}},"loc":{"start":{"line":93,"column":67},"end":{"line":143,"column":7}},"line":93},"4":{"name":"(anonymous_4)","decl":{"start":{"line":159,"column":2},"end":{"line":159,"column":3}},"loc":{"start":{"line":159,"column":36},"end":{"line":183,"column":3}},"line":159},"5":{"name":"(anonymous_5)","decl":{"start":{"line":185,"column":2},"end":{"line":185,"column":3}},"loc":{"start":{"line":185,"column":38},"end":{"line":196,"column":3}},"line":185},"6":{"name":"(anonymous_6)","decl":{"start":{"line":198,"column":2},"end":{"line":198,"column":3}},"loc":{"start":{"line":198,"column":38},"end":{"line":233,"column":3}},"line":198}},"branchMap":{"0":{"loc":{"start":{"line":34,"column":12},"end":{"line":45,"column":17}},"type":"cond-expr","locations":[{"start":{"line":35,"column":8},"end":{"line":44,"column":9}},{"start":{"line":45,"column":8},"end":{"line":45,"column":17}}],"line":34},"1":{"loc":{"start":{"line":41,"column":21},"end":{"line":43,"column":18}},"type":"cond-expr","locations":[{"start":{"line":42,"column":14},"end":{"line":42,"column":70}},{"start":{"line":43,"column":14},"end":{"line":43,"column":18}}],"line":41},"2":{"loc":{"start":{"line":46,"column":13},"end":{"line":51,"column":17}},"type":"cond-expr","locations":[{"start":{"line":47,"column":8},"end":{"line":50,"column":9}},{"start":{"line":51,"column":8},"end":{"line":51,"column":17}}],"line":46},"3":{"loc":{"start":{"line":70,"column":2},"end":{"line":70,"column":44}},"type":"if","locations":[{"start":{"line":70,"column":2},"end":{"line":70,"column":44}},{"start":{},"end":{}}],"line":70},"4":{"loc":{"start":{"line":71,"column":2},"end":{"line":71,"column":87}},"type":"if","locations":[{"start":{"line":71,"column":2},"end":{"line":71,"column":87}},{"start":{},"end":{}}],"line":71},"5":{"loc":{"start":{"line":71,"column":6},"end":{"line":71,"column":78}},"type":"binary-expr","locations":[{"start":{"line":71,"column":6},"end":{"line":71,"column":37}},{"start":{"line":71,"column":41},"end":{"line":71,"column":78}}],"line":71},"6":{"loc":{"start":{"line":72,"column":2},"end":{"line":72,"column":91}},"type":"if","locations":[{"start":{"line":72,"column":2},"end":{"line":72,"column":91}},{"start":{},"end":{}}],"line":72},"7":{"loc":{"start":{"line":72,"column":6},"end":{"line":72,"column":82}},"type":"binary-expr","locations":[{"start":{"line":72,"column":6},"end":{"line":72,"column":36}},{"start":{"line":72,"column":40},"end":{"line":72,"column":82}}],"line":72},"8":{"loc":{"start":{"line":80,"column":6},"end":{"line":82,"column":7}},"type":"if","locations":[{"start":{"line":80,"column":6},"end":{"line":82,"column":7}},{"start":{},"end":{}}],"line":80},"9":{"loc":{"start":{"line":80,"column":10},"end":{"line":80,"column":40}},"type":"binary-expr","locations":[{"start":{"line":80,"column":10},"end":{"line":80,"column":19}},{"start":{"line":80,"column":23},"end":{"line":80,"column":28}},{"start":{"line":80,"column":32},"end":{"line":80,"column":40}}],"line":80},"10":{"loc":{"start":{"line":83,"column":6},"end":{"line":85,"column":7}},"type":"if","locations":[{"start":{"line":83,"column":6},"end":{"line":85,"column":7}},{"start":{},"end":{}}],"line":83},"11":{"loc":{"start":{"line":86,"column":6},"end":{"line":88,"column":7}},"type":"if","locations":[{"start":{"line":86,"column":6},"end":{"line":88,"column":7}},{"start":{},"end":{}}],"line":86},"12":{"loc":{"start":{"line":89,"column":6},"end":{"line":91,"column":7}},"type":"if","locations":[{"start":{"line":89,"column":6},"end":{"line":91,"column":7}},{"start":{},"end":{}}],"line":89},"13":{"loc":{"start":{"line":95,"column":8},"end":{"line":95,"column":72}},"type":"if","locations":[{"start":{"line":95,"column":8},"end":{"line":95,"column":72}},{"start":{},"end":{}}],"line":95},"14":{"loc":{"start":{"line":106,"column":8},"end":{"line":108,"column":9}},"type":"if","locations":[{"start":{"line":106,"column":8},"end":{"line":108,"column":9}},{"start":{},"end":{}}],"line":106},"15":{"loc":{"start":{"line":110,"column":8},"end":{"line":115,"column":9}},"type":"if","locations":[{"start":{"line":110,"column":8},"end":{"line":115,"column":9}},{"start":{},"end":{}}],"line":110},"16":{"loc":{"start":{"line":118,"column":8},"end":{"line":120,"column":9}},"type":"if","locations":[{"start":{"line":118,"column":8},"end":{"line":120,"column":9}},{"start":{},"end":{}}],"line":118},"17":{"loc":{"start":{"line":128,"column":23},"end":{"line":130,"column":37}},"type":"cond-expr","locations":[{"start":{"line":129,"column":12},"end":{"line":129,"column":38}},{"start":{"line":130,"column":12},"end":{"line":130,"column":37}}],"line":128},"18":{"loc":{"start":{"line":138,"column":26},"end":{"line":138,"column":40}},"type":"binary-expr","locations":[{"start":{"line":138,"column":26},"end":{"line":138,"column":35}},{"start":{"line":138,"column":39},"end":{"line":138,"column":40}}],"line":138},"19":{"loc":{"start":{"line":149,"column":6},"end":{"line":151,"column":7}},"type":"if","locations":[{"start":{"line":149,"column":6},"end":{"line":151,"column":7}},{"start":{},"end":{}}],"line":149},"20":{"loc":{"start":{"line":162,"column":6},"end":{"line":168,"column":7}},"type":"if","locations":[{"start":{"line":162,"column":6},"end":{"line":168,"column":7}},{"start":{"line":164,"column":13},"end":{"line":168,"column":7}}],"line":162},"21":{"loc":{"start":{"line":164,"column":13},"end":{"line":168,"column":7}},"type":"if","locations":[{"start":{"line":164,"column":13},"end":{"line":168,"column":7}},{"start":{},"end":{}}],"line":164},"22":{"loc":{"start":{"line":166,"column":8},"end":{"line":166,"column":79}},"type":"if","locations":[{"start":{"line":166,"column":8},"end":{"line":166,"column":79}},{"start":{},"end":{}}],"line":166},"23":{"loc":{"start":{"line":190,"column":6},"end":{"line":190,"column":79}},"type":"if","locations":[{"start":{"line":190,"column":6},"end":{"line":190,"column":79}},{"start":{},"end":{}}],"line":190},"24":{"loc":{"start":{"line":203,"column":6},"end":{"line":203,"column":79}},"type":"if","locations":[{"start":{"line":203,"column":6},"end":{"line":203,"column":79}},{"start":{},"end":{}}],"line":203},"25":{"loc":{"start":{"line":204,"column":6},"end":{"line":206,"column":7}},"type":"if","locations":[{"start":{"line":204,"column":6},"end":{"line":206,"column":7}},{"start":{},"end":{}}],"line":204},"26":{"loc":{"start":{"line":204,"column":10},"end":{"line":204,"column":80}},"type":"binary-expr","locations":[{"start":{"line":204,"column":10},"end":{"line":204,"column":47}},{"start":{"line":204,"column":51},"end":{"line":204,"column":80}}],"line":204},"27":{"loc":{"start":{"line":213,"column":6},"end":{"line":215,"column":7}},"type":"if","locations":[{"start":{"line":213,"column":6},"end":{"line":215,"column":7}},{"start":{},"end":{}}],"line":213},"28":{"loc":{"start":{"line":219,"column":6},"end":{"line":224,"column":7}},"type":"if","locations":[{"start":{"line":219,"column":6},"end":{"line":224,"column":7}},{"start":{},"end":{}}],"line":219},"29":{"loc":{"start":{"line":220,"column":8},"end":{"line":221,"column":90}},"type":"binary-expr","locations":[{"start":{"line":220,"column":8},"end":{"line":220,"column":53}},{"start":{"line":221,"column":9},"end":{"line":221,"column":89}}],"line":220}},"s":{"0":3,"1":3,"2":3,"3":3,"4":3,"5":3,"6":3,"7":3,"8":6,"9":6,"10":6,"11":3,"12":3,"13":0,"14":3,"15":1,"16":2,"17":1,"18":1,"19":10,"20":10,"21":10,"22":1,"23":9,"24":1,"25":8,"26":1,"27":7,"28":1,"29":6,"30":6,"31":6,"32":1,"33":5,"34":5,"35":1,"36":4,"37":1,"38":3,"39":3,"40":1,"41":2,"42":2,"43":2,"44":2,"45":2,"46":2,"47":1,"48":2,"49":8,"50":3,"51":3,"52":3,"53":0,"54":3,"55":2,"56":2,"57":1,"58":1,"59":2,"60":2,"61":1,"62":4,"63":4,"64":4,"65":1,"66":3,"67":2,"68":2,"69":4,"70":4,"71":4,"72":0,"73":4,"74":1,"75":3,"76":3,"77":3,"78":1,"79":2,"80":2,"81":2,"82":2,"83":2,"84":2,"85":3},"f":{"0":6,"1":3,"2":10,"3":6,"4":3,"5":4,"6":4},"b":{"0":[6,0],"1":[6,0],"2":[6,0],"3":[0,3],"4":[1,2],"5":[3,2],"6":[1,1],"7":[2,1],"8":[1,9],"9":[10,9,9],"10":[1,8],"11":[1,7],"12":[1,6],"13":[1,5],"14":[1,4],"15":[1,3],"16":[1,2],"17":[1,1],"18":[2,0],"19":[1,1],"20":[0,3],"21":[2,1],"22":[1,1],"23":[1,3],"24":[0,4],"25":[1,3],"26":[4,1],"27":[1,2],"28":[2,0],"29":[2,1]},"_coverageSchema":"1a1c01bbd47fc00a2c39e90264f33305004495a9","hash":"81bf71fe3d93efdfedc359a5a4d901b37d85ab6e"}
,"C:\\Wira\\FILE WIRA\\Bootcamp\\Phase 2\\Week 4\\Day 2\\MediFlow\\Server\\controllers\\authController.js": {"path":"C:\\Wira\\FILE WIRA\\Bootcamp\\Phase 2\\Week 4\\Day 2\\MediFlow\\Server\\controllers\\authController.js","statementMap":{"0":{"start":{"line":1,"column":25},"end":{"line":1,"column":45}},"1":{"start":{"line":2,"column":42},"end":{"line":2,"column":70}},"2":{"start":{"line":3,"column":22},"end":{"line":3,"column":47}},"3":{"start":{"line":4,"column":18},"end":{"line":4,"column":49}},"4":{"start":{"line":5,"column":18},"end":{"line":5,"column":49}},"5":{"start":{"line":8,"column":2},"end":{"line":13,"column":4}},"6":{"start":{"line":18,"column":4},"end":{"line":38,"column":5}},"7":{"start":{"line":19,"column":47},"end":{"line":19,"column":55}},"8":{"start":{"line":20,"column":6},"end":{"line":22,"column":7}},"9":{"start":{"line":21,"column":8},"end":{"line":21,"column":84}},"10":{"start":{"line":23,"column":6},"end":{"line":25,"column":7}},"11":{"start":{"line":24,"column":8},"end":{"line":24,"column":64}},"12":{"start":{"line":27,"column":19},"end":{"line":33,"column":8}},"13":{"start":{"line":35,"column":6},"end":{"line":35,"column":46}},"14":{"start":{"line":37,"column":6},"end":{"line":37,"column":16}},"15":{"start":{"line":42,"column":4},"end":{"line":62,"column":5}},"16":{"start":{"line":43,"column":34},"end":{"line":43,"column":42}},"17":{"start":{"line":44,"column":6},"end":{"line":46,"column":7}},"18":{"start":{"line":45,"column":8},"end":{"line":45,"column":67}},"19":{"start":{"line":48,"column":19},"end":{"line":50,"column":8}},"20":{"start":{"line":51,"column":6},"end":{"line":53,"column":7}},"21":{"start":{"line":52,"column":8},"end":{"line":52,"column":62}},"22":{"start":{"line":55,"column":26},"end":{"line":55,"column":73}},"23":{"start":{"line":56,"column":6},"end":{"line":59,"column":9}},"24":{"start":{"line":61,"column":6},"end":{"line":61,"column":16}},"25":{"start":{"line":66,"column":4},"end":{"line":85,"column":5}},"26":{"start":{"line":67,"column":19},"end":{"line":69,"column":8}},"27":{"start":{"line":70,"column":6},"end":{"line":70,"column":75}},"28":{"start":{"line":70,"column":17},"end":{"line":70,"column":75}},"29":{"start":{"line":72,"column":22},"end":{"line":72,"column":39}},"30":{"start":{"line":73,"column":6},"end":{"line":81,"column":7}},"31":{"start":{"line":74,"column":8},"end":{"line":80,"column":10}},"32":{"start":{"line":82,"column":6},"end":{"line":82,"column":24}},"33":{"start":{"line":84,"column":6},"end":{"line":84,"column":16}},"34":{"start":{"line":89,"column":0},"end":{"line":89,"column":32}}},"fnMap":{"0":{"name":"publicUser","decl":{"start":{"line":7,"column":9},"end":{"line":7,"column":19}},"loc":{"start":{"line":7,"column":26},"end":{"line":14,"column":1}},"line":7},"1":{"name":"(anonymous_1)","decl":{"start":{"line":17,"column":2},"end":{"line":17,"column":3}},"loc":{"start":{"line":17,"column":40},"end":{"line":39,"column":3}},"line":17},"2":{"name":"(anonymous_2)","decl":{"start":{"line":41,"column":2},"end":{"line":41,"column":3}},"loc":{"start":{"line":41,"column":37},"end":{"line":63,"column":3}},"line":41},"3":{"name":"(anonymous_3)","decl":{"start":{"line":65,"column":2},"end":{"line":65,"column":3}},"loc":{"start":{"line":65,"column":34},"end":{"line":86,"column":3}},"line":65}},"branchMap":{"0":{"loc":{"start":{"line":20,"column":6},"end":{"line":22,"column":7}},"type":"if","locations":[{"start":{"line":20,"column":6},"end":{"line":22,"column":7}},{"start":{},"end":{}}],"line":20},"1":{"loc":{"start":{"line":20,"column":10},"end":{"line":20,"column":48}},"type":"binary-expr","locations":[{"start":{"line":20,"column":10},"end":{"line":20,"column":15}},{"start":{"line":20,"column":19},"end":{"line":20,"column":25}},{"start":{"line":20,"column":29},"end":{"line":20,"column":38}},{"start":{"line":20,"column":42},"end":{"line":20,"column":48}}],"line":20},"2":{"loc":{"start":{"line":23,"column":6},"end":{"line":25,"column":7}},"type":"if","locations":[{"start":{"line":23,"column":6},"end":{"line":25,"column":7}},{"start":{},"end":{}}],"line":23},"3":{"loc":{"start":{"line":44,"column":6},"end":{"line":46,"column":7}},"type":"if","locations":[{"start":{"line":44,"column":6},"end":{"line":46,"column":7}},{"start":{},"end":{}}],"line":44},"4":{"loc":{"start":{"line":44,"column":10},"end":{"line":44,"column":29}},"type":"binary-expr","locations":[{"start":{"line":44,"column":10},"end":{"line":44,"column":16}},{"start":{"line":44,"column":20},"end":{"line":44,"column":29}}],"line":44},"5":{"loc":{"start":{"line":51,"column":6},"end":{"line":53,"column":7}},"type":"if","locations":[{"start":{"line":51,"column":6},"end":{"line":53,"column":7}},{"start":{},"end":{}}],"line":51},"6":{"loc":{"start":{"line":51,"column":10},"end":{"line":51,"column":64}},"type":"binary-expr","locations":[{"start":{"line":51,"column":10},"end":{"line":51,"column":15}},{"start":{"line":51,"column":19},"end":{"line":51,"column":64}}],"line":51},"7":{"loc":{"start":{"line":70,"column":6},"end":{"line":70,"column":75}},"type":"if","locations":[{"start":{"line":70,"column":6},"end":{"line":70,"column":75}},{"start":{},"end":{}}],"line":70},"8":{"loc":{"start":{"line":73,"column":6},"end":{"line":81,"column":7}},"type":"if","locations":[{"start":{"line":73,"column":6},"end":{"line":81,"column":7}},{"start":{},"end":{}}],"line":73}},"s":{"0":3,"1":3,"2":3,"3":3,"4":3,"5":1,"6":3,"7":3,"8":3,"9":1,"10":2,"11":1,"12":1,"13":1,"14":2,"15":3,"16":3,"17":3,"18":1,"19":2,"20":2,"21":1,"22":1,"23":1,"24":2,"25":3,"26":3,"27":3,"28":1,"29":2,"30":2,"31":1,"32":2,"33":1,"34":3},"f":{"0":1,"1":3,"2":3,"3":3},"b":{"0":[1,2],"1":[3,2,2,2],"2":[1,1],"3":[1,2],"4":[3,2],"5":[1,1],"6":[2,1],"7":[1,2],"8":[1,1]},"_coverageSchema":"1a1c01bbd47fc00a2c39e90264f33305004495a9","hash":"535a9ed991a42f02f008fc21b10a71895c97a24a"}
,"C:\\Wira\\FILE WIRA\\Bootcamp\\Phase 2\\Week 4\\Day 2\\MediFlow\\Server\\controllers\\chatController.js": {"path":"C:\\Wira\\FILE WIRA\\Bootcamp\\Phase 2\\Week 4\\Day 2\\MediFlow\\Server\\controllers\\chatController.js","statementMap":{"0":{"start":{"line":1,"column":15},"end":{"line":1,"column":35}},"1":{"start":{"line":8,"column":4},"end":{"line":8,"column":24}},"2":{"start":{"line":9,"column":18},"end":{"line":9,"column":49}},"3":{"start":{"line":10,"column":18},"end":{"line":10,"column":49}},"4":{"start":{"line":11,"column":23},"end":{"line":11,"column":49}},"5":{"start":{"line":12,"column":43},"end":{"line":12,"column":75}},"6":{"start":{"line":13,"column":42},"end":{"line":13,"column":68}},"7":{"start":{"line":16,"column":2},"end":{"line":23,"column":4}},"8":{"start":{"line":27,"column":22},"end":{"line":32,"column":4}},"9":{"start":{"line":33,"column":2},"end":{"line":33,"column":75}},"10":{"start":{"line":33,"column":20},"end":{"line":33,"column":75}},"11":{"start":{"line":34,"column":2},"end":{"line":34,"column":21}},"12":{"start":{"line":38,"column":2},"end":{"line":40,"column":3}},"13":{"start":{"line":39,"column":4},"end":{"line":39,"column":11}},"14":{"start":{"line":41,"column":2},"end":{"line":45,"column":3}},"15":{"start":{"line":42,"column":4},"end":{"line":42,"column":59}},"16":{"start":{"line":42,"column":52},"end":{"line":42,"column":59}},"17":{"start":{"line":43,"column":19},"end":{"line":43,"column":75}},"18":{"start":{"line":44,"column":4},"end":{"line":44,"column":61}},"19":{"start":{"line":44,"column":54},"end":{"line":44,"column":61}},"20":{"start":{"line":46,"column":2},"end":{"line":46,"column":56}},"21":{"start":{"line":50,"column":2},"end":{"line":52,"column":3}},"22":{"start":{"line":51,"column":4},"end":{"line":51,"column":54}},"23":{"start":{"line":53,"column":2},"end":{"line":53,"column":47}},"24":{"start":{"line":57,"column":2},"end":{"line":57,"column":63}},"25":{"start":{"line":57,"column":42},"end":{"line":57,"column":63}},"26":{"start":{"line":58,"column":2},"end":{"line":58,"column":22}},"27":{"start":{"line":63,"column":4},"end":{"line":134,"column":5}},"28":{"start":{"line":64,"column":6},"end":{"line":66,"column":7}},"29":{"start":{"line":65,"column":8},"end":{"line":65,"column":69}},"30":{"start":{"line":68,"column":20},"end":{"line":68,"column":22}},"31":{"start":{"line":69,"column":6},"end":{"line":77,"column":7}},"32":{"start":{"line":70,"column":8},"end":{"line":70,"column":38}},"33":{"start":{"line":71,"column":13},"end":{"line":77,"column":7}},"34":{"start":{"line":72,"column":23},"end":{"line":72,"column":79}},"35":{"start":{"line":73,"column":8},"end":{"line":73,"column":79}},"36":{"start":{"line":73,"column":21},"end":{"line":73,"column":79}},"37":{"start":{"line":74,"column":8},"end":{"line":74,"column":35}},"38":{"start":{"line":76,"column":8},"end":{"line":76,"column":62}},"39":{"start":{"line":79,"column":27},"end":{"line":89,"column":8}},"40":{"start":{"line":91,"column":22},"end":{"line":91,"column":24}},"41":{"start":{"line":92,"column":6},"end":{"line":129,"column":7}},"42":{"start":{"line":93,"column":28},"end":{"line":99,"column":10}},"43":{"start":{"line":100,"column":25},"end":{"line":102,"column":10}},"44":{"start":{"line":103,"column":28},"end":{"line":106,"column":9}},"45":{"start":{"line":107,"column":8},"end":{"line":109,"column":9}},"46":{"start":{"line":108,"column":10},"end":{"line":108,"column":67}},"47":{"start":{"line":110,"column":28},"end":{"line":110,"column":71}},"48":{"start":{"line":112,"column":8},"end":{"line":128,"column":11}},"49":{"start":{"line":131,"column":6},"end":{"line":131,"column":36}},"50":{"start":{"line":133,"column":6},"end":{"line":133,"column":16}},"51":{"start":{"line":138,"column":4},"end":{"line":157,"column":5}},"52":{"start":{"line":139,"column":26},"end":{"line":139,"column":66}},"53":{"start":{"line":140,"column":6},"end":{"line":140,"column":52}},"54":{"start":{"line":142,"column":23},"end":{"line":148,"column":8}},"55":{"start":{"line":150,"column":6},"end":{"line":154,"column":8}},"56":{"start":{"line":152,"column":10},"end":{"line":152,"column":81}},"57":{"start":{"line":156,"column":6},"end":{"line":156,"column":16}},"58":{"start":{"line":161,"column":4},"end":{"line":185,"column":5}},"59":{"start":{"line":162,"column":26},"end":{"line":162,"column":66}},"60":{"start":{"line":163,"column":6},"end":{"line":163,"column":52}},"61":{"start":{"line":165,"column":6},"end":{"line":167,"column":7}},"62":{"start":{"line":166,"column":8},"end":{"line":166,"column":62}},"63":{"start":{"line":169,"column":19},"end":{"line":169,"column":80}},"64":{"start":{"line":170,"column":6},"end":{"line":170,"column":70}},"65":{"start":{"line":170,"column":17},"end":{"line":170,"column":70}},"66":{"start":{"line":171,"column":6},"end":{"line":171,"column":87}},"67":{"start":{"line":171,"column":30},"end":{"line":171,"column":87}},"68":{"start":{"line":173,"column":22},"end":{"line":177,"column":8}},"69":{"start":{"line":179,"column":22},"end":{"line":179,"column":62}},"70":{"start":{"line":180,"column":6},"end":{"line":180,"column":47}},"71":{"start":{"line":182,"column":6},"end":{"line":182,"column":36}},"72":{"start":{"line":184,"column":6},"end":{"line":184,"column":16}},"73":{"start":{"line":189,"column":4},"end":{"line":215,"column":5}},"74":{"start":{"line":190,"column":26},"end":{"line":190,"column":66}},"75":{"start":{"line":191,"column":6},"end":{"line":191,"column":52}},"76":{"start":{"line":193,"column":25},"end":{"line":193,"column":35}},"77":{"start":{"line":194,"column":34},"end":{"line":197,"column":8}},"78":{"start":{"line":198,"column":6},"end":{"line":200,"column":7}},"79":{"start":{"line":199,"column":8},"end":{"line":199,"column":46}},"80":{"start":{"line":202,"column":21},"end":{"line":202,"column":63}},"81":{"start":{"line":203,"column":6},"end":{"line":206,"column":9}},"82":{"start":{"line":208,"column":6},"end":{"line":212,"column":9}},"83":{"start":{"line":214,"column":6},"end":{"line":214,"column":16}},"84":{"start":{"line":219,"column":0},"end":{"line":219,"column":32}}},"fnMap":{"0":{"name":"serializeMessage","decl":{"start":{"line":15,"column":9},"end":{"line":15,"column":25}},"loc":{"start":{"line":15,"column":47},"end":{"line":24,"column":1}},"line":15},"1":{"name":"loadChatAppointment","decl":{"start":{"line":26,"column":15},"end":{"line":26,"column":34}},"loc":{"start":{"line":26,"column":50},"end":{"line":35,"column":1}},"line":26},"2":{"name":"assertChatParticipant","decl":{"start":{"line":37,"column":15},"end":{"line":37,"column":36}},"loc":{"start":{"line":37,"column":55},"end":{"line":47,"column":1}},"line":37},"3":{"name":"counterpartName","decl":{"start":{"line":49,"column":9},"end":{"line":49,"column":24}},"loc":{"start":{"line":49,"column":43},"end":{"line":54,"column":1}},"line":49},"4":{"name":"senderRoleFor","decl":{"start":{"line":56,"column":9},"end":{"line":56,"column":22}},"loc":{"start":{"line":56,"column":46},"end":{"line":59,"column":1}},"line":56},"5":{"name":"(anonymous_5)","decl":{"start":{"line":62,"column":2},"end":{"line":62,"column":3}},"loc":{"start":{"line":62,"column":37},"end":{"line":135,"column":3}},"line":62},"6":{"name":"(anonymous_6)","decl":{"start":{"line":137,"column":2},"end":{"line":137,"column":3}},"loc":{"start":{"line":137,"column":44},"end":{"line":158,"column":3}},"line":137},"7":{"name":"(anonymous_7)","decl":{"start":{"line":151,"column":21},"end":{"line":151,"column":22}},"loc":{"start":{"line":152,"column":10},"end":{"line":152,"column":81}},"line":152},"8":{"name":"(anonymous_8)","decl":{"start":{"line":160,"column":2},"end":{"line":160,"column":3}},"loc":{"start":{"line":160,"column":45},"end":{"line":186,"column":3}},"line":160},"9":{"name":"(anonymous_9)","decl":{"start":{"line":188,"column":2},"end":{"line":188,"column":3}},"loc":{"start":{"line":188,"column":40},"end":{"line":216,"column":3}},"line":188}},"branchMap":{"0":{"loc":{"start":{"line":33,"column":2},"end":{"line":33,"column":75}},"type":"if","locations":[{"start":{"line":33,"column":2},"end":{"line":33,"column":75}},{"start":{},"end":{}}],"line":33},"1":{"loc":{"start":{"line":38,"column":2},"end":{"line":40,"column":3}},"type":"if","locations":[{"start":{"line":38,"column":2},"end":{"line":40,"column":3}},{"start":{},"end":{}}],"line":38},"2":{"loc":{"start":{"line":38,"column":6},"end":{"line":38,"column":78}},"type":"binary-expr","locations":[{"start":{"line":38,"column":6},"end":{"line":38,"column":37}},{"start":{"line":38,"column":41},"end":{"line":38,"column":78}}],"line":38},"3":{"loc":{"start":{"line":41,"column":2},"end":{"line":45,"column":3}},"type":"if","locations":[{"start":{"line":41,"column":2},"end":{"line":45,"column":3}},{"start":{},"end":{}}],"line":41},"4":{"loc":{"start":{"line":42,"column":4},"end":{"line":42,"column":59}},"type":"if","locations":[{"start":{"line":42,"column":4},"end":{"line":42,"column":59}},{"start":{},"end":{}}],"line":42},"5":{"loc":{"start":{"line":44,"column":4},"end":{"line":44,"column":61}},"type":"if","locations":[{"start":{"line":44,"column":4},"end":{"line":44,"column":61}},{"start":{},"end":{}}],"line":44},"6":{"loc":{"start":{"line":44,"column":8},"end":{"line":44,"column":52}},"type":"binary-expr","locations":[{"start":{"line":44,"column":8},"end":{"line":44,"column":14}},{"start":{"line":44,"column":18},"end":{"line":44,"column":52}}],"line":44},"7":{"loc":{"start":{"line":50,"column":2},"end":{"line":52,"column":3}},"type":"if","locations":[{"start":{"line":50,"column":2},"end":{"line":52,"column":3}},{"start":{},"end":{}}],"line":50},"8":{"loc":{"start":{"line":51,"column":11},"end":{"line":51,"column":53}},"type":"binary-expr","locations":[{"start":{"line":51,"column":11},"end":{"line":51,"column":41}},{"start":{"line":51,"column":45},"end":{"line":51,"column":53}}],"line":51},"9":{"loc":{"start":{"line":53,"column":9},"end":{"line":53,"column":46}},"type":"binary-expr","locations":[{"start":{"line":53,"column":9},"end":{"line":53,"column":34}},{"start":{"line":53,"column":38},"end":{"line":53,"column":46}}],"line":53},"10":{"loc":{"start":{"line":57,"column":2},"end":{"line":57,"column":63}},"type":"if","locations":[{"start":{"line":57,"column":2},"end":{"line":57,"column":63}},{"start":{},"end":{}}],"line":57},"11":{"loc":{"start":{"line":64,"column":6},"end":{"line":66,"column":7}},"type":"if","locations":[{"start":{"line":64,"column":6},"end":{"line":66,"column":7}},{"start":{},"end":{}}],"line":64},"12":{"loc":{"start":{"line":69,"column":6},"end":{"line":77,"column":7}},"type":"if","locations":[{"start":{"line":69,"column":6},"end":{"line":77,"column":7}},{"start":{"line":71,"column":13},"end":{"line":77,"column":7}}],"line":69},"13":{"loc":{"start":{"line":71,"column":13},"end":{"line":77,"column":7}},"type":"if","locations":[{"start":{"line":71,"column":13},"end":{"line":77,"column":7}},{"start":{"line":75,"column":13},"end":{"line":77,"column":7}}],"line":71},"14":{"loc":{"start":{"line":73,"column":8},"end":{"line":73,"column":79}},"type":"if","locations":[{"start":{"line":73,"column":8},"end":{"line":73,"column":79}},{"start":{},"end":{}}],"line":73},"15":{"loc":{"start":{"line":107,"column":8},"end":{"line":109,"column":9}},"type":"if","locations":[{"start":{"line":107,"column":8},"end":{"line":109,"column":9}},{"start":{},"end":{}}],"line":107},"16":{"loc":{"start":{"line":116,"column":23},"end":{"line":123,"column":18}},"type":"cond-expr","locations":[{"start":{"line":117,"column":14},"end":{"line":122,"column":15}},{"start":{"line":123,"column":14},"end":{"line":123,"column":18}}],"line":116},"17":{"loc":{"start":{"line":165,"column":6},"end":{"line":167,"column":7}},"type":"if","locations":[{"start":{"line":165,"column":6},"end":{"line":167,"column":7}},{"start":{},"end":{}}],"line":165},"18":{"loc":{"start":{"line":169,"column":19},"end":{"line":169,"column":80}},"type":"cond-expr","locations":[{"start":{"line":169,"column":55},"end":{"line":169,"column":75}},{"start":{"line":169,"column":78},"end":{"line":169,"column":80}}],"line":169},"19":{"loc":{"start":{"line":170,"column":6},"end":{"line":170,"column":70}},"type":"if","locations":[{"start":{"line":170,"column":6},"end":{"line":170,"column":70}},{"start":{},"end":{}}],"line":170},"20":{"loc":{"start":{"line":171,"column":6},"end":{"line":171,"column":87}},"type":"if","locations":[{"start":{"line":171,"column":6},"end":{"line":171,"column":87}},{"start":{},"end":{}}],"line":171},"21":{"loc":{"start":{"line":198,"column":6},"end":{"line":200,"column":7}},"type":"if","locations":[{"start":{"line":198,"column":6},"end":{"line":200,"column":7}},{"start":{},"end":{}}],"line":198},"22":{"loc":{"start":{"line":202,"column":21},"end":{"line":202,"column":63}},"type":"cond-expr","locations":[{"start":{"line":202,"column":31},"end":{"line":202,"column":41}},{"start":{"line":202,"column":44},"end":{"line":202,"column":63}}],"line":202}},"s":{"0":3,"1":3,"2":3,"3":3,"4":3,"5":3,"6":3,"7":2,"8":11,"9":11,"10":1,"11":10,"12":10,"13":8,"14":2,"15":1,"16":0,"17":1,"18":1,"19":1,"20":1,"21":2,"22":1,"23":1,"24":1,"25":1,"26":0,"27":5,"28":5,"29":1,"30":4,"31":4,"32":1,"33":3,"34":2,"35":2,"36":1,"37":1,"38":1,"39":2,"40":2,"41":2,"42":2,"43":2,"44":2,"45":2,"46":2,"47":2,"48":2,"49":2,"50":3,"51":3,"52":3,"53":2,"54":2,"55":2,"56":1,"57":2,"58":6,"59":6,"60":6,"61":5,"62":2,"63":3,"64":3,"65":1,"66":2,"67":1,"68":1,"69":1,"70":1,"71":1,"72":5,"73":2,"74":2,"75":2,"76":2,"77":2,"78":2,"79":1,"80":2,"81":2,"82":2,"83":0,"84":3},"f":{"0":2,"1":11,"2":10,"3":2,"4":1,"5":5,"6":3,"7":1,"8":6,"9":2},"b":{"0":[1,10],"1":[8,2],"2":[10,9],"3":[1,1],"4":[0,1],"5":[1,0],"6":[1,1],"7":[1,1],"8":[1,0],"9":[1,0],"10":[1,0],"11":[1,4],"12":[1,3],"13":[2,1],"14":[1,1],"15":[2,0],"16":[2,0],"17":[2,3],"18":[3,0],"19":[1,2],"20":[1,1],"21":[1,1],"22":[1,1]},"_coverageSchema":"1a1c01bbd47fc00a2c39e90264f33305004495a9","hash":"7107b6c31b58a2ce23bcc50b599c6e2a950d9116"}
,"C:\\Wira\\FILE WIRA\\Bootcamp\\Phase 2\\Week 4\\Day 2\\MediFlow\\Server\\controllers\\chatbotController.js": {"path":"C:\\Wira\\FILE WIRA\\Bootcamp\\Phase 2\\Week 4\\Day 2\\MediFlow\\Server\\controllers\\chatbotController.js","statementMap":{"0":{"start":{"line":1,"column":34},"end":{"line":1,"column":66}},"1":{"start":{"line":5,"column":4},"end":{"line":5,"column":44}},"2":{"start":{"line":6,"column":18},"end":{"line":6,"column":49}},"3":{"start":{"line":9,"column":2},"end":{"line":9,"column":123}},"4":{"start":{"line":12,"column":2},"end":{"line":12,"column":106}},"5":{"start":{"line":15,"column":2},"end":{"line":15,"column":102}},"6":{"start":{"line":18,"column":2},"end":{"line":22,"column":4}},"7":{"start":{"line":27,"column":4},"end":{"line":52,"column":5}},"8":{"start":{"line":28,"column":22},"end":{"line":28,"column":89}},"9":{"start":{"line":29,"column":6},"end":{"line":29,"column":68}},"10":{"start":{"line":29,"column":20},"end":{"line":29,"column":68}},"11":{"start":{"line":30,"column":6},"end":{"line":30,"column":85}},"12":{"start":{"line":30,"column":33},"end":{"line":30,"column":85}},"13":{"start":{"line":32,"column":31},"end":{"line":32,"column":58}},"14":{"start":{"line":33,"column":6},"end":{"line":35,"column":7}},"15":{"start":{"line":34,"column":8},"end":{"line":34,"column":69}},"16":{"start":{"line":37,"column":17},"end":{"line":37,"column":71}},"17":{"start":{"line":38,"column":30},"end":{"line":43,"column":12}},"18":{"start":{"line":40,"column":27},"end":{"line":40,"column":73}},"19":{"start":{"line":45,"column":6},"end":{"line":49,"column":9}},"20":{"start":{"line":51,"column":6},"end":{"line":51,"column":16}},"21":{"start":{"line":56,"column":0},"end":{"line":56,"column":35}}},"fnMap":{"0":{"name":"emptyResponse","decl":{"start":{"line":17,"column":9},"end":{"line":17,"column":22}},"loc":{"start":{"line":17,"column":30},"end":{"line":23,"column":1}},"line":17},"1":{"name":"(anonymous_1)","decl":{"start":{"line":26,"column":2},"end":{"line":26,"column":3}},"loc":{"start":{"line":26,"column":41},"end":{"line":53,"column":3}},"line":26},"2":{"name":"(anonymous_2)","decl":{"start":{"line":40,"column":17},"end":{"line":40,"column":18}},"loc":{"start":{"line":40,"column":27},"end":{"line":40,"column":73}},"line":40}},"branchMap":{"0":{"loc":{"start":{"line":28,"column":22},"end":{"line":28,"column":89}},"type":"cond-expr","locations":[{"start":{"line":28,"column":61},"end":{"line":28,"column":84}},{"start":{"line":28,"column":87},"end":{"line":28,"column":89}}],"line":28},"1":{"loc":{"start":{"line":29,"column":6},"end":{"line":29,"column":68}},"type":"if","locations":[{"start":{"line":29,"column":6},"end":{"line":29,"column":68}},{"start":{},"end":{}}],"line":29},"2":{"loc":{"start":{"line":30,"column":6},"end":{"line":30,"column":85}},"type":"if","locations":[{"start":{"line":30,"column":6},"end":{"line":30,"column":85}},{"start":{},"end":{}}],"line":30},"3":{"loc":{"start":{"line":33,"column":6},"end":{"line":35,"column":7}},"type":"if","locations":[{"start":{"line":33,"column":6},"end":{"line":35,"column":7}},{"start":{},"end":{}}],"line":33},"4":{"loc":{"start":{"line":38,"column":30},"end":{"line":43,"column":12}},"type":"cond-expr","locations":[{"start":{"line":39,"column":10},"end":{"line":42,"column":24}},{"start":{"line":43,"column":10},"end":{"line":43,"column":12}}],"line":38},"5":{"loc":{"start":{"line":47,"column":15},"end":{"line":47,"column":65}},"type":"cond-expr","locations":[{"start":{"line":47,"column":40},"end":{"line":47,"column":48}},{"start":{"line":47,"column":51},"end":{"line":47,"column":65}}],"line":47}},"s":{"0":2,"1":2,"2":2,"3":2,"4":2,"5":2,"6":1,"7":5,"8":5,"9":5,"10":1,"11":4,"12":1,"13":3,"14":3,"15":1,"16":2,"17":2,"18":1,"19":2,"20":2,"21":2},"f":{"0":1,"1":5,"2":1},"b":{"0":[4,1],"1":[1,4],"2":[1,3],"3":[1,2],"4":[2,0],"5":[1,1]},"_coverageSchema":"1a1c01bbd47fc00a2c39e90264f33305004495a9","hash":"eabf7e7090e19ca9ee1ee6fc26054c7874b2fc9b"}
,"C:\\Wira\\FILE WIRA\\Bootcamp\\Phase 2\\Week 4\\Day 2\\MediFlow\\Server\\controllers\\consultationController.js": {"path":"C:\\Wira\\FILE WIRA\\Bootcamp\\Phase 2\\Week 4\\Day 2\\MediFlow\\Server\\controllers\\consultationController.js","statementMap":{"0":{"start":{"line":8,"column":4},"end":{"line":8,"column":24}},"1":{"start":{"line":9,"column":18},"end":{"line":9,"column":49}},"2":{"start":{"line":10,"column":47},"end":{"line":10,"column":78}},"3":{"start":{"line":11,"column":49},"end":{"line":11,"column":75}},"4":{"start":{"line":14,"column":2},"end":{"line":14,"column":46}},"5":{"start":{"line":14,"column":33},"end":{"line":14,"column":46}},"6":{"start":{"line":15,"column":2},"end":{"line":17,"column":3}},"7":{"start":{"line":16,"column":4},"end":{"line":16,"column":25}},"8":{"start":{"line":18,"column":2},"end":{"line":18,"column":13}},"9":{"start":{"line":22,"column":2},"end":{"line":22,"column":61}},"10":{"start":{"line":22,"column":51},"end":{"line":22,"column":61}},"11":{"start":{"line":23,"column":2},"end":{"line":25,"column":3}},"12":{"start":{"line":24,"column":4},"end":{"line":24,"column":57}},"13":{"start":{"line":27,"column":2},"end":{"line":43,"column":5}},"14":{"start":{"line":28,"column":23},"end":{"line":28,"column":47}},"15":{"start":{"line":29,"column":21},"end":{"line":29,"column":50}},"16":{"start":{"line":30,"column":19},"end":{"line":30,"column":77}},"17":{"start":{"line":32,"column":4},"end":{"line":34,"column":5}},"18":{"start":{"line":33,"column":6},"end":{"line":33,"column":77}},"19":{"start":{"line":35,"column":4},"end":{"line":37,"column":5}},"20":{"start":{"line":36,"column":6},"end":{"line":36,"column":82}},"21":{"start":{"line":38,"column":4},"end":{"line":40,"column":5}},"22":{"start":{"line":39,"column":6},"end":{"line":39,"column":78}},"23":{"start":{"line":42,"column":4},"end":{"line":42,"column":44}},"24":{"start":{"line":48,"column":4},"end":{"line":177,"column":5}},"25":{"start":{"line":49,"column":78},"end":{"line":49,"column":86}},"26":{"start":{"line":50,"column":6},"end":{"line":50,"column":80}},"27":{"start":{"line":50,"column":26},"end":{"line":50,"column":80}},"28":{"start":{"line":52,"column":28},"end":{"line":52,"column":81}},"29":{"start":{"line":53,"column":28},"end":{"line":53,"column":81}},"30":{"start":{"line":54,"column":24},"end":{"line":54,"column":69}},"31":{"start":{"line":55,"column":6},"end":{"line":55,"column":74}},"32":{"start":{"line":55,"column":26},"end":{"line":55,"column":74}},"33":{"start":{"line":56,"column":6},"end":{"line":56,"column":75}},"34":{"start":{"line":56,"column":26},"end":{"line":56,"column":75}},"35":{"start":{"line":58,"column":20},"end":{"line":58,"column":44}},"36":{"start":{"line":60,"column":21},"end":{"line":138,"column":8}},"37":{"start":{"line":61,"column":28},"end":{"line":61,"column":86}},"38":{"start":{"line":62,"column":8},"end":{"line":62,"column":81}},"39":{"start":{"line":62,"column":26},"end":{"line":62,"column":81}},"40":{"start":{"line":63,"column":8},"end":{"line":65,"column":9}},"41":{"start":{"line":64,"column":10},"end":{"line":64,"column":64}},"42":{"start":{"line":66,"column":8},"end":{"line":71,"column":9}},"43":{"start":{"line":67,"column":10},"end":{"line":70,"column":12}},"44":{"start":{"line":73,"column":25},"end":{"line":76,"column":10}},"45":{"start":{"line":77,"column":8},"end":{"line":79,"column":9}},"46":{"start":{"line":78,"column":10},"end":{"line":78,"column":84}},"47":{"start":{"line":81,"column":27},"end":{"line":81,"column":36}},"48":{"start":{"line":82,"column":8},"end":{"line":93,"column":9}},"49":{"start":{"line":83,"column":28},"end":{"line":86,"column":12}},"50":{"start":{"line":84,"column":45},"end":{"line":84,"column":60}},"51":{"start":{"line":87,"column":10},"end":{"line":87,"column":72}},"52":{"start":{"line":87,"column":56},"end":{"line":87,"column":69}},"53":{"start":{"line":88,"column":10},"end":{"line":92,"column":11}},"54":{"start":{"line":89,"column":12},"end":{"line":91,"column":13}},"55":{"start":{"line":90,"column":14},"end":{"line":90,"column":92}},"56":{"start":{"line":95,"column":29},"end":{"line":103,"column":9}},"57":{"start":{"line":105,"column":34},"end":{"line":105,"column":36}},"58":{"start":{"line":106,"column":28},"end":{"line":106,"column":29}},"59":{"start":{"line":107,"column":8},"end":{"line":120,"column":9}},"60":{"start":{"line":108,"column":27},"end":{"line":108,"column":60}},"61":{"start":{"line":109,"column":10},"end":{"line":109,"column":58}},"62":{"start":{"line":110,"column":26},"end":{"line":118,"column":11}},"63":{"start":{"line":119,"column":10},"end":{"line":119,"column":42}},"64":{"start":{"line":122,"column":23},"end":{"line":122,"column":73}},"65":{"start":{"line":123,"column":24},"end":{"line":130,"column":9}},"66":{"start":{"line":132,"column":8},"end":{"line":135,"column":10}},"67":{"start":{"line":137,"column":8},"end":{"line":137,"column":73}},"68":{"start":{"line":140,"column":6},"end":{"line":146,"column":9}},"69":{"start":{"line":147,"column":6},"end":{"line":151,"column":8}},"70":{"start":{"line":153,"column":6},"end":{"line":174,"column":9}},"71":{"start":{"line":162,"column":57},"end":{"line":167,"column":11}},"72":{"start":{"line":176,"column":6},"end":{"line":176,"column":16}},"73":{"start":{"line":181,"column":0},"end":{"line":181,"column":40}}},"fnMap":{"0":{"name":"parseQuantity","decl":{"start":{"line":13,"column":9},"end":{"line":13,"column":22}},"loc":{"start":{"line":13,"column":30},"end":{"line":19,"column":1}},"line":13},"1":{"name":"normalizeItems","decl":{"start":{"line":21,"column":9},"end":{"line":21,"column":23}},"loc":{"start":{"line":21,"column":34},"end":{"line":44,"column":1}},"line":21},"2":{"name":"(anonymous_2)","decl":{"start":{"line":27,"column":22},"end":{"line":27,"column":23}},"loc":{"start":{"line":27,"column":39},"end":{"line":43,"column":3}},"line":27},"3":{"name":"(anonymous_3)","decl":{"start":{"line":47,"column":2},"end":{"line":47,"column":3}},"loc":{"start":{"line":47,"column":40},"end":{"line":178,"column":3}},"line":47},"4":{"name":"(anonymous_4)","decl":{"start":{"line":60,"column":49},"end":{"line":60,"column":50}},"loc":{"start":{"line":60,"column":72},"end":{"line":138,"column":7}},"line":60},"5":{"name":"(anonymous_5)","decl":{"start":{"line":84,"column":35},"end":{"line":84,"column":36}},"loc":{"start":{"line":84,"column":45},"end":{"line":84,"column":60}},"line":84},"6":{"name":"(anonymous_6)","decl":{"start":{"line":87,"column":47},"end":{"line":87,"column":48}},"loc":{"start":{"line":87,"column":56},"end":{"line":87,"column":69}},"line":87},"7":{"name":"(anonymous_7)","decl":{"start":{"line":162,"column":46},"end":{"line":162,"column":47}},"loc":{"start":{"line":162,"column":57},"end":{"line":167,"column":11}},"line":162}},"branchMap":{"0":{"loc":{"start":{"line":14,"column":2},"end":{"line":14,"column":46}},"type":"if","locations":[{"start":{"line":14,"column":2},"end":{"line":14,"column":46}},{"start":{},"end":{}}],"line":14},"1":{"loc":{"start":{"line":15,"column":2},"end":{"line":17,"column":3}},"type":"if","locations":[{"start":{"line":15,"column":2},"end":{"line":17,"column":3}},{"start":{},"end":{}}],"line":15},"2":{"loc":{"start":{"line":15,"column":6},"end":{"line":15,"column":88}},"type":"binary-expr","locations":[{"start":{"line":15,"column":6},"end":{"line":15,"column":31}},{"start":{"line":15,"column":35},"end":{"line":15,"column":54}},{"start":{"line":15,"column":58},"end":{"line":15,"column":88}}],"line":15},"3":{"loc":{"start":{"line":22,"column":2},"end":{"line":22,"column":61}},"type":"if","locations":[{"start":{"line":22,"column":2},"end":{"line":22,"column":61}},{"start":{},"end":{}}],"line":22},"4":{"loc":{"start":{"line":22,"column":6},"end":{"line":22,"column":49}},"type":"binary-expr","locations":[{"start":{"line":22,"column":6},"end":{"line":22,"column":28}},{"start":{"line":22,"column":32},"end":{"line":22,"column":49}}],"line":22},"5":{"loc":{"start":{"line":23,"column":2},"end":{"line":25,"column":3}},"type":"if","locations":[{"start":{"line":23,"column":2},"end":{"line":25,"column":3}},{"start":{},"end":{}}],"line":23},"6":{"loc":{"start":{"line":30,"column":19},"end":{"line":30,"column":77}},"type":"cond-expr","locations":[{"start":{"line":30,"column":54},"end":{"line":30,"column":72}},{"start":{"line":30,"column":75},"end":{"line":30,"column":77}}],"line":30},"7":{"loc":{"start":{"line":32,"column":4},"end":{"line":34,"column":5}},"type":"if","locations":[{"start":{"line":32,"column":4},"end":{"line":34,"column":5}},{"start":{},"end":{}}],"line":32},"8":{"loc":{"start":{"line":32,"column":8},"end":{"line":32,"column":55}},"type":"binary-expr","locations":[{"start":{"line":32,"column":8},"end":{"line":32,"column":37}},{"start":{"line":32,"column":41},"end":{"line":32,"column":55}}],"line":32},"9":{"loc":{"start":{"line":35,"column":4},"end":{"line":37,"column":5}},"type":"if","locations":[{"start":{"line":35,"column":4},"end":{"line":37,"column":5}},{"start":{},"end":{}}],"line":35},"10":{"loc":{"start":{"line":35,"column":8},"end":{"line":35,"column":51}},"type":"binary-expr","locations":[{"start":{"line":35,"column":8},"end":{"line":35,"column":35}},{"start":{"line":35,"column":39},"end":{"line":35,"column":51}}],"line":35},"11":{"loc":{"start":{"line":38,"column":4},"end":{"line":40,"column":5}},"type":"if","locations":[{"start":{"line":38,"column":4},"end":{"line":40,"column":5}},{"start":{},"end":{}}],"line":38},"12":{"loc":{"start":{"line":50,"column":6},"end":{"line":50,"column":80}},"type":"if","locations":[{"start":{"line":50,"column":6},"end":{"line":50,"column":80}},{"start":{},"end":{}}],"line":50},"13":{"loc":{"start":{"line":52,"column":28},"end":{"line":52,"column":81}},"type":"cond-expr","locations":[{"start":{"line":52,"column":60},"end":{"line":52,"column":76}},{"start":{"line":52,"column":79},"end":{"line":52,"column":81}}],"line":52},"14":{"loc":{"start":{"line":53,"column":28},"end":{"line":53,"column":81}},"type":"cond-expr","locations":[{"start":{"line":53,"column":60},"end":{"line":53,"column":76}},{"start":{"line":53,"column":79},"end":{"line":53,"column":81}}],"line":53},"15":{"loc":{"start":{"line":54,"column":24},"end":{"line":54,"column":69}},"type":"cond-expr","locations":[{"start":{"line":54,"column":52},"end":{"line":54,"column":64}},{"start":{"line":54,"column":67},"end":{"line":54,"column":69}}],"line":54},"16":{"loc":{"start":{"line":55,"column":6},"end":{"line":55,"column":74}},"type":"if","locations":[{"start":{"line":55,"column":6},"end":{"line":55,"column":74}},{"start":{},"end":{}}],"line":55},"17":{"loc":{"start":{"line":56,"column":6},"end":{"line":56,"column":75}},"type":"if","locations":[{"start":{"line":56,"column":6},"end":{"line":56,"column":75}},{"start":{},"end":{}}],"line":56},"18":{"loc":{"start":{"line":62,"column":8},"end":{"line":62,"column":81}},"type":"if","locations":[{"start":{"line":62,"column":8},"end":{"line":62,"column":81}},{"start":{},"end":{}}],"line":62},"19":{"loc":{"start":{"line":63,"column":8},"end":{"line":65,"column":9}},"type":"if","locations":[{"start":{"line":63,"column":8},"end":{"line":65,"column":9}},{"start":{},"end":{}}],"line":63},"20":{"loc":{"start":{"line":66,"column":8},"end":{"line":71,"column":9}},"type":"if","locations":[{"start":{"line":66,"column":8},"end":{"line":71,"column":9}},{"start":{},"end":{}}],"line":66},"21":{"loc":{"start":{"line":77,"column":8},"end":{"line":79,"column":9}},"type":"if","locations":[{"start":{"line":77,"column":8},"end":{"line":79,"column":9}},{"start":{},"end":{}}],"line":77},"22":{"loc":{"start":{"line":82,"column":8},"end":{"line":93,"column":9}},"type":"if","locations":[{"start":{"line":82,"column":8},"end":{"line":93,"column":9}},{"start":{},"end":{}}],"line":82},"23":{"loc":{"start":{"line":89,"column":12},"end":{"line":91,"column":13}},"type":"if","locations":[{"start":{"line":89,"column":12},"end":{"line":91,"column":13}},{"start":{},"end":{}}],"line":89},"24":{"loc":{"start":{"line":100,"column":19},"end":{"line":100,"column":36}},"type":"binary-expr","locations":[{"start":{"line":100,"column":19},"end":{"line":100,"column":28}},{"start":{"line":100,"column":32},"end":{"line":100,"column":36}}],"line":100}},"s":{"0":3,"1":3,"2":3,"3":3,"4":7,"5":5,"6":2,"7":1,"8":1,"9":12,"10":4,"11":8,"12":1,"13":7,"14":7,"15":7,"16":7,"17":7,"18":1,"19":6,"20":2,"21":4,"22":1,"23":3,"24":14,"25":14,"26":14,"27":1,"28":13,"29":13,"30":13,"31":13,"32":1,"33":12,"34":0,"35":12,"36":7,"37":7,"38":7,"39":1,"40":6,"41":1,"42":5,"43":2,"44":3,"45":3,"46":1,"47":2,"48":2,"49":2,"50":2,"51":2,"52":1,"53":2,"54":2,"55":1,"56":1,"57":1,"58":1,"59":1,"60":1,"61":1,"62":1,"63":1,"64":1,"65":1,"66":1,"67":1,"68":1,"69":1,"70":1,"71":1,"72":13,"73":3},"f":{"0":7,"1":12,"2":7,"3":14,"4":7,"5":2,"6":1,"7":1},"b":{"0":[5,2],"1":[1,1],"2":[2,1,1],"3":[4,8],"4":[12,8],"5":[1,7],"6":[7,0],"7":[1,6],"8":[7,7],"9":[2,4],"10":[6,5],"11":[1,3],"12":[1,13],"13":[12,1],"14":[12,1],"15":[1,12],"16":[1,12],"17":[0,12],"18":[1,6],"19":[1,5],"20":[2,3],"21":[1,2],"22":[2,0],"23":[1,1],"24":[1,0]},"_coverageSchema":"1a1c01bbd47fc00a2c39e90264f33305004495a9","hash":"9be4d78dfc61aac61ceda29a264c45d13297fa95"}
,"C:\\Wira\\FILE WIRA\\Bootcamp\\Phase 2\\Week 4\\Day 2\\MediFlow\\Server\\controllers\\dashboardController.js": {"path":"C:\\Wira\\FILE WIRA\\Bootcamp\\Phase 2\\Week 4\\Day 2\\MediFlow\\Server\\controllers\\dashboardController.js","statementMap":{"0":{"start":{"line":1,"column":31},"end":{"line":1,"column":68}},"1":{"start":{"line":5,"column":4},"end":{"line":10,"column":5}},"2":{"start":{"line":6,"column":21},"end":{"line":6,"column":47}},"3":{"start":{"line":7,"column":6},"end":{"line":7,"column":35}},"4":{"start":{"line":9,"column":6},"end":{"line":9,"column":16}},"5":{"start":{"line":14,"column":0},"end":{"line":14,"column":37}}},"fnMap":{"0":{"name":"(anonymous_0)","decl":{"start":{"line":4,"column":2},"end":{"line":4,"column":3}},"loc":{"start":{"line":4,"column":36},"end":{"line":11,"column":3}},"line":4}},"branchMap":{},"s":{"0":3,"1":2,"2":2,"3":1,"4":1,"5":3},"f":{"0":2},"b":{},"_coverageSchema":"1a1c01bbd47fc00a2c39e90264f33305004495a9","hash":"75ce56e6883093cd4782a78e51e6071567922c01"}
[...]
:{"line":12,"column":48}},"4":{"start":{"line":16,"column":2},"end":{"line":16,"column":33}},"5":{"start":{"line":20,"column":32},"end":{"line":20,"column":66}},"6":{"start":{"line":21,"column":25},"end":{"line":21,"column":51}},"7":{"start":{"line":22,"column":19},"end":{"line":22,"column":35}},"8":{"start":{"line":23,"column":18},"end":{"line":25,"column":4}},"9":{"start":{"line":26,"column":2},"end":{"line":26,"column":85}},"10":{"start":{"line":27,"column":2},"end":{"line":27,"column":17}},"11":{"start":{"line":31,"column":25},"end":{"line":31,"column":51}},"12":{"start":{"line":32,"column":19},"end":{"line":32,"column":35}},"13":{"start":{"line":33,"column":18},"end":{"line":40,"column":3}},"14":{"start":{"line":41,"column":2},"end":{"line":41,"column":84}},"15":{"start":{"line":42,"column":2},"end":{"line":42,"column":17}},"16":{"start":{"line":46,"column":25},"end":{"line":46,"column":51}},"17":{"start":{"line":47,"column":19},"end":{"line":47,"column":35}},"18":{"start":{"line":48,"column":18},"end":{"line":54,"column":3}},"19":{"start":{"line":55,"column":2},"end":{"line":55,"column":87}},"20":{"start":{"line":56,"column":2},"end":{"line":56,"column":17}},"21":{"start":{"line":60,"column":18},"end":{"line":60,"column":67}},"22":{"start":{"line":61,"column":2},"end":{"line":61,"column":69}},"23":{"start":{"line":62,"column":2},"end":{"line":62,"column":17}},"24":{"start":{"line":66,"column":18},"end":{"line":70,"column":3}},"25":{"start":{"line":71,"column":15},"end":{"line":71,"column":38}},"26":{"start":{"line":72,"column":14},"end":{"line":72,"column":21}},"27":{"start":{"line":73,"column":2},"end":{"line":73,"column":27}},"28":{"start":{"line":73,"column":12},"end":{"line":73,"column":27}},"29":{"start":{"line":74,"column":2},"end":{"line":78,"column":3}},"30":{"start":{"line":75,"column":4},"end":{"line":75,"column":69}},"31":{"start":{"line":77,"column":4},"end":{"line":77,"column":46}},"32":{"start":{"line":79,"column":2},"end":{"line":79,"column":17}},"33":{"start":{"line":83,"column":18},"end":{"line":87,"column":3}},"34":{"start":{"line":88,"column":2},"end":{"line":88,"column":66}},"35":{"start":{"line":89,"column":2},"end":{"line":89,"column":17}},"36":{"start":{"line":92,"column":0},"end":{"line":103,"column":2}}},"fnMap":{"0":{"name":"setIo","decl":{"start":{"line":3,"column":9},"end":{"line":3,"column":14}},"loc":{"start":{"line":3,"column":25},"end":{"line":5,"column":1}},"line":3},"1":{"name":"getIo","decl":{"start":{"line":7,"column":9},"end":{"line":7,"column":14}},"loc":{"start":{"line":7,"column":17},"end":{"line":9,"column":1}},"line":7},"2":{"name":"queueRoom","decl":{"start":{"line":11,"column":9},"end":{"line":11,"column":18}},"loc":{"start":{"line":11,"column":44},"end":{"line":13,"column":1}},"line":11},"3":{"name":"chatRoom","decl":{"start":{"line":15,"column":9},"end":{"line":15,"column":17}},"loc":{"start":{"line":15,"column":33},"end":{"line":17,"column":1}},"line":15},"4":{"name":"emitQueueUpdated","decl":{"start":{"line":19,"column":15},"end":{"line":19,"column":31}},"loc":{"start":{"line":19,"column":57},"end":{"line":28,"column":1}},"line":19},"5":{"name":"emitQueueCalled","decl":{"start":{"line":30,"column":9},"end":{"line":30,"column":24}},"loc":{"start":{"line":30,"column":92},"end":{"line":43,"column":1}},"line":30},"6":{"name":"emitQueueCompleted","decl":{"start":{"line":45,"column":9},"end":{"line":45,"column":27}},"loc":{"start":{"line":45,"column":85},"end":{"line":57,"column":1}},"line":45},"7":{"name":"emitChatMessage","decl":{"start":{"line":59,"column":9},"end":{"line":59,"column":24}},"loc":{"start":{"line":59,"column":49},"end":{"line":63,"column":1}},"line":59},"8":{"name":"emitChatTyping","decl":{"start":{"line":65,"column":9},"end":{"line":65,"column":23}},"loc":{"start":{"line":65,"column":86},"end":{"line":80,"column":1}},"line":65},"9":{"name":"emitChatRead","decl":{"start":{"line":82,"column":9},"end":{"line":82,"column":21}},"loc":{"start":{"line":82,"column":61},"end":{"line":90,"column":1}},"line":82}},"branchMap":{"0":{"loc":{"start":{"line":39,"column":14},"end":{"line":39,"column":50}},"type":"binary-expr","locations":[{"start":{"line":39,"column":14},"end":{"line":39,"column":22}},{"start":{"line":39,"column":26},"end":{"line":39,"column":50}}],"line":39},"1":{"loc":{"start":{"line":65,"column":61},"end":{"line":65,"column":84}},"type":"default-arg","locations":[{"start":{"line":65,"column":82},"end":{"line":65,"column":84}}],"line":65},"2":{"loc":{"start":{"line":73,"column":2},"end":{"line":73,"column":27}},"type":"if","locations":[{"start":{"line":73,"column":2},"end":{"line":73,"column":27}},{"start":{},"end":{}}],"line":73},"3":{"loc":{"start":{"line":74,"column":2},"end":{"line":78,"column":3}},"type":"if","locations":[{"start":{"line":74,"column":2},"end":{"line":78,"column":3}},{"start":{"line":76,"column":9},"end":{"line":78,"column":3}}],"line":74}},"s":{"0":2,"1":3,"2":14,"3":4,"4":6,"5":2,"6":2,"7":2,"8":2,"9":2,"10":2,"11":2,"12":2,"13":2,"14":2,"15":2,"16":2,"17":2,"18":2,"19":2,"20":2,"21":2,"22":2,"23":2,"24":3,"25":3,"26":3,"27":3,"28":1,"29":2,"30":1,"31":1,"32":2,"33":2,"34":2,"35":2,"36":2},"f":{"0":3,"1":14,"2":4,"3":6,"4":2,"5":2,"6":2,"7":2,"8":3,"9":2},"b":{"0":[2,2],"1":[2],"2":[1,2],"3":[1,1]},"_coverageSchema":"1a1c01bbd47fc00a2c39e90264f33305004495a9","hash":"6a62128befda430ea1d0547d9b81bd9e2db2a756"}
,"C:\\Wira\\FILE WIRA\\Bootcamp\\Phase 2\\Week 4\\Day 2\\MediFlow\\Server\\sockets\\index.js": {"path":"C:\\Wira\\FILE WIRA\\Bootcamp\\Phase 2\\Week 4\\Day 2\\MediFlow\\Server\\sockets\\index.js","statementMap":{"0":{"start":{"line":1,"column":19},"end":{"line":1,"column":39}},"1":{"start":{"line":2,"column":38},"end":{"line":2,"column":58}},"2":{"start":{"line":3,"column":24},"end":{"line":3,"column":49}},"3":{"start":{"line":4,"column":18},"end":{"line":4,"column":49}},"4":{"start":{"line":10,"column":4},"end":{"line":10,"column":21}},"5":{"start":{"line":13,"column":16},"end":{"line":13,"column":91}},"6":{"start":{"line":14,"column":2},"end":{"line":14,"column":26}},"7":{"start":{"line":14,"column":14},"end":{"line":14,"column":26}},"8":{"start":{"line":15,"column":2},"end":{"line":19,"column":4}},"9":{"start":{"line":23,"column":16},"end":{"line":23,"column":50}},"10":{"start":{"line":24,"column":2},"end":{"line":24,"column":26}},"11":{"start":{"line":24,"column":14},"end":{"line":24,"column":26}},"12":{"start":{"line":25,"column":2},"end":{"line":25,"column":45}},"13":{"start":{"line":29,"column":2},"end":{"line":29,"column":45}},"14":{"start":{"line":29,"column":33},"end":{"line":29,"column":45}},"15":{"start":{"line":31,"column":2},"end":{"line":34,"column":3}},"16":{"start":{"line":32,"column":19},"end":{"line":32,"column":71}},"17":{"start":{"line":33,"column":4},"end":{"line":33,"column":53}},"18":{"start":{"line":36,"column":2},"end":{"line":41,"column":3}},"19":{"start":{"line":37,"column":24},"end":{"line":39,"column":6}},"20":{"start":{"line":40,"column":4},"end":{"line":40,"column":32}},"21":{"start":{"line":43,"column":2},"end":{"line":43,"column":15}},"22":{"start":{"line":47,"column":2},"end":{"line":47,"column":46}},"23":{"start":{"line":47,"column":33},"end":{"line":47,"column":46}},"24":{"start":{"line":49,"column":22},"end":{"line":51,"column":4}},"25":{"start":{"line":52,"column":2},"end":{"line":52,"column":33}},"26":{"start":{"line":52,"column":20},"end":{"line":52,"column":33}},"27":{"start":{"line":54,"column":2},"end":{"line":56,"column":3}},"28":{"start":{"line":55,"column":4},"end":{"line":55,"column":45}},"29":{"start":{"line":58,"column":2},"end":{"line":60,"column":3}},"30":{"start":{"line":59,"column":4},"end":{"line":59,"column":50}},"31":{"start":{"line":62,"column":2},"end":{"line":62,"column":15}},"32":{"start":{"line":66,"column":13},"end":{"line":68,"column":4}},"33":{"start":{"line":70,"column":2},"end":{"line":70,"column":12}},"34":{"start":{"line":72,"column":2},"end":{"line":92,"column":5}},"35":{"start":{"line":73,"column":4},"end":{"line":91,"column":5}},"36":{"start":{"line":74,"column":21},"end":{"line":74,"column":59}},"37":{"start":{"line":75,"column":30},"end":{"line":75,"column":84}},"38":{"start":{"line":76,"column":20},"end":{"line":76,"column":67}},"39":{"start":{"line":77,"column":6},"end":{"line":77,"column":74}},"40":{"start":{"line":77,"column":18},"end":{"line":77,"column":74}},"41":{"start":{"line":79,"column":22},"end":{"line":79,"column":40}},"42":{"start":{"line":80,"column":19},"end":{"line":80,"column":54}},"43":{"start":{"line":81,"column":6},"end":{"line":81,"column":73}},"44":{"start":{"line":81,"column":17},"end":{"line":81,"column":73}},"45":{"start":{"line":83,"column":6},"end":{"line":87,"column":8}},"46":{"start":{"line":88,"column":6},"end":{"line":88,"column":13}},"47":{"start":{"line":90,"column":6},"end":{"line":90,"column":55}},"48":{"start":{"line":94,"column":2},"end":{"line":154,"column":5}},"49":{"start":{"line":95,"column":4},"end":{"line":131,"column":7}},"50":{"start":{"line":96,"column":6},"end":{"line":130,"column":7}},"51":{"start":{"line":97,"column":21},"end":{"line":97,"column":74}},"52":{"start":{"line":98,"column":8},"end":{"line":101,"column":9}},"53":{"start":{"line":99,"column":10},"end":{"line":99,"column":58}},"54":{"start":{"line":100,"column":10},"end":{"line":100,"column":17}},"55":{"start":{"line":103,"column":22},"end":{"line":103,"column":42}},"56":{"start":{"line":104,"column":8},"end":{"line":113,"column":9}},"57":{"start":{"line":105,"column":26},"end":{"line":105,"column":64}},"58":{"start":{"line":106,"column":10},"end":{"line":109,"column":11}},"59":{"start":{"line":107,"column":12},"end":{"line":107,"column":85}},"60":{"start":{"line":108,"column":12},"end":{"line":108,"column":19}},"61":{"start":{"line":110,"column":10},"end":{"line":110,"column":82}},"62":{"start":{"line":111,"column":10},"end":{"line":111,"column":90}},"63":{"start":{"line":112,"column":10},"end":{"line":112,"column":17}},"64":{"start":{"line":115,"column":21},"end":{"line":115,"column":40}},"65":{"start":{"line":116,"column":8},"end":{"line":125,"column":9}},"66":{"start":{"line":117,"column":26},"end":{"line":117,"column":76}},"67":{"start":{"line":118,"column":10},"end":{"line":121,"column":11}},"68":{"start":{"line":119,"column":12},"end":{"line":119,"column":82}},"69":{"start":{"line":120,"column":12},"end":{"line":120,"column":19}},"70":{"start":{"line":122,"column":10},"end":{"line":122,"column":58}},"71":{"start":{"line":123,"column":10},"end":{"line":123,"column":66}},"72":{"start":{"line":124,"column":10},"end":{"line":124,"column":17}},"73":{"start":{"line":127,"column":8},"end":{"line":127,"column":61}},"74":{"start":{"line":129,"column":8},"end":{"line":129,"column":63}},"75":{"start":{"line":133,"column":4},"end":{"line":137,"column":7}},"76":{"start":{"line":134,"column":19},"end":{"line":134,"column":72}},"77":{"start":{"line":135,"column":6},"end":{"line":135,"column":41}},"78":{"start":{"line":135,"column":16},"end":{"line":135,"column":41}},"79":{"start":{"line":136,"column":6},"end":{"line":136,"column":26}},"80":{"start":{"line":139,"column":4},"end":{"line":153,"column":7}},"81":{"start":{"line":140,"column":6},"end":{"line":152,"column":7}},"82":{"start":{"line":141,"column":30},"end":{"line":141,"column":59}},"83":{"start":{"line":142,"column":8},"end":{"line":142,"column":35}},"84":{"start":{"line":142,"column":28},"end":{"line":142,"column":35}},"85":{"start":{"line":143,"column":24},"end":{"line":143,"column":69}},"86":{"start":{"line":144,"column":8},"end":{"line":144,"column":29}},"87":{"start":{"line":144,"column":22},"end":{"line":144,"column":29}},"88":{"start":{"line":145,"column":8},"end":{"line":149,"column":10}},"89":{"start":{"line":156,"column":2},"end":{"line":156,"column":12}},"90":{"start":{"line":159,"column":0},"end":{"line":162,"column":2}}},"fnMap":{"0":{"name":"parseQueueRoom","decl":{"start":{"line":12,"column":9},"end":{"line":12,"column":23}},"loc":{"start":{"line":12,"column":30},"end":{"line":20,"column":1}},"line":12},"1":{"name":"parseChatRoom","decl":{"start":{"line":22,"column":9},"end":{"line":22,"column":22}},"loc":{"start":{"line":22,"column":29},"end":{"line":26,"column":1}},"line":22},"2":{"name":"canJoinQueue","decl":{"start":{"line":28,"column":15},"end":{"line":28,"column":27}},"loc":{"start":{"line":28,"column":63},"end":{"line":44,"column":1}},"line":28},"3":{"name":"canJoinChat","decl":{"start":{"line":46,"column":15},"end":{"line":46,"column":26}},"loc":{"start":{"line":46,"column":48},"end":{"line":63,"column":1}},"line":46},"4":{"name":"initSocket","decl":{"start":{"line":65,"column":9},"end":{"line":65,"column":19}},"loc":{"start":{"line":65,"column":32},"end":{"line":157,"column":1}},"line":65},"5":{"name":"(anonymous_5)","decl":{"start":{"line":72,"column":9},"end":{"line":72,"column":10}},"loc":{"start":{"line":72,"column":33},"end":{"line":92,"column":3}},"line":72},"6":{"name":"(anonymous_6)","decl":{"start":{"line":94,"column":22},"end":{"line":94,"column":23}},"loc":{"start":{"line":94,"column":34},"end":{"line":154,"column":3}},"line":94},"7":{"name":"(anonymous_7)","decl":{"start":{"line":95,"column":22},"end":{"line":95,"column":23}},"loc":{"start":{"line":95,"column":46},"end":{"line":131,"column":5}},"line":95},"8":{"name":"(anonymous_8)","decl":{"start":{"line":133,"column":23},"end":{"line":133,"column":24}},"loc":{"start":{"line":133,"column":47},"end":{"line":137,"column":5}},"line":133},"9":{"name":"(anonymous_9)","decl":{"start":{"line":139,"column":29},"end":{"line":139,"column":30}},"loc":{"start":{"line":139,"column":53},"end":{"line":153,"column":5}},"line":139}},"branchMap":{"0":{"loc":{"start":{"line":14,"column":2},"end":{"line":14,"column":26}},"type":"if","locations":[{"start":{"line":14,"column":2},"end":{"line":14,"column":26}},{"start":{},"end":{}}],"line":14},"1":{"loc":{"start":{"line":24,"column":2},"end":{"line":24,"column":26}},"type":"if","locations":[{"start":{"line":24,"column":2},"end":{"line":24,"column":26}},{"start":{},"end":{}}],"line":24},"2":{"loc":{"start":{"line":29,"column":2},"end":{"line":29,"column":45}},"type":"if","locations":[{"start":{"line":29,"column":2},"end":{"line":29,"column":45}},{"start":{},"end":{}}],"line":29},"3":{"loc":{"start":{"line":31,"column":2},"end":{"line":34,"column":3}},"type":"if","locations":[{"start":{"line":31,"column":2},"end":{"line":34,"column":3}},{"start":{},"end":{}}],"line":31},"4":{"loc":{"start":{"line":33,"column":19},"end":{"line":33,"column":51}},"type":"binary-expr","locations":[{"start":{"line":33,"column":19},"end":{"line":33,"column":25}},{"start":{"line":33,"column":29},"end":{"line":33,"column":51}}],"line":33},"5":{"loc":{"start":{"line":36,"column":2},"end":{"line":41,"column":3}},"type":"if","locations":[{"start":{"line":36,"column":2},"end":{"line":41,"column":3}},{"start":{},"end":{}}],"line":36},"6":{"loc":{"start":{"line":47,"column":2},"end":{"line":47,"column":46}},"type":"if","locations":[{"start":{"line":47,"column":2},"end":{"line":47,"column":46}},{"start":{},"end":{}}],"line":47},"7":{"loc":{"start":{"line":52,"column":2},"end":{"line":52,"column":33}},"type":"if","locations":[{"start":{"line":52,"column":2},"end":{"line":52,"column":33}},{"start":{},"end":{}}],"line":52},"8":{"loc":{"start":{"line":54,"column":2},"end":{"line":56,"column":3}},"type":"if","locations":[{"start":{"line":54,"column":2},"end":{"line":56,"column":3}},{"start":{},"end":{}}],"line":54},"9":{"loc":{"start":{"line":58,"column":2},"end":{"line":60,"column":3}},"type":"if","locations":[{"start":{"line":58,"column":2},"end":{"line":60,"column":3}},{"start":{},"end":{}}],"line":58},"10":{"loc":{"start":{"line":75,"column":30},"end":{"line":75,"column":84}},"type":"cond-expr","locations":[{"start":{"line":75,"column":62},"end":{"line":75,"column":77}},{"start":{"line":75,"column":80},"end":{"line":75,"column":84}}],"line":75},"11":{"loc":{"start":{"line":76,"column":20},"end":{"line":76,"column":67}},"type":"binary-expr","locations":[{"start":{"line":76,"column":20},"end":{"line":76,"column":48}},{"start":{"line":76,"column":52},"end":{"line":76,"column":67}}],"line":76},"12":{"loc":{"start":{"line":77,"column":6},"end":{"line":77,"column":74}},"type":"if","locations":[{"start":{"line":77,"column":6},"end":{"line":77,"column":74}},{"start":{},"end":{}}],"line":77},"13":{"loc":{"start":{"line":81,"column":6},"end":{"line":81,"column":73}},"type":"if","locations":[{"start":{"line":81,"column":6},"end":{"line":81,"column":73}},{"start":{},"end":{}}],"line":81},"14":{"loc":{"start":{"line":97,"column":21},"end":{"line":97,"column":74}},"type":"cond-expr","locations":[{"start":{"line":97,"column":51},"end":{"line":97,"column":58}},{"start":{"line":97,"column":61},"end":{"line":97,"column":74}}],"line":97},"15":{"loc":{"start":{"line":98,"column":8},"end":{"line":101,"column":9}},"type":"if","locations":[{"start":{"line":98,"column":8},"end":{"line":101,"column":9}},{"start":{},"end":{}}],"line":98},"16":{"loc":{"start":{"line":104,"column":8},"end":{"line":113,"column":9}},"type":"if","locations":[{"start":{"line":104,"column":8},"end":{"line":113,"column":9}},{"start":{},"end":{}}],"line":104},"17":{"loc":{"start":{"line":106,"column":10},"end":{"line":109,"column":11}},"type":"if","locations":[{"start":{"line":106,"column":10},"end":{"line":109,"column":11}},{"start":{},"end":{}}],"line":106},"18":{"loc":{"start":{"line":116,"column":8},"end":{"line":125,"column":9}},"type":"if","locations":[{"start":{"line":116,"column":8},"end":{"line":125,"column":9}},{"start":{},"end":{}}],"line":116},"19":{"loc":{"start":{"line":118,"column":10},"end":{"line":121,"column":11}},"type":"if","locations":[{"start":{"line":118,"column":10},"end":{"line":121,"column":11}},{"start":{},"end":{}}],"line":118},"20":{"loc":{"start":{"line":134,"column":19},"end":{"line":134,"column":72}},"type":"cond-expr","locations":[{"start":{"line":134,"column":49},"end":{"line":134,"column":56}},{"start":{"line":134,"column":59},"end":{"line":134,"column":72}}],"line":134},"21":{"loc":{"start":{"line":135,"column":6},"end":{"line":135,"column":41}},"type":"if","locations":[{"start":{"line":135,"column":6},"end":{"line":135,"column":41}},{"start":{},"end":{}}],"line":135},"22":{"loc":{"start":{"line":139,"column":36},"end":{"line":139,"column":48}},"type":"default-arg","locations":[{"start":{"line":139,"column":46},"end":{"line":139,"column":48}}],"line":139},"23":{"loc":{"start":{"line":142,"column":8},"end":{"line":142,"column":35}},"type":"if","locations":[{"start":{"line":142,"column":8},"end":{"line":142,"column":35}},{"start":{},"end":{}}],"line":142},"24":{"loc":{"start":{"line":144,"column":8},"end":{"line":144,"column":29}},"type":"if","locations":[{"start":{"line":144,"column":8},"end":{"line":144,"column":29}},{"start":{},"end":{}}],"line":144}},"s":{"0":1,"1":1,"2":1,"3":1,"4":1,"5":13,"6":13,"7":6,"8":7,"9":6,"10":6,"11":1,"12":5,"13":7,"14":1,"15":6,"16":2,"17":2,"18":4,"19":3,"20":3,"21":1,"22":7,"23":1,"24":6,"25":5,"26":1,"27":4,"28":3,"29":1,"30":1,"31":0,"32":1,"33":1,"34":1,"35":5,"36":5,"37":5,"38":5,"39":5,"40":1,"41":4,"42":3,"43":3,"44":1,"45":2,"46":2,"47":1,"48":1,"49":1,"50":14,"51":14,"52":14,"53":1,"54":1,"55":13,"56":13,"57":7,"58":7,"59":4,"60":4,"61":3,"62":3,"63":3,"64":6,"65":6,"66":5,"67":5,"68":3,"69":3,"70":2,"71":2,"72":2,"73":1,"74":0,"75":1,"76":2,"77":2,"78":1,"79":2,"80":1,"81":3,"82":3,"83":3,"84":1,"85":2,"86":1,"87":0,"88":1,"89":1,"90":1},"f":{"0":13,"1":6,"2":7,"3":7,"4":1,"5":5,"6":1,"7":14,"8":2,"9":3},"b":{"0":[6,7],"1":[1,5],"2":[1,6],"3":[2,4],"4":[2,2],"5":[3,1],"6":[1,6],"7":[1,4],"8":[3,1],"9":[1,0],"10":[1,4],"11":[5,1],"12":[1,4],"13":[1,2],"14":[12,2],"15":[1,13],"16":[7,6],"17":[4,3],"18":[5,1],"19":[3,2],"20":[1,1],"21":[1,1],"22":[0],"23":[1,2],"24":[0,1]},"_coverageSchema":"1a1c01bbd47fc00a2c39e90264f33305004495a9","hash":"c7a3610f9d43dc39308bb3f0b6c808b6b48e379f"}
}
