TN:
SF:app.js
FN:15,(anonymous_0)
FNF:1
FNH:1
FNDA:1,(anonymous_0)
DA:1,1
DA:3,1
DA:4,1
DA:5,1
DA:6,1
DA:8,1
DA:10,1
DA:11,1
DA:12,1
DA:13,1
DA:15,1
DA:16,1
DA:19,1
DA:21,1
LF:14
LH:14
BRF:0
BRH:0
end_of_record
TN:
SF:controllers\adminController.js
FN:10,(anonymous_0)
FN:19,(anonymous_1)
FN:34,(anonymous_2)
FN:51,(anonymous_3)
FN:67,serializeAdminDoctor
FN:85,(anonymous_5)
FN:100,(anonymous_6)
FN:114,(anonymous_7)
FN:149,(anonymous_8)
FN:156,(anonymous_9)
FN:191,(anonymous_10)
FN:199,(anonymous_11)
FN:213,(anonymous_12)
FN:237,(anonymous_13)
FN:273,(anonymous_14)
FN:294,(anonymous_15)
FN:307,(anonymous_16)
FN:339,(anonymous_17)
FNF:18
FNH:18
FNDA:2,(anonymous_0)
FNDA:3,(anonymous_1)
FNDA:6,(anonymous_2)
FNDA:3,(anonymous_3)
FNDA:5,serializeAdminDoctor
FNDA:2,(anonymous_5)
FNDA:4,(anonymous_6)
FNDA:2,(anonymous_7)
FNDA:3,(anonymous_8)
FNDA:2,(anonymous_9)
FNDA:3,(anonymous_10)
FNDA:1,(anonymous_11)
FNDA:2,(anonymous_12)
FNDA:4,(anonymous_13)
FNDA:4,(anonymous_14)
FNDA:2,(anonymous_15)
FNDA:3,(anonymous_16)
FNDA:2,(anonymous_17)
DA:1,3
DA:2,3
DA:3,3
DA:4,3
DA:5,3
DA:6,3
DA:7,3
DA:11,2
DA:12,2
DA:13,1
DA:15,1
DA:20,3
DA:21,3
DA:22,3
DA:23,2
DA:28,2
DA:30,1
DA:35,6
DA:36,6
DA:37,6
DA:38,5
DA:39,5
DA:44,5
DA:45,5
DA:47,1
DA:52,3
DA:53,3
DA:54,3
DA:55,2
DA:56,2
DA:57,1
DA:59,1
DA:60,1
DA:62,2
DA:68,5
DA:86,2
DA:87,2
DA:94,1
DA:96,1
DA:101,4
DA:102,4
DA:103,4
DA:104,1
DA:110,3
DA:111,3
DA:112,2
DA:114,2
DA:115,2
DA:125,2
DA:137,2
DA:143,2
DA:145,2
DA:150,3
DA:151,3
DA:152,3
DA:154,2
DA:155,2
DA:156,2
DA:157,2
DA:158,1
DA:167,2
DA:179,2
DA:185,2
DA:187,1
DA:192,3
DA:193,3
DA:194,3
DA:195,2
DA:196,2
DA:197,1
DA:199,1
DA:200,1
DA:201,1
DA:202,1
DA:203,1
DA:205,1
DA:207,2
DA:214,2
DA:215,2
DA:216,2
DA:217,2
DA:231,1
DA:233,1
DA:238,4
DA:239,4
DA:240,4
DA:248,1
DA:253,3
DA:254,1
DA:256,2
DA:257,2
DA:259,1
DA:267,1
DA:269,3
DA:274,4
DA:275,4
DA:276,4
DA:277,3
DA:278,3
DA:279,1
DA:281,2
DA:288,2
DA:290,2
DA:295,2
DA:296,2
DA:297,2
DA:298,1
DA:299,1
DA:301,1
DA:308,3
DA:309,3
DA:310,3
DA:311,3
DA:312,3
DA:313,2
DA:314,1
DA:316,1
DA:318,2
DA:320,2
DA:338,2
DA:339,2
DA:358,1
DA:363,3
LF:123
LH:123
BRDA:22,0,0,1
BRDA:22,0,1,2
BRDA:26,1,0,2
BRDA:26,1,1,1
BRDA:37,2,0,1
BRDA:37,2,1,5
BRDA:40,3,0,1
BRDA:40,3,1,4
BRDA:41,4,0,1
BRDA:41,4,1,4
BRDA:54,5,0,1
BRDA:54,5,1,2
BRDA:56,6,0,1
BRDA:56,6,1,1
BRDA:75,7,0,3
BRDA:75,7,1,2
BRDA:103,8,0,1
BRDA:103,8,1,3
BRDA:103,9,0,4
BRDA:103,9,1,3
BRDA:103,9,2,3
BRDA:103,9,3,3
BRDA:103,9,4,3
BRDA:111,10,0,1
BRDA:111,10,1,2
BRDA:112,11,0,2
BRDA:112,11,1,1
BRDA:120,12,0,1
BRDA:120,12,1,1
BRDA:152,13,0,1
BRDA:152,13,1,2
BRDA:157,14,0,1
BRDA:157,14,1,1
BRDA:157,15,0,2
BRDA:157,15,1,1
BRDA:157,15,2,1
BRDA:160,16,0,1
BRDA:160,16,1,0
BRDA:161,17,0,1
BRDA:161,17,1,0
BRDA:162,18,0,1
BRDA:162,18,1,0
BRDA:169,19,0,1
BRDA:169,19,1,1
BRDA:171,20,0,1
BRDA:171,20,1,1
BRDA:172,21,0,1
BRDA:172,21,1,1
BRDA:194,22,0,1
BRDA:194,22,1,2
BRDA:196,23,0,1
BRDA:196,23,1,1
BRDA:216,24,0,1
BRDA:216,24,1,1
BRDA:240,25,0,1
BRDA:240,25,1,3
BRDA:241,26,0,4
BRDA:241,26,1,3
BRDA:241,26,2,3
BRDA:241,26,3,3
BRDA:241,26,4,3
BRDA:241,26,5,3
BRDA:253,27,0,1
BRDA:253,27,1,2
BRDA:257,28,0,1
BRDA:257,28,1,1
BRDA:276,29,0,1
BRDA:276,29,1,3
BRDA:278,30,0,1
BRDA:278,30,1,2
BRDA:278,31,0,3
BRDA:278,31,1,2
BRDA:282,32,0,1
BRDA:282,32,1,1
BRDA:283,33,0,1
BRDA:283,33,1,1
BRDA:284,34,0,1
BRDA:284,34,1,1
BRDA:285,35,0,1
BRDA:285,35,1,1
BRDA:286,36,0,1
BRDA:286,36,1,1
BRDA:297,37,0,1
BRDA:297,37,1,1
BRDA:311,38,0,1
BRDA:311,38,1,2
BRDA:312,39,0,2
BRDA:312,39,1,1
BRDA:313,40,0,1
BRDA:313,40,1,1
BRDA:318,41,0,1
BRDA:318,41,1,1
BRDA:348,42,0,1
BRDA:348,42,1,1
BRF:94
BRH:91
end_of_record
TN:
SF:controllers\appointmentController.js
FN:23,serializeAppointment
FN:69,assertCanViewAppointment
FN:77,(anonymous_2)
FN:93,(anonymous_3)
FN:159,(anonymous_4)
FN:185,(anonymous_5)
FN:198,(anonymous_6)
FNF:7
FNH:7
FNDA:6,serializeAppointment
FNDA:3,assertCanViewAppointment
FNDA:10,(anonymous_2)
FNDA:6,(anonymous_3)
FNDA:3,(anonymous_4)
FNDA:4,(anonymous_5)
FNDA:4,(anonymous_6)
DA:1,3
DA:2,3
DA:3,3
DA:8,3
DA:14,3
DA:19,3
DA:20,3
DA:21,3
DA:24,6
DA:25,6
DA:26,6
DA:57,3
DA:70,3
DA:71,3
DA:72,2
DA:73,1
DA:78,10
DA:79,10
DA:80,10
DA:81,1
DA:83,9
DA:84,1
DA:86,8
DA:87,1
DA:89,7
DA:90,1
DA:93,6
DA:94,6
DA:95,6
DA:97,5
DA:106,5
DA:107,1
DA:110,4
DA:111,1
DA:117,3
DA:118,3
DA:119,1
DA:122,2
DA:127,2
DA:128,2
DA:132,2
DA:145,2
DA:149,2
DA:150,1
DA:153,2
DA:155,8
DA:160,3
DA:161,3
DA:162,3
DA:163,0
DA:164,3
DA:165,2
DA:166,2
DA:167,1
DA:170,2
DA:179,2
DA:181,1
DA:186,4
DA:187,4
DA:190,4
DA:191,3
DA:192,2
DA:194,2
DA:199,4
DA:200,4
DA:203,4
DA:204,4
DA:205,1
DA:208,3
DA:209,3
DA:213,3
DA:214,1
DA:217,2
DA:219,2
DA:223,2
DA:226,2
DA:229,2
DA:231,2
DA:236,3
LF:79
LH:78
BRDA:34,0,0,6
BRDA:34,0,1,0
BRDA:41,1,0,6
BRDA:41,1,1,0
BRDA:46,2,0,6
BRDA:46,2,1,0
BRDA:70,3,0,0
BRDA:70,3,1,3
BRDA:71,4,0,1
BRDA:71,4,1,2
BRDA:71,5,0,3
BRDA:71,5,1,2
BRDA:72,6,0,1
BRDA:72,6,1,1
BRDA:72,7,0,2
BRDA:72,7,1,1
BRDA:80,8,0,1
BRDA:80,8,1,9
BRDA:80,9,0,10
BRDA:80,9,1,9
BRDA:80,9,2,9
BRDA:83,10,0,1
BRDA:83,10,1,8
BRDA:86,11,0,1
BRDA:86,11,1,7
BRDA:89,12,0,1
BRDA:89,12,1,6
BRDA:95,13,0,1
BRDA:95,13,1,5
BRDA:106,14,0,1
BRDA:106,14,1,4
BRDA:110,15,0,1
BRDA:110,15,1,3
BRDA:118,16,0,1
BRDA:118,16,1,2
BRDA:128,17,0,1
BRDA:128,17,1,1
BRDA:138,18,0,2
BRDA:138,18,1,0
BRDA:149,19,0,1
BRDA:149,19,1,1
BRDA:162,20,0,0
BRDA:162,20,1,3
BRDA:164,21,0,2
BRDA:164,21,1,1
BRDA:166,22,0,1
BRDA:166,22,1,1
BRDA:190,23,0,1
BRDA:190,23,1,3
BRDA:203,24,0,0
BRDA:203,24,1,4
BRDA:204,25,0,1
BRDA:204,25,1,3
BRDA:204,26,0,4
BRDA:204,26,1,1
BRDA:213,27,0,1
BRDA:213,27,1,2
BRDA:219,28,0,2
BRDA:219,28,1,0
BRDA:220,29,0,2
BRDA:220,29,1,1
BRF:61
BRH:53
end_of_record
TN:
SF:controllers\authController.js
FN:7,publicUser
FN:17,(anonymous_1)
FN:41,(anonymous_2)
FN:65,(anonymous_3)
FNF:4
FNH:4
FNDA:1,publicUser
FNDA:3,(anonymous_1)
FNDA:3,(anonymous_2)
FNDA:3,(anonymous_3)
DA:1,3
DA:2,3
DA:3,3
DA:4,3
DA:5,3
DA:8,1
DA:18,3
DA:19,3
DA:20,3
DA:21,1
DA:23,2
DA:24,1
DA:27,1
DA:35,1
DA:37,2
DA:42,3
DA:43,3
DA:44,3
DA:45,1
DA:48,2
DA:51,2
DA:52,1
DA:55,1
DA:56,1
DA:61,2
DA:66,3
DA:67,3
DA:70,3
DA:72,2
DA:73,2
DA:74,1
DA:82,2
DA:84,1
DA:89,3
LF:34
LH:34
BRDA:20,0,0,1
BRDA:20,0,1,2
BRDA:20,1,0,3
BRDA:20,1,1,2
BRDA:20,1,2,2
BRDA:20,1,3,2
BRDA:23,2,0,1
BRDA:23,2,1,1
BRDA:44,3,0,1
BRDA:44,3,1,2
BRDA:44,4,0,3
BRDA:44,4,1,2
BRDA:51,5,0,1
BRDA:51,5,1,1
BRDA:51,6,0,2
BRDA:51,6,1,1
BRDA:70,7,0,1
BRDA:70,7,1,2
BRDA:73,8,0,1
BRDA:73,8,1,1
BRF:20
BRH:20
end_of_record
TN:
SF:controllers\chatController.js
FN:15,serializeMessage
FN:26,loadChatAppointment
FN:37,assertChatParticipant
FN:49,counterpartName
FN:56,senderRoleFor
FN:62,(anonymous_5)
FN:137,(anonymous_6)
FN:151,(anonymous_7)
FN:160,(anonymous_8)
FN:188,(anonymous_9)
FNF:10
FNH:10
FNDA:2,serializeMessage
FNDA:11,loadChatAppointment
FNDA:10,assertChatParticipant
FNDA:2,counterpartName
FNDA:1,senderRoleFor
FNDA:5,(anonymous_5)
FNDA:3,(anonymous_6)
FNDA:1,(anonymous_7)
FNDA:6,(anonymous_8)
FNDA:2,(anonymous_9)
DA:1,3
DA:8,3
DA:9,3
DA:10,3
DA:11,3
DA:12,3
DA:13,3
DA:16,2
DA:27,11
DA:33,11
DA:34,10
DA:38,10
DA:39,8
DA:41,2
DA:42,1
DA:43,1
DA:44,1
DA:46,1
DA:50,2
DA:51,1
DA:53,1
DA:57,1
DA:58,0
DA:63,5
DA:64,5
DA:65,1
DA:68,4
DA:69,4
DA:70,1
DA:71,3
DA:72,2
DA:73,2
DA:74,1
DA:76,1
DA:79,2
DA:91,2
DA:92,2
DA:93,2
DA:100,2
DA:103,2
DA:107,2
DA:108,2
DA:110,2
DA:112,2
DA:131,2
DA:133,3
DA:138,3
DA:139,3
DA:140,2
DA:142,2
DA:150,2
DA:152,1
DA:156,2
DA:161,6
DA:162,6
DA:163,6
DA:165,5
DA:166,2
DA:169,3
DA:170,3
DA:171,2
DA:173,1
DA:179,1
DA:180,1
DA:182,1
DA:184,5
DA:189,2
DA:190,2
DA:191,2
DA:193,2
DA:194,2
DA:198,2
DA:199,1
DA:202,2
DA:203,2
DA:208,2
DA:214,0
DA:219,3
LF:78
LH:76
BRDA:33,0,0,1
BRDA:33,0,1,10
BRDA:38,1,0,8
BRDA:38,1,1,2
BRDA:38,2,0,10
BRDA:38,2,1,9
BRDA:41,3,0,1
BRDA:41,3,1,1
BRDA:42,4,0,0
BRDA:42,4,1,1
BRDA:44,5,0,1
BRDA:44,5,1,0
BRDA:44,6,0,1
BRDA:44,6,1,1
BRDA:50,7,0,1
BRDA:50,7,1,1
BRDA:51,8,0,1
BRDA:51,8,1,0
BRDA:53,9,0,1
BRDA:53,9,1,0
BRDA:57,10,0,1
BRDA:57,10,1,0
BRDA:64,11,0,1
BRDA:64,11,1,4
BRDA:69,12,0,1
BRDA:69,12,1,3
BRDA:71,13,0,2
BRDA:71,13,1,1
BRDA:73,14,0,1
BRDA:73,14,1,1
BRDA:107,15,0,2
BRDA:107,15,1,0
BRDA:116,16,0,2
BRDA:116,16,1,0
BRDA:165,17,0,2
BRDA:165,17,1,3
BRDA:169,18,0,3
BRDA:169,18,1,0
BRDA:170,19,0,1
BRDA:170,19,1,2
BRDA:171,20,0,1
BRDA:171,20,1,1
BRDA:198,21,0,1
BRDA:198,21,1,1
BRDA:202,22,0,1
BRDA:202,22,1,1
BRF:46
BRH:38
end_of_record
TN:
SF:controllers\chatbotController.js
FN:17,emptyResponse
FN:26,(anonymous_1)
FN:40,(anonymous_2)
FNF:3
FNH:3
FNDA:1,emptyResponse
FNDA:5,(anonymous_1)
FNDA:1,(anonymous_2)
DA:1,2
DA:5,2
DA:6,2
DA:9,2
DA:12,2
DA:15,2
DA:18,1
DA:27,5
DA:28,5
DA:29,5
DA:30,4
DA:32,3
DA:33,3
DA:34,1
DA:37,2
DA:38,2
DA:40,1
DA:45,2
DA:51,2
DA:56,2
LF:20
LH:20
BRDA:28,0,0,4
BRDA:28,0,1,1
BRDA:29,1,0,1
BRDA:29,1,1,4
BRDA:30,2,0,1
BRDA:30,2,1,3
BRDA:33,3,0,1
BRDA:33,3,1,2
BRDA:38,4,0,2
BRDA:38,4,1,0
BRDA:47,5,0,1
BRDA:47,5,1,1
BRF:12
BRH:11
end_of_record
TN:
SF:controllers\consultationController.js
FN:13,parseQuantity
FN:21,normalizeItems
FN:27,(anonymous_2)
FN:47,(anonymous_3)
FN:60,(anonymous_4)
FN:84,(anonymous_5)
FN:87,(anonymous_6)
FN:162,(anonymous_7)
FNF:8
FNH:8
FNDA:7,parseQuantity
FNDA:12,normalizeItems
FNDA:7,(anonymous_2)
FNDA:14,(anonymous_3)
FNDA:7,(anonymous_4)
FNDA:2,(anonymous_5)
FNDA:1,(anonymous_6)
FNDA:1,(anonymous_7)
DA:8,3
DA:9,3
DA:10,3
DA:11,3
DA:14,7
DA:15,2
DA:16,1
DA:18,1
DA:22,12
DA:23,8
DA:24,1
DA:27,7
DA:28,7
DA:29,7
DA:30,7
DA:32,7
DA:33,1
DA:35,6
DA:36,2
DA:38,4
DA:39,1
DA:42,3
DA:48,14
DA:49,14
DA:50,14
DA:52,13
DA:53,13
DA:54,13
DA:55,13
DA:56,12
DA:58,12
DA:60,7
DA:61,7
DA:62,7
DA:63,6
DA:64,1
DA:66,5
DA:67,2
DA:73,3
DA:77,3
DA:78,1
DA:81,2
DA:82,2
DA:83,2
DA:84,2
DA:87,2
DA:88,2
DA:89,2
DA:90,1
DA:95,1
DA:105,1
DA:106,1
DA:107,1
DA:108,1
DA:109,1
DA:110,1
DA:119,1
DA:122,1
DA:123,1
DA:132,1
DA:137,1
DA:140,1
DA:147,1
DA:153,1
DA:162,1
DA:176,13
DA:181,3
LF:67
LH:67
BRDA:14,0,0,5
BRDA:14,0,1,2
BRDA:15,1,0,1
BRDA:15,1,1,1
BRDA:15,2,0,2
BRDA:15,2,1,1
BRDA:15,2,2,1
BRDA:22,3,0,4
BRDA:22,3,1,8
BRDA:22,4,0,12
BRDA:22,4,1,8
BRDA:23,5,0,1
BRDA:23,5,1,7
BRDA:30,6,0,7
BRDA:30,6,1,0
BRDA:32,7,0,1
BRDA:32,7,1,6
BRDA:32,8,0,7
BRDA:32,8,1,7
BRDA:35,9,0,2
BRDA:35,9,1,4
BRDA:35,10,0,6
BRDA:35,10,1,5
BRDA:38,11,0,1
BRDA:38,11,1,3
BRDA:50,12,0,1
BRDA:50,12,1,13
BRDA:52,13,0,12
BRDA:52,13,1,1
BRDA:53,14,0,12
BRDA:53,14,1,1
BRDA:54,15,0,1
BRDA:54,15,1,12
BRDA:55,16,0,1
BRDA:55,16,1,12
BRDA:56,17,0,0
BRDA:56,17,1,12
BRDA:62,18,0,1
BRDA:62,18,1,6
BRDA:63,19,0,1
BRDA:63,19,1,5
BRDA:66,20,0,2
BRDA:66,20,1,3
BRDA:77,21,0,1
BRDA:77,21,1,2
BRDA:82,22,0,2
BRDA:82,22,1,0
BRDA:89,23,0,1
BRDA:89,23,1,1
BRDA:100,24,0,1
BRDA:100,24,1,0
BRF:51
BRH:47
end_of_record
TN:
SF:controllers\dashboardController.js
FN:4,(anonymous_0)
FNF:1
FNH:1
FNDA:2,(anonymous_0)
DA:1,3
DA:5,2
DA:6,2
DA:7,1
DA:9,1
DA:14,3
LF:6
LH:6
BRF:0
BRH:0
end_of_record
TN:
SF:controllers\doctorController.js
FN:9,addDays
FN:17,(anonymous_1)
FN:47,(anonymous_2)
FN:63,(anonymous_3)
FN:97,(anonymous_4)
FN:131,(anonymous_5)
FN:134,(anonymous_6)
FNF:7
FNH:7
FNDA:30,addDays
FNDA:2,(anonymous_1)
FNDA:1,(anonymous_2)
FNDA:3,(anonymous_3)
FNDA:42,(anonymous_4)
FNDA:1,(anonymous_5)
FNDA:3,(anonymous_6)
DA:1,3
DA:2,3
DA:3,3
DA:4,3
DA:5,3
DA:7,3
DA:10,30
DA:11,30
DA:12,30
DA:13,30
DA:18,2
DA:19,2
DA:20,2
DA:21,2
DA:22,2
DA:23,1
DA:26,2
DA:27,2
DA:32,2
DA:33,1
DA:36,2
DA:46,1
DA:47,1
DA:59,1
DA:64,3
DA:65,3
DA:72,3
DA:74,2
DA:75,2
DA:76,2
DA:85,2
DA:86,2
DA:87,1
DA:88,1
DA:91,2
DA:92,2
DA:93,28
DA:94,28
DA:95,28
DA:96,28
DA:97,42
DA:99,28
DA:100,6
DA:101,6
DA:113,2
DA:132,1
DA:134,3
DA:145,1
DA:150,3
LF:49
LH:49
BRDA:22,0,0,1
BRDA:22,0,1,1
BRDA:22,1,0,2
BRDA:22,1,1,1
BRDA:26,2,0,1
BRDA:26,2,1,1
BRDA:32,3,0,1
BRDA:32,3,1,1
BRDA:53,4,0,1
BRDA:53,4,1,0
BRDA:72,5,0,1
BRDA:72,5,1,2
BRDA:88,6,0,1
BRDA:88,6,1,1
BRDA:96,7,0,28
BRDA:96,7,1,0
BRDA:100,8,0,6
BRDA:100,8,1,6
BRDA:121,9,0,2
BRDA:121,9,1,0
BRDA:128,10,0,2
BRDA:128,10,1,0
BRDA:132,11,0,1
BRDA:132,11,1,1
BRF:24
BRH:20
end_of_record
TN:
SF:controllers\invoiceController.js
FN:42,loadInvoice
FN:48,assertCanReadInvoice
FN:65,(anonymous_2)
FN:75,(anonymous_3)
FN:110,(anonymous_4)
FN:151,(anonymous_5)
FNF:6
FNH:6
FNDA:12,loadInvoice
FNDA:7,assertCanReadInvoice
FNDA:8,(anonymous_2)
FNDA:4,(anonymous_3)
FNDA:4,(anonymous_4)
FNDA:2,(anonymous_5)
DA:10,3
DA:11,3
DA:12,3
DA:13,3
DA:14,3
DA:15,3
DA:17,3
DA:43,12
DA:44,12
DA:45,11
DA:49,7
DA:50,7
DA:51,6
DA:53,6
DA:54,5
DA:56,4
DA:57,3
DA:58,3
DA:61,2
DA:66,8
DA:67,8
DA:68,7
DA:69,4
DA:71,4
DA:76,4
DA:77,4
DA:78,4
DA:79,4
DA:80,1
DA:83,3
DA:84,1
DA:87,2
DA:88,1
DA:94,1
DA:95,1
DA:101,1
DA:106,2
DA:111,4
DA:112,4
DA:113,4
DA:114,4
DA:116,4
DA:117,2
DA:118,1
DA:120,1
DA:122,3
DA:123,2
DA:124,1
DA:126,1
DA:129,2
DA:150,2
DA:151,2
DA:170,2
DA:175,3
LF:54
LH:54
BRDA:44,0,0,1
BRDA:44,0,1,11
BRDA:50,1,0,1
BRDA:50,1,1,6
BRDA:53,2,0,1
BRDA:53,2,1,5
BRDA:54,3,0,1
BRDA:54,3,1,4
BRDA:54,4,0,5
BRDA:54,4,1,2
BRDA:56,5,0,3
BRDA:56,5,1,1
BRDA:57,6,0,3
BRDA:57,6,1,1
BRDA:58,7,0,2
BRDA:58,7,1,1
BRDA:58,8,0,3
BRDA:58,8,1,3
BRDA:79,9,0,1
BRDA:79,9,1,3
BRDA:79,10,0,4
BRDA:79,10,1,4
BRDA:83,11,0,1
BRDA:83,11,1,2
BRDA:87,12,0,1
BRDA:87,12,1,1
BRDA:116,13,0,2
BRDA:116,13,1,2
BRDA:117,14,0,1
BRDA:117,14,1,1
BRDA:122,15,0,2
BRDA:122,15,1,1
BRDA:123,16,0,1
BRDA:123,16,1,1
BRDA:134,17,0,1
BRDA:134,17,1,1
BRDA:159,18,0,2
BRDA:159,18,1,1
BRDA:160,19,0,1
BRDA:160,19,1,1
BRF:40
BRH:40
end_of_record
TN:
SF:controllers\medicineController.js
FN:6,parsePrice
FN:15,validatePayload
FN:32,(anonymous_2)
FN:41,(anonymous_3)
FN:51,(anonymous_4)
FN:62,(anonymous_5)
FN:75,(anonymous_6)
FNF:7
FNH:7
FNDA:11,parsePrice
FNDA:11,validatePayload
FNDA:2,(anonymous_2)
FNDA:2,(anonymous_3)
FNDA:9,(anonymous_4)
FNDA:3,(anonymous_5)
FNDA:2,(anonymous_6)
DA:1,3
DA:2,3
DA:3,3
DA:4,3
DA:7,11
DA:8,8
DA:9,1
DA:10,1
DA:12,0
DA:16,11
DA:17,11
DA:19,11
DA:20,1
DA:22,10
DA:23,3
DA:26,7
DA:27,7
DA:28,7
DA:33,2
DA:34,2
DA:35,1
DA:37,1
DA:42,2
DA:43,2
DA:44,2
DA:45,1
DA:47,1
DA:52,9
DA:53,9
DA:54,5
DA:55,5
DA:56,5
DA:58,4
DA:63,3
DA:64,3
DA:65,3
DA:66,2
DA:67,2
DA:68,2
DA:69,2
DA:71,1
DA:76,2
DA:77,2
DA:78,2
DA:79,1
DA:80,1
DA:82,1
DA:87,3
LF:48
LH:47
BRDA:7,0,0,3
BRDA:7,0,1,8
BRDA:7,1,0,11
BRDA:7,1,1,9
BRDA:7,1,2,9
BRDA:8,2,0,7
BRDA:8,2,1,1
BRDA:9,3,0,1
BRDA:9,3,1,0
BRDA:9,4,0,1
BRDA:9,4,1,1
BRDA:9,4,2,1
BRDA:16,5,0,10
BRDA:16,5,1,1
BRDA:19,6,0,1
BRDA:19,6,1,10
BRDA:22,7,0,3
BRDA:22,7,1,7
BRDA:22,8,0,10
BRDA:22,8,1,8
BRDA:27,9,0,3
BRDA:27,9,1,4
BRDA:44,10,0,1
BRDA:44,10,1,1
BRDA:54,11,0,5
BRDA:54,11,1,4
BRDA:54,12,0,5
BRDA:54,12,1,4
BRDA:65,13,0,1
BRDA:65,13,1,2
BRDA:78,14,0,1
BRDA:78,14,1,1
BRF:32
BRH:31
end_of_record
TN:
SF:controllers\paymentController.js
FN:11,(anonymous_0)
FNF:1
FNH:1
FNDA:6,(anonymous_0)
DA:1,2
DA:6,2
DA:7,2
DA:8,2
DA:12,6
DA:13,6
DA:14,1
DA:17,5
DA:21,5
DA:22,2
DA:25,3
DA:26,1
DA:29,2
DA:30,2
DA:31,1
DA:34,2
DA:36,1
DA:41,2
LF:18
LH:18
BRDA:13,0,0,1
BRDA:13,0,1,5
BRDA:21,1,0,2
BRDA:21,1,1,3
BRDA:21,2,0,5
BRDA:21,2,1,4
BRDA:25,3,0,1
BRDA:25,3,1,2
BRDA:30,4,0,1
BRDA:30,4,1,1
BRF:10
BRH:10
end_of_record
TN:
SF:controllers\queueController.js
FN:23,requireDateSession
FN:35,assertQueueAccess
FN:55,(anonymous_2)
FN:70,(anonymous_3)
FN:97,(anonymous_4)
FN:98,(anonymous_5)
FN:99,(anonymous_6)
FN:110,(anonymous_7)
FN:129,(anonymous_8)
FN:155,(anonymous_9)
FN:168,(anonymous_10)
FN:173,(anonymous_11)
FN:234,(anonymous_12)
FN:267,(anonymous_13)
FNF:14
FNH:14
FNDA:17,requireDateSession
FNDA:6,assertQueueAccess
FNDA:9,(anonymous_2)
FNDA:1,(anonymous_3)
FNDA:3,(anonymous_4)
FNDA:3,(anonymous_5)
FNDA:3,(anonymous_6)
FNDA:4,(anonymous_7)
FNDA:1,(anonymous_8)
FNDA:1,(anonymous_9)
FNDA:3,(anonymous_10)
FNDA:3,(anonymous_11)
FNDA:5,(anonymous_12)
FNDA:5,(anonymous_13)
DA:1,4
DA:2,4
DA:3,4
DA:9,4
DA:15,4
DA:16,4
DA:17,4
DA:21,4
DA:24,17
DA:25,1
DA:27,16
DA:28,1
DA:30,15
DA:31,1
DA:36,6
DA:37,5
DA:38,2
DA:39,2
DA:40,1
DA:42,1
DA:44,3
DA:45,2
DA:48,2
DA:49,1
DA:51,1
DA:56,9
DA:57,9
DA:58,9
DA:59,9
DA:60,6
DA:61,3
DA:64,3
DA:66,6
DA:71,1
DA:72,1
DA:73,1
DA:74,1
DA:79,1
DA:80,1
DA:81,1
DA:84,1
DA:90,1
DA:97,3
DA:98,3
DA:99,3
DA:104,1
DA:106,0
DA:111,4
DA:112,4
DA:113,4
DA:114,4
DA:115,1
DA:118,3
DA:125,3
DA:126,2
DA:129,1
DA:130,1
DA:144,1
DA:145,1
DA:146,1
DA:149,1
DA:151,3
DA:156,1
DA:157,1
DA:158,1
DA:159,1
DA:162,1
DA:164,0
DA:169,3
DA:170,3
DA:171,3
DA:173,3
DA:174,3
DA:183,3
DA:184,1
DA:190,2
DA:201,2
DA:202,1
DA:205,1
DA:209,1
DA:212,1
DA:213,1
DA:221,1
DA:223,1
DA:230,2
DA:235,5
DA:236,5
DA:237,5
DA:239,4
DA:240,4
DA:241,3
DA:242,1
DA:245,2
DA:246,2
DA:247,1
DA:250,1
DA:251,1
DA:257,1
DA:263,4
DA:268,5
DA:269,5
DA:270,5
DA:272,4
DA:273,4
DA:274,3
DA:275,1
DA:277,2
DA:278,1
DA:281,1
DA:282,1
DA:288,1
DA:294,4
DA:299,4
LF:113
LH:111
BRDA:24,0,0,1
BRDA:24,0,1,16
BRDA:24,1,0,17
BRDA:24,1,1,16
BRDA:27,2,0,1
BRDA:27,2,1,15
BRDA:30,3,0,1
BRDA:30,3,1,14
BRDA:36,4,0,1
BRDA:36,4,1,5
BRDA:37,5,0,2
BRDA:37,5,1,3
BRDA:39,6,0,1
BRDA:39,6,1,1
BRDA:39,7,0,2
BRDA:39,7,1,2
BRDA:44,8,0,2
BRDA:44,8,1,1
BRDA:48,9,0,1
BRDA:48,9,1,1
BRDA:114,10,0,1
BRDA:114,10,1,3
BRDA:125,11,0,2
BRDA:125,11,1,1
BRDA:183,12,0,1
BRDA:183,12,1,2
BRDA:201,13,0,1
BRDA:201,13,1,1
BRDA:237,14,0,1
BRDA:237,14,1,4
BRDA:240,15,0,1
BRDA:240,15,1,3
BRDA:241,16,0,1
BRDA:241,16,1,2
BRDA:246,17,0,1
BRDA:246,17,1,1
BRDA:270,18,0,1
BRDA:270,18,1,4
BRDA:273,19,0,1
BRDA:273,19,1,3
BRDA:274,20,0,1
BRDA:274,20,1,2
BRDA:277,21,0,1
BRDA:277,21,1,1
BRF:44
BRH:44
end_of_record
TN:
SF:controllers\specialtyController.js
FN:9,addDays
FN:16,serializeDoctor
FN:26,buildCalendar
FN:60,(anonymous_3)
FN:68,(anonymous_4)
FN:81,(anonymous_5)
FN:97,(anonymous_6)
FNF:7
FNH:7
FNDA:59,addDays
FNDA:3,serializeDoctor
FNDA:4,buildCalendar
FNDA:3,(anonymous_3)
FNDA:2,(anonymous_4)
FNDA:5,(anonymous_5)
FNDA:3,(anonymous_6)
DA:1,3
DA:2,3
DA:3,3
DA:4,3
DA:5,3
DA:7,3
DA:10,59
DA:11,59
DA:12,59
DA:13,59
DA:17,3
DA:27,4
DA:28,4
DA:29,56
DA:30,56
DA:31,56
DA:33,56
DA:34,42
DA:35,56
DA:36,8
DA:37,8
DA:38,6
DA:39,6
DA:52,56
DA:53,4
DA:56,4
DA:61,3
DA:62,3
DA:67,2
DA:68,2
DA:77,1
DA:82,5
DA:83,5
DA:94,5
DA:96,4
DA:97,4
DA:98,4
DA:99,4
DA:101,4
DA:102,3
DA:110,3
DA:111,2
DA:112,2
DA:116,4
DA:125,1
DA:130,3
LF:46
LH:46
BRDA:34,0,0,42
BRDA:34,0,1,14
BRDA:35,1,0,48
BRDA:35,1,1,8
BRDA:37,2,0,2
BRDA:37,2,1,6
BRDA:37,3,0,8
BRDA:37,3,1,6
BRDA:38,4,0,6
BRDA:38,4,1,5
BRDA:52,5,0,4
BRDA:52,5,1,52
BRDA:52,6,0,56
BRDA:52,6,1,54
BRDA:73,7,0,2
BRDA:73,7,1,1
BRDA:94,8,0,1
BRDA:94,8,1,4
BRDA:96,9,0,4
BRDA:96,9,1,1
BRDA:101,10,0,3
BRDA:101,10,1,1
BRDA:110,11,0,3
BRDA:110,11,1,1
BRDA:112,12,0,2
BRDA:112,12,1,1
BRF:26
BRH:26
end_of_record
TN:
SF:controllers\uploadController.js
FN:5,(anonymous_0)
FNF:1
FNH:1
FNDA:4,(anonymous_0)
DA:1,2
DA:2,2
DA:6,4
DA:7,4
DA:8,3
DA:13,2
DA:15,2
DA:20,2
LF:8
LH:8
BRDA:7,0,0,1
BRDA:7,0,1,3
BRDA:10,1,0,3
BRDA:10,1,1,1
BRDA:11,2,0,3
BRDA:11,2,1,1
BRF:6
BRH:6
end_of_record
TN:
SF:helpers\HttpError.js
FN:2,(anonymous_0)
FNF:1
FNH:1
FNDA:122,(anonymous_0)
DA:3,122
DA:4,122
DA:5,122
DA:9,12
LF:4
LH:4
BRF:0
BRH:0
end_of_record
TN:
SF:helpers\bcrypt.js
FN:3,hashPassword
FN:7,comparePassword
FNF:2
FNH:2
FNDA:5,hashPassword
FNDA:3,comparePassword
DA:1,5
DA:4,5
DA:8,3
DA:11,5
LF:4
LH:4
BRF:0
BRH:0
end_of_record
TN:
SF:helpers\chatAccess.js
FN:6,chatClosesOn
FN:12,isChatWritable
FN:19,chatWriteError
FNF:3
FNH:3
FNDA:13,chatClosesOn
FNDA:18,isChatWritable
FNDA:5,chatWriteError
DA:1,4
DA:2,4
DA:4,4
DA:7,13
DA:8,13
DA:9,11
DA:13,18
DA:14,11
DA:15,11
DA:16,10
DA:20,5
DA:21,4
DA:22,2
DA:24,2
DA:27,4
LF:15
LH:15
BRDA:8,0,0,2
BRDA:8,0,1,11
BRDA:12,1,0,8
BRDA:13,2,0,7
BRDA:13,2,1,11
BRDA:13,3,0,18
BRDA:13,3,1,17
BRDA:15,4,0,1
BRDA:15,4,1,10
BRDA:19,5,0,3
BRDA:20,6,0,1
BRDA:20,6,1,4
BRDA:21,7,0,2
BRDA:21,7,1,2
BRF:14
BRH:14
end_of_record
TN:
SF:helpers\chatbotLlm.js
FN:5,recommendWithFallback
FNF:1
FNH:1
FNDA:4,recommendWithFallback
DA:1,2
DA:2,2
DA:3,2
DA:6,4
DA:7,4
DA:9,3
DA:10,3
DA:13,2
DA:15,2
DA:25,2
LF:10
LH:10
BRDA:13,0,0,2
BRDA:13,0,1,1
BRDA:17,1,0,1
BRDA:17,1,1,1
BRF:4
BRH:4
end_of_record
TN:
SF:helpers\constants.js
FNF:0
FNH:0
DA:1,11
DA:7,11
DA:9,11
DA:19,11
DA:28,11
DA:36,11
DA:44,11
DA:49,11
DA:58,11
DA:66,11
DA:68,11
LF:11
LH:11
BRF:0
BRH:0
end_of_record
TN:
SF:helpers\dashboardCounts.js
FN:6,getDashboardCounts
FNF:1
FNH:1
FNDA:2,getDashboardCounts
DA:1,2
DA:2,2
DA:3,2
DA:4,2
DA:7,2
DA:8,2
DA:14,2
DA:25,2
DA:28,2
LF:9
LH:9
BRDA:7,0,0,2
BRDA:7,0,1,1
BRF:2
BRH:2
end_of_record
TN:
SF:helpers\date.js
FN:1,formatDate
FN:9,toDateOnly
FN:15,addDays
FN:22,todayDateOnly
FN:26,dayOfWeekFromDate
FN:31,isPastDate
FN:35,isValidDateOnly
FNF:7
FNH:7
FNDA:159,formatDate
FNDA:80,toDateOnly
FNDA:13,addDays
FNDA:37,todayDateOnly
FNDA:80,dayOfWeekFromDate
FNDA:13,isPastDate
FNDA:45,isValidDateOnly
DA:2,159
DA:3,159
DA:4,159
DA:5,159
DA:6,159
DA:10,80
DA:11,76
DA:12,2
DA:16,13
DA:17,13
DA:18,13
DA:19,13
DA:23,37
DA:27,80
DA:28,80
DA:32,13
DA:36,45
DA:39,8
LF:18
LH:18
BRDA:1,0,0,1
BRDA:2,1,0,159
BRDA:2,1,1,0
BRDA:10,2,0,4
BRDA:10,2,1,76
BRDA:11,3,0,74
BRDA:11,3,1,2
BRDA:18,4,0,13
BRDA:18,4,1,0
BRDA:36,5,0,45
BRDA:36,5,1,2
BRF:11
BRH:9
end_of_record
TN:
SF:helpers\doctorAvailability.js
FN:7,getAvailableDoctors
FN:64,toPublicRecommendation
FN:66,(anonymous_2)
FN:72,(anonymous_3)
FNF:4
FNH:4
FNDA:2,getAvailableDoctors
FNDA:5,toPublicRecommendation
FNDA:5,(anonymous_2)
FNDA:4,(anonymous_3)
DA:1,3
DA:2,3
DA:3,3
DA:5,3
DA:8,2
DA:16,2
DA:17,2
DA:19,2
DA:20,3
DA:21,3
DA:22,3
DA:23,3
DA:25,2
DA:26,2
DA:27,14
DA:28,14
DA:29,14
DA:30,14
DA:32,14
DA:33,14
DA:34,2
DA:40,2
DA:41,1
DA:49,2
DA:51,1
DA:61,2
DA:65,5
DA:66,5
DA:68,5
DA:70,4
DA:71,4
DA:73,4
DA:77,4
DA:79,2
DA:81,2
DA:94,3
LF:36
LH:36
BRDA:22,0,0,3
BRDA:22,0,1,0
BRDA:23,1,0,1
BRDA:23,1,1,2
BRDA:23,2,0,3
BRDA:23,2,1,2
BRDA:23,2,2,2
BRDA:33,3,0,12
BRDA:33,3,1,2
BRDA:40,4,0,1
BRDA:40,4,1,1
BRDA:49,5,0,1
BRDA:49,5,1,1
BRDA:68,6,0,1
BRDA:68,6,1,4
BRDA:70,7,0,4
BRDA:70,7,1,0
BRDA:73,8,0,4
BRDA:73,8,1,2
BRDA:73,8,2,0
BRDA:73,8,3,2
BRDA:77,9,0,2
BRDA:77,9,1,2
BRDA:79,10,0,2
BRDA:79,10,1,0
BRF:25
BRH:21
end_of_record
TN:
SF:helpers\gemini.js
FN:12,buildPrompt
FN:20,parseModelJson
FN:41,invalidAiResult
FN:45,recommendWithGemini
FNF:4
FNH:4
FNDA:6,buildPrompt
FNDA:11,parseModelJson
FNDA:2,invalidAiResult
FNDA:4,recommendWithGemini
DA:1,4
DA:2,4
DA:3,4
DA:5,4
DA:13,6
DA:21,11
DA:22,9
DA:28,9
DA:29,9
DA:31,4
DA:32,4
DA:33,1
DA:34,1
DA:36,0
DA:42,2
DA:46,4
DA:47,4
DA:48,1
DA:51,3
DA:52,3
DA:57,3
DA:58,3
DA:59,3
DA:60,2
DA:63,1
DA:66,4
LF:26
LH:25
BRDA:21,0,0,2
BRDA:21,0,1,9
BRDA:32,1,0,3
BRDA:32,1,1,1
BRDA:47,2,0,1
BRDA:47,2,1,3
BRDA:53,3,0,3
BRDA:53,3,1,3
BRDA:59,4,0,2
BRDA:59,4,1,1
BRDA:59,5,0,3
BRDA:59,5,1,2
BRF:12
BRH:12
end_of_record
TN:
SF:helpers\groq.js
FN:10,recommendWithGroq
FNF:1
FNH:1
FNDA:3,recommendWithGroq
DA:1,2
DA:2,2
DA:3,2
DA:8,2
DA:11,3
DA:12,3
DA:13,1
DA:16,2
DA:17,2
DA:27,2
DA:28,2
DA:29,2
DA:30,1
DA:33,1
DA:36,2
LF:15
LH:15
BRDA:12,0,0,1
BRDA:12,0,1,2
BRDA:18,1,0,2
BRDA:18,1,1,2
BRDA:29,2,0,1
BRDA:29,2,1,1
BRDA:29,3,0,2
BRDA:29,3,1,1
BRF:8
BRH:8
end_of_record
TN:
SF:helpers\imageUpload.js
FN:7,isAllowedImage
FN:11,imageFileFilter
FNF:2
FNH:2
FNDA:5,isAllowedImage
FNDA:2,imageFileFilter
DA:1,2
DA:2,2
DA:4,2
DA:5,2
DA:8,5
DA:12,2
DA:13,1
DA:14,1
DA:16,1
DA:19,2
DA:25,2
LF:11
LH:11
BRDA:12,0,0,1
BRDA:12,0,1,1
BRF:2
BRH:2
end_of_record
TN:
SF:helpers\imagekit.js
FN:10,folderPathFor
FN:14,getImageKit
FN:24,uploadToImageKit
FNF:3
FNH:3
FNDA:7,folderPathFor
FNDA:10,getImageKit
FNDA:9,uploadToImageKit
DA:1,4
DA:2,4
DA:4,4
DA:11,7
DA:15,10
DA:16,10
DA:17,10
DA:18,10
DA:19,2
DA:21,8
DA:25,9
DA:26,9
DA:27,8
DA:32,6
DA:33,1
DA:35,5
DA:37,4
DA:38,2
DA:42,4
LF:19
LH:19
BRDA:11,0,0,7
BRDA:11,0,1,2
BRDA:18,1,0,2
BRDA:18,1,1,8
BRDA:18,2,0,10
BRDA:18,2,1,8
BRDA:18,2,2,8
BRDA:28,3,0,7
BRDA:28,3,1,1
BRDA:29,4,0,8
BRDA:29,4,1,1
BRDA:30,5,0,8
BRDA:30,5,1,2
BRDA:32,6,0,1
BRDA:32,6,1,5
BRDA:35,7,0,5
BRDA:35,7,1,4
BRDA:37,8,0,2
BRDA:37,8,1,2
BRF:19
BRH:19
end_of_record
TN:
SF:helpers\jwt.js
FN:3,getSecret
FN:11,signToken
FN:17,verifyToken
FNF:3
FNH:3
FNDA:9,getSecret
FNDA:6,signToken
FNDA:3,verifyToken
DA:1,6
DA:4,9
DA:5,2
DA:6,2
DA:8,0
DA:12,6
DA:18,3
DA:21,6
LF:8
LH:7
BRDA:4,0,0,7
BRDA:4,0,1,2
BRDA:5,1,0,2
BRDA:5,1,1,0
BRDA:13,2,0,4
BRDA:13,2,1,0
BRF:6
BRH:4
end_of_record
TN:
SF:helpers\maskName.js
FN:1,maskPatientName
FNF:1
FNH:1
FNDA:8,maskPatientName
DA:2,8
DA:7,8
DA:8,6
DA:10,3
DA:11,3
DA:14,5
LF:6
LH:6
BRDA:2,0,0,8
BRDA:2,0,1,1
BRDA:7,1,0,2
BRDA:7,1,1,6
BRDA:8,2,0,3
BRDA:8,2,1,3
BRF:6
BRH:6
end_of_record
TN:
SF:helpers\midtrans.js
FN:7,getSnapClient
FN:21,canReuseSnap
FN:29,orderIdFor
FN:34,createSnapToken
FN:51,verifySignature
FN:69,amountsMatch
FN:75,mapNotificationStatus
FNF:7
FNH:7
FNDA:3,getSnapClient
FNDA:5,canReuseSnap
FNDA:3,orderIdFor
FNDA:2,createSnapToken
FNDA:4,verifySignature
FNDA:2,amountsMatch
FNDA:9,mapNotificationStatus
DA:1,5
DA:2,5
DA:3,5
DA:4,5
DA:5,5
DA:8,3
DA:9,3
DA:10,3
DA:11,1
DA:14,2
DA:22,5
DA:30,3
DA:31,2
DA:35,2
DA:36,1
DA:37,1
DA:44,1
DA:52,4
DA:53,4
DA:55,3
DA:56,3
DA:57,3
DA:58,3
DA:59,3
DA:61,2
DA:66,2
DA:70,2
DA:71,2
DA:72,2
DA:76,9
DA:77,9
DA:79,9
DA:80,4
DA:81,3
DA:82,1
DA:84,5
DA:85,4
DA:86,3
DA:87,2
DA:88,1
DA:91,5
LF:41
LH:41
BRDA:10,0,0,1
BRDA:10,0,1,2
BRDA:10,1,0,3
BRDA:10,1,1,2
BRDA:23,2,0,5
BRDA:23,2,1,2
BRDA:23,2,2,2
BRDA:30,3,0,1
BRDA:30,3,1,2
BRDA:53,4,0,1
BRDA:53,4,1,3
BRDA:59,5,0,1
BRDA:59,5,1,2
BRDA:59,6,0,3
BRDA:59,6,1,2
BRDA:59,6,2,2
BRDA:59,6,3,2
BRDA:72,7,0,2
BRDA:72,7,1,2
BRDA:72,7,2,2
BRDA:79,8,0,4
BRDA:79,8,1,5
BRDA:80,9,0,1
BRDA:80,9,1,3
BRDA:81,10,0,2
BRDA:81,10,1,1
BRDA:81,11,0,3
BRDA:81,11,1,2
BRDA:84,12,0,1
BRDA:84,12,1,4
BRDA:85,13,0,1
BRDA:85,13,1,3
BRDA:86,14,0,1
BRDA:86,14,1,2
BRDA:87,15,0,1
BRDA:87,15,1,1
BRF:36
BRH:36
end_of_record
TN:
SF:helpers\optionalImgUrl.js
FN:1,optionalImgUrl
FNF:1
FNH:1
FNDA:20,optionalImgUrl
DA:2,20
DA:3,19
DA:4,16
DA:5,16
DA:8,5
LF:5
LH:5
BRDA:2,0,0,1
BRDA:2,0,1,19
BRDA:3,1,0,3
BRDA:3,1,1,16
BRDA:5,2,0,16
BRDA:5,2,1,6
BRF:6
BRH:6
end_of_record
TN:
SF:helpers\queuePayload.js
FN:7,buildQueuePayload
FN:20,(anonymous_1)
FN:23,(anonymous_2)
FNF:3
FNH:3
FNDA:3,buildQueuePayload
FNDA:4,(anonymous_1)
FNDA:4,(anonymous_2)
DA:1,4
DA:2,4
DA:3,4
DA:4,4
DA:5,4
DA:8,3
DA:9,3
DA:20,4
DA:21,3
DA:23,3
DA:24,4
DA:29,4
DA:30,4
DA:33,3
DA:43,4
LF:15
LH:15
BRDA:7,0,0,2
BRDA:7,1,0,2
BRDA:21,2,0,2
BRDA:21,2,1,1
BRDA:29,3,0,2
BRDA:29,3,1,2
BRF:6
BRH:6
end_of_record
TN:
SF:helpers\quota.js
FN:10,countUsedQuota
FN:22,remainingQuota
FN:27,hasActiveDoubleBook
FN:41,isSessionOpen
FN:57,sessionKey
FN:61,markSessionOpen
FN:65,resetOpenedSessions
FNF:7
FNH:7
FNDA:7,countUsedQuota
FNDA:3,remainingQuota
FNDA:6,hasActiveDoubleBook
FNDA:6,isSessionOpen
FNDA:4,sessionKey
FNDA:1,markSessionOpen
FNDA:2,resetOpenedSessions
DA:1,5
DA:2,5
DA:7,5
DA:8,5
DA:11,7
DA:23,3
DA:24,3
DA:28,6
DA:38,6
DA:42,6
DA:51,6
DA:52,3
DA:55,5
DA:58,4
DA:62,1
DA:66,2
DA:69,5
LF:17
LH:17
BRDA:51,0,0,3
BRDA:51,0,1,3
BRF:2
BRH:2
end_of_record
TN:
SF:helpers\requestImage.js
FN:4,resolveRequestImgUrl
FNF:1
FNH:1
FNDA:25,resolveRequestImgUrl
DA:1,4
DA:2,4
DA:5,25
DA:6,2
DA:11,2
DA:13,23
DA:14,12
DA:16,11
DA:19,4
LF:9
LH:9
BRDA:5,0,0,2
BRDA:5,0,1,23
BRDA:8,1,0,2
BRDA:8,1,1,1
BRDA:13,2,0,12
BRDA:13,2,1,11
BRDA:13,3,0,23
BRDA:13,3,1,22
BRF:8
BRH:8
end_of_record
TN:
SF:helpers\visitDetails.js
FN:1,serializePrescriptionItems
FN:3,(anonymous_1)
FN:19,visitInclude
FN:35,serializeVisit
FN:40,(anonymous_4)
FN:64,serializeInvoiceDetail
FN:68,(anonymous_6)
FNF:7
FNH:7
FNDA:17,serializePrescriptionItems
FNDA:4,(anonymous_1)
FNDA:3,visitInclude
FNDA:8,serializeVisit
FNDA:1,(anonymous_4)
FNDA:6,serializeInvoiceDetail
FNDA:1,(anonymous_6)
DA:2,17
DA:3,17
DA:4,4
DA:5,4
DA:6,4
DA:20,3
DA:21,3
DA:36,8
DA:37,8
DA:38,8
DA:39,8
DA:40,8
DA:42,8
DA:65,6
DA:66,6
DA:67,6
DA:68,6
DA:69,6
DA:71,6
DA:105,5
LF:20
LH:20
BRDA:2,0,0,17
BRDA:2,0,1,10
BRDA:4,1,0,4
BRDA:4,1,1,2
BRDA:5,2,0,4
BRDA:5,2,1,0
BRDA:9,3,0,4
BRDA:9,3,1,2
BRDA:10,4,0,4
BRDA:10,4,1,2
BRDA:36,5,0,8
BRDA:36,5,1,7
BRDA:37,6,0,8
BRDA:37,6,1,7
BRDA:39,7,0,8
BRDA:39,7,1,5
BRDA:43,8,0,1
BRDA:43,8,1,7
BRDA:52,9,0,1
BRDA:52,9,1,7
BRDA:65,10,0,6
BRDA:65,10,1,2
BRDA:67,11,0,6
BRDA:67,11,1,2
BRDA:80,12,0,4
BRDA:80,12,1,2
BRDA:87,13,0,5
BRDA:87,13,1,1
BRDA:88,14,0,6
BRDA:88,14,1,2
BRDA:89,15,0,4
BRDA:89,15,1,2
BRDA:96,16,0,4
BRDA:96,16,1,2
BRF:34
BRH:33
end_of_record
TN:
SF:middlewares\authentication.js
FN:5,authentication
FNF:1
FNH:1
FNDA:8,authentication
DA:1,2
DA:2,2
DA:3,2
DA:6,8
DA:7,8
DA:8,8
DA:9,5
DA:12,3
DA:13,3
DA:15,2
DA:16,2
DA:17,2
DA:19,1
DA:25,1
DA:27,7
DA:31,2
LF:16
LH:16
BRDA:8,0,0,5
BRDA:8,0,1,3
BRDA:8,1,0,8
BRDA:8,1,1,3
BRDA:13,2,0,1
BRDA:13,2,1,2
BRDA:17,3,0,1
BRDA:17,3,1,1
BRF:8
BRH:8
end_of_record
TN:
SF:middlewares\authorization.js
FN:5,authorize
FN:6,(anonymous_1)
FN:18,requireDoctor
FNF:3
FNH:3
FNDA:10,authorize
FNDA:4,(anonymous_1)
FNDA:3,requireDoctor
DA:1,2
DA:2,2
DA:3,2
DA:6,10
DA:7,4
DA:8,4
DA:9,1
DA:11,3
DA:13,1
DA:19,3
DA:20,3
DA:21,1
DA:23,2
DA:24,2
DA:25,1
DA:26,1
DA:28,2
DA:32,2
DA:33,2
DA:35,2
LF:20
LH:20
BRDA:8,0,0,1
BRDA:8,0,1,3
BRDA:8,1,0,4
BRDA:8,1,1,4
BRDA:20,2,0,1
BRDA:20,2,1,2
BRDA:24,3,0,1
BRDA:24,3,1,1
BRF:8
BRH:8
end_of_record
TN:
SF:middlewares\errorHandler.js
FN:1,errorHandler
FN:17,(anonymous_1)
FNF:2
FNH:2
FNDA:16,errorHandler
FNDA:1,(anonymous_1)
DA:2,16
DA:4,16
DA:5,5
DA:8,11
DA:9,2
DA:12,9
DA:13,2
DA:16,7
DA:17,3
DA:18,3
DA:19,1
DA:21,2
DA:22,1
DA:26,1
DA:29,4
DA:30,1
DA:33,3
DA:35,2
DA:36,2
DA:39,1
DA:42,3
LF:21
LH:21
BRDA:4,0,0,5
BRDA:4,0,1,11
BRDA:8,1,0,2
BRDA:8,1,1,9
BRDA:8,2,0,11
BRDA:8,2,1,10
BRDA:12,3,0,2
BRDA:12,3,1,7
BRDA:13,4,0,2
BRDA:13,4,1,1
BRDA:16,5,0,3
BRDA:16,5,1,4
BRDA:17,6,0,3
BRDA:17,6,1,1
BRDA:18,7,0,1
BRDA:18,7,1,2
BRDA:21,8,0,1
BRDA:21,8,1,1
BRDA:21,9,0,2
BRDA:21,9,1,2
BRDA:29,10,0,1
BRDA:29,10,1,3
BRDA:33,11,0,2
BRDA:33,11,1,1
BRDA:35,12,0,1
BRDA:35,12,1,1
BRF:26
BRH:26
end_of_record
TN:
SF:routes\appointments.js
FNF:0
FNH:0
DA:1,1
DA:2,1
DA:3,1
DA:4,1
DA:5,1
DA:6,1
DA:8,1
DA:10,1
DA:11,1
DA:12,1
DA:13,1
DA:14,1
DA:15,1
DA:16,1
DA:18,1
LF:15
LH:15
BRF:0
BRH:0
end_of_record
TN:
SF:routes\auth.js
FNF:0
FNH:0
DA:1,1
DA:2,1
DA:4,1
DA:5,1
DA:7,1
LF:5
LH:5
BRF:0
BRH:0
end_of_record
TN:
SF:routes\chatbot.js
FNF:0
FNH:0
DA:1,1
DA:2,1
DA:3,1
DA:4,1
DA:7,1
DA:9,1
LF:6
LH:6
BRF:0
BRH:0
end_of_record
TN:
SF:routes\chats.js
FNF:0
FNH:0
DA:1,1
DA:2,1
DA:3,1
DA:4,1
DA:5,1
DA:8,1
DA:15,1
LF:7
LH:7
BRF:0
BRH:0
end_of_record
TN:
SF:routes\doctor.js
FNF:0
FNH:0
DA:1,1
DA:2,1
DA:3,1
DA:4,1
DA:5,1
DA:7,1
DA:9,1
DA:10,1
DA:11,1
DA:12,1
DA:13,1
DA:14,1
DA:15,1
DA:17,1
LF:14
LH:14
BRF:0
BRH:0
end_of_record
TN:
SF:routes\doctors.js
FNF:0
FNH:0
DA:1,1
DA:2,1
DA:4,1
DA:5,1
DA:7,1
LF:5
LH:5
BRF:0
BRH:0
end_of_record
TN:
SF:routes\index.js
FNF:0
FNH:0
DA:1,1
DA:3,1
DA:4,1
DA:5,1
DA:6,1
DA:7,1
DA:8,1
DA:9,1
DA:10,1
DA:11,1
DA:12,1
DA:13,1
DA:14,1
DA:16,1
LF:14
LH:14
BRF:0
BRH:0
end_of_record
TN:
SF:routes\invoices.js
FNF:0
FNH:0
DA:1,1
DA:2,1
DA:3,1
DA:4,1
DA:7,1
DA:8,1
DA:10,1
LF:7
LH:7
BRF:0
BRH:0
end_of_record
TN:
SF:routes\me.js
FNF:0
FNH:0
DA:1,1
DA:2,1
DA:3,1
DA:5,1
DA:7,1
LF:5
LH:5
BRF:0
BRH:0
end_of_record
TN:
SF:routes\payments.js
FNF:0
FNH:0
DA:1,1
DA:2,1
DA:5,1
DA:7,1
LF:4
LH:4
BRF:0
BRH:0
end_of_record
TN:
SF:routes\queues.js
FNF:0
FNH:0
DA:1,1
DA:2,1
DA:3,1
DA:5,1
DA:7,1
LF:5
LH:5
BRF:0
BRH:0
end_of_record
TN:
SF:routes\specialties.js
FNF:0
FNH:0
DA:1,1
DA:2,1
DA:4,1
DA:5,1
DA:7,1
LF:5
LH:5
BRF:0
BRH:0
end_of_record
TN:
SF:routes\admin\appointments.js
FNF:0
FNH:0
DA:1,1
DA:2,1
DA:3,1
DA:4,1
DA:6,1
DA:8,1
DA:10,1
LF:7
LH:7
BRF:0
BRH:0
end_of_record
TN:
SF:routes\admin\dashboard.js
FNF:0
FNH:0
DA:1,1
DA:2,1
DA:3,1
DA:4,1
DA:7,1
DA:9,1
LF:6
LH:6
BRF:0
BRH:0
end_of_record
TN:
SF:routes\admin\doctors.js
FNF:0
FNH:0
DA:1,1
DA:2,1
DA:3,1
DA:4,1
DA:5,1
DA:7,1
DA:9,1
DA:10,1
DA:11,1
DA:12,1
DA:14,1
LF:11
LH:11
BRF:0
BRH:0
end_of_record
TN:
SF:routes\admin\index.js
FNF:0
FNH:0
DA:1,1
DA:3,1
DA:4,1
DA:5,1
DA:6,1
DA:7,1
DA:8,1
DA:9,1
DA:10,1
DA:12,1
LF:10
LH:10
BRF:0
BRH:0
end_of_record
TN:
SF:routes\admin\invoices.js
FNF:0
FNH:0
DA:1,1
DA:2,1
DA:3,1
DA:4,1
DA:7,1
DA:9,1
LF:6
LH:6
BRF:0
BRH:0
end_of_record
TN:
SF:routes\admin\medicines.js
FNF:0
FNH:0
DA:1,1
DA:2,1
DA:3,1
DA:4,1
DA:5,1
DA:6,1
DA:9,1
DA:10,1
DA:11,1
DA:12,1
DA:13,1
DA:15,1
LF:12
LH:12
BRF:0
BRH:0
end_of_record
TN:
SF:routes\admin\schedules.js
FNF:0
FNH:0
DA:1,1
DA:2,1
DA:3,1
DA:4,1
DA:6,1
DA:8,1
DA:9,1
DA:10,1
DA:11,1
DA:13,1
LF:10
LH:10
BRF:0
BRH:0
end_of_record
TN:
SF:routes\admin\specialties.js
FNF:0
FNH:0
DA:1,1
DA:2,1
DA:3,1
DA:4,1
DA:5,1
DA:7,1
DA:9,1
DA:10,1
DA:11,1
DA:12,1
DA:14,1
LF:11
LH:11
BRF:0
BRH:0
end_of_record
TN:
SF:routes\admin\uploads.js
FNF:0
FNH:0
DA:1,1
DA:2,1
DA:3,1
DA:4,1
DA:5,1
DA:7,1
DA:8,1
DA:10,1
LF:8
LH:8
BRF:0
BRH:0
end_of_record
TN:
SF:sockets\emit.js
FN:3,setIo
FN:7,getIo
FN:11,queueRoom
FN:15,chatRoom
FN:19,emitQueueUpdated
FN:30,emitQueueCalled
FN:45,emitQueueCompleted
FN:59,emitChatMessage
FN:65,emitChatTyping
FN:82,emitChatRead
FNF:10
FNH:10
FNDA:3,setIo
FNDA:14,getIo
FNDA:4,queueRoom
FNDA:6,chatRoom
FNDA:2,emitQueueUpdated
FNDA:2,emitQueueCalled
FNDA:2,emitQueueCompleted
FNDA:2,emitChatMessage
FNDA:3,emitChatTyping
FNDA:2,emitChatRead
DA:1,2
DA:4,3
DA:8,14
DA:12,4
DA:16,6
DA:20,2
DA:21,2
DA:22,2
DA:23,2
DA:26,2
DA:27,2
DA:31,2
DA:32,2
DA:33,2
DA:41,2
DA:42,2
DA:46,2
DA:47,2
DA:48,2
DA:55,2
DA:56,2
DA:60,2
DA:61,2
DA:62,2
DA:66,3
DA:71,3
DA:72,3
DA:73,3
DA:74,2
DA:75,1
DA:77,1
DA:79,2
DA:83,2
DA:88,2
DA:89,2
DA:92,2
LF:36
LH:36
BRDA:39,0,0,2
BRDA:39,0,1,2
BRDA:65,1,0,2
BRDA:73,2,0,1
BRDA:73,2,1,2
BRDA:74,3,0,1
BRDA:74,3,1,1
BRF:7
BRH:7
end_of_record
TN:
SF:sockets\index.js
FN:12,parseQueueRoom
FN:22,parseChatRoom
FN:28,canJoinQueue
FN:46,canJoinChat
FN:65,initSocket
FN:72,(anonymous_5)
FN:94,(anonymous_6)
FN:95,(anonymous_7)
FN:133,(anonymous_8)
FN:139,(anonymous_9)
FNF:10
FNH:10
FNDA:13,parseQueueRoom
FNDA:6,parseChatRoom
FNDA:7,canJoinQueue
FNDA:7,canJoinChat
FNDA:1,initSocket
FNDA:5,(anonymous_5)
FNDA:1,(anonymous_6)
FNDA:14,(anonymous_7)
FNDA:2,(anonymous_8)
FNDA:3,(anonymous_9)
DA:1,1
DA:2,1
DA:3,1
DA:4,1
DA:10,1
DA:13,13
DA:14,13
DA:15,7
DA:23,6
DA:24,6
DA:25,5
DA:29,7
DA:31,6
DA:32,2
DA:33,2
DA:36,4
DA:37,3
DA:40,3
DA:43,1
DA:47,7
DA:49,6
DA:52,5
DA:54,4
DA:55,3
DA:58,1
DA:59,1
DA:62,0
DA:66,1
DA:70,1
DA:72,1
DA:73,5
DA:74,5
DA:75,5
DA:76,5
DA:77,5
DA:79,4
DA:80,3
DA:81,3
DA:83,2
DA:88,2
DA:90,1
DA:94,1
DA:95,1
DA:96,14
DA:97,14
DA:98,14
DA:99,1
DA:100,1
DA:103,13
DA:104,13
DA:105,7
DA:106,7
DA:107,4
DA:108,4
DA:110,3
DA:111,3
DA:112,3
DA:115,6
DA:116,6
DA:117,5
DA:118,5
DA:119,3
DA:120,3
DA:122,2
DA:123,2
DA:124,2
DA:127,1
DA:129,0
DA:133,1
DA:134,2
DA:135,2
DA:136,2
DA:139,1
DA:140,3
DA:141,3
DA:142,3
DA:143,2
DA:144,1
DA:145,1
DA:156,1
DA:159,1
LF:81
LH:79
BRDA:14,0,0,6
BRDA:14,0,1,7
BRDA:24,1,0,1
BRDA:24,1,1,5
BRDA:29,2,0,1
BRDA:29,2,1,6
BRDA:31,3,0,2
BRDA:31,3,1,4
BRDA:33,4,0,2
BRDA:33,4,1,2
BRDA:36,5,0,3
BRDA:36,5,1,1
BRDA:47,6,0,1
BRDA:47,6,1,6
BRDA:52,7,0,1
BRDA:52,7,1,4
BRDA:54,8,0,3
BRDA:54,8,1,1
BRDA:58,9,0,1
BRDA:58,9,1,0
BRDA:75,10,0,1
BRDA:75,10,1,4
BRDA:76,11,0,5
BRDA:76,11,1,1
BRDA:77,12,0,1
BRDA:77,12,1,4
BRDA:81,13,0,1
BRDA:81,13,1,2
BRDA:97,14,0,12
BRDA:97,14,1,2
BRDA:98,15,0,1
BRDA:98,15,1,13
BRDA:104,16,0,7
BRDA:104,16,1,6
BRDA:106,17,0,4
BRDA:106,17,1,3
BRDA:116,18,0,5
BRDA:116,18,1,1
BRDA:118,19,0,3
BRDA:118,19,1,2
BRDA:134,20,0,1
BRDA:134,20,1,1
BRDA:135,21,0,1
BRDA:135,21,1,1
BRDA:139,22,0,0
BRDA:142,23,0,1
BRDA:142,23,1,2
BRDA:144,24,0,0
BRDA:144,24,1,1
BRF:49
BRH:46
end_of_record
