TN:
SF:app.js
FN:16,(anonymous_0)
FNF:1
FNH:1
FNDA:1,(anonymous_0)
DA:1,1
DA:2,1
DA:4,1
DA:5,1
DA:6,1
DA:7,1
DA:9,1
DA:11,1
DA:12,1
DA:13,1
DA:14,1
DA:16,1
DA:17,1
DA:20,1
DA:22,1
LF:15
LH:15
BRF:0
BRH:0
end_of_record
TN:
SF:controllers\adminController.js
FN:10,(anonymous_0)
FN:19,(anonymous_1)
FN:34,(anonymous_2)
FN:51,(anonymous_3)
FN:67,serializeAdminDoctor
FN:85,(anonymous_5)
FN:100,(anonymous_6)
FN:114,(anonymous_7)
FN:149,(anonymous_8)
FN:156,(anonymous_9)
FN:191,(anonymous_10)
FN:199,(anonymous_11)
FN:213,(anonymous_12)
FN:237,(anonymous_13)
FN:273,(anonymous_14)
FN:294,(anonymous_15)
FN:307,(anonymous_16)
FN:339,(anonymous_17)
FNF:18
FNH:0
FNDA:0,(anonymous_0)
FNDA:0,(anonymous_1)
FNDA:0,(anonymous_2)
FNDA:0,(anonymous_3)
FNDA:0,serializeAdminDoctor
FNDA:0,(anonymous_5)
FNDA:0,(anonymous_6)
FNDA:0,(anonymous_7)
FNDA:0,(anonymous_8)
FNDA:0,(anonymous_9)
FNDA:0,(anonymous_10)
FNDA:0,(anonymous_11)
FNDA:0,(anonymous_12)
FNDA:0,(anonymous_13)
FNDA:0,(anonymous_14)
FNDA:0,(anonymous_15)
FNDA:0,(anonymous_16)
FNDA:0,(anonymous_17)
DA:1,1
DA:2,1
DA:3,1
DA:4,1
DA:5,1
DA:6,1
DA:7,1
DA:11,0
DA:12,0
DA:13,0
DA:15,0
DA:20,0
DA:21,0
DA:22,0
DA:23,0
DA:28,0
DA:30,0
DA:35,0
DA:36,0
DA:37,0
DA:38,0
DA:39,0
DA:44,0
DA:45,0
DA:47,0
DA:52,0
DA:53,0
DA:54,0
DA:55,0
DA:56,0
DA:57,0
DA:59,0
DA:60,0
DA:62,0
DA:68,0
DA:86,0
DA:87,0
DA:94,0
DA:96,0
DA:101,0
DA:102,0
DA:103,0
DA:104,0
DA:110,0
DA:111,0
DA:112,0
DA:114,0
DA:115,0
DA:125,0
DA:137,0
DA:143,0
DA:145,0
DA:150,0
DA:151,0
DA:152,0
DA:154,0
DA:155,0
DA:156,0
DA:157,0
DA:158,0
DA:167,0
DA:179,0
DA:185,0
DA:187,0
DA:192,0
DA:193,0
DA:194,0
DA:195,0
DA:196,0
DA:197,0
DA:199,0
DA:200,0
DA:201,0
DA:202,0
DA:203,0
DA:205,0
DA:207,0
DA:214,0
DA:215,0
DA:216,0
DA:217,0
DA:231,0
DA:233,0
DA:238,0
DA:239,0
DA:240,0
DA:248,0
DA:253,0
DA:254,0
DA:256,0
DA:257,0
DA:259,0
DA:267,0
DA:269,0
DA:274,0
DA:275,0
DA:276,0
DA:277,0
DA:278,0
DA:279,0
DA:281,0
DA:288,0
DA:290,0
DA:295,0
DA:296,0
DA:297,0
DA:298,0
DA:299,0
DA:301,0
DA:308,0
DA:309,0
DA:310,0
DA:311,0
DA:312,0
DA:313,0
DA:314,0
DA:316,0
DA:318,0
DA:320,0
DA:338,0
DA:339,0
DA:358,0
DA:363,1
LF:123
LH:8
BRDA:22,0,0,0
BRDA:22,0,1,0
BRDA:26,1,0,0
BRDA:26,1,1,0
BRDA:37,2,0,0
BRDA:37,2,1,0
BRDA:40,3,0,0
BRDA:40,3,1,0
BRDA:41,4,0,0
BRDA:41,4,1,0
BRDA:54,5,0,0
BRDA:54,5,1,0
BRDA:56,6,0,0
BRDA:56,6,1,0
BRDA:75,7,0,0
BRDA:75,7,1,0
BRDA:103,8,0,0
BRDA:103,8,1,0
BRDA:103,9,0,0
BRDA:103,9,1,0
BRDA:103,9,2,0
BRDA:103,9,3,0
BRDA:103,9,4,0
BRDA:111,10,0,0
BRDA:111,10,1,0
BRDA:112,11,0,0
BRDA:112,11,1,0
BRDA:120,12,0,0
BRDA:120,12,1,0
BRDA:152,13,0,0
BRDA:152,13,1,0
BRDA:157,14,0,0
BRDA:157,14,1,0
BRDA:157,15,0,0
BRDA:157,15,1,0
BRDA:157,15,2,0
BRDA:160,16,0,0
BRDA:160,16,1,0
BRDA:161,17,0,0
BRDA:161,17,1,0
BRDA:162,18,0,0
BRDA:162,18,1,0
BRDA:169,19,0,0
BRDA:169,19,1,0
BRDA:171,20,0,0
BRDA:171,20,1,0
BRDA:172,21,0,0
BRDA:172,21,1,0
BRDA:194,22,0,0
BRDA:194,22,1,0
BRDA:196,23,0,0
BRDA:196,23,1,0
BRDA:216,24,0,0
BRDA:216,24,1,0
BRDA:240,25,0,0
BRDA:240,25,1,0
BRDA:241,26,0,0
BRDA:241,26,1,0
BRDA:241,26,2,0
BRDA:241,26,3,0
BRDA:241,26,4,0
BRDA:241,26,5,0
BRDA:253,27,0,0
BRDA:253,27,1,0
BRDA:257,28,0,0
BRDA:257,28,1,0
BRDA:276,29,0,0
BRDA:276,29,1,0
BRDA:278,30,0,0
BRDA:278,30,1,0
BRDA:278,31,0,0
BRDA:278,31,1,0
BRDA:282,32,0,0
BRDA:282,32,1,0
BRDA:283,33,0,0
BRDA:283,33,1,0
BRDA:284,34,0,0
BRDA:284,34,1,0
BRDA:285,35,0,0
BRDA:285,35,1,0
BRDA:286,36,0,0
BRDA:286,36,1,0
BRDA:297,37,0,0
BRDA:297,37,1,0
BRDA:311,38,0,0
BRDA:311,38,1,0
BRDA:312,39,0,0
BRDA:312,39,1,0
BRDA:313,40,0,0
BRDA:313,40,1,0
BRDA:318,41,0,0
BRDA:318,41,1,0
BRDA:348,42,0,0
BRDA:348,42,1,0
BRF:94
BRH:0
end_of_record
TN:
SF:controllers\appointmentController.js
FN:27,serializeAppointment
FN:73,assertCanViewAppointment
FN:81,(anonymous_2)
FN:97,(anonymous_3)
FN:164,(anonymous_4)
FN:190,(anonymous_5)
FN:203,(anonymous_6)
FNF:7
FNH:7
FNDA:4,serializeAppointment
FNDA:1,assertCanViewAppointment
FNDA:10,(anonymous_2)
FNDA:6,(anonymous_3)
FNDA:2,(anonymous_4)
FNDA:2,(anonymous_5)
FNDA:3,(anonymous_6)
DA:1,2
DA:2,2
DA:3,2
DA:8,2
DA:14,2
DA:19,2
DA:20,2
DA:21,2
DA:25,2
DA:28,4
DA:29,4
DA:30,4
DA:61,2
DA:74,1
DA:75,1
DA:76,0
DA:77,0
DA:82,10
DA:83,10
DA:84,10
DA:85,1
DA:87,9
DA:88,1
DA:90,8
DA:91,1
DA:93,7
DA:94,1
DA:97,6
DA:98,6
DA:99,6
DA:101,5
DA:110,5
DA:111,1
DA:114,4
DA:115,1
DA:121,3
DA:122,3
DA:123,1
DA:126,2
DA:131,2
DA:132,2
DA:136,2
DA:149,2
DA:153,2
DA:154,1
DA:156,2
DA:158,2
DA:160,8
DA:165,2
DA:166,2
DA:167,2
DA:168,0
DA:169,2
DA:170,1
DA:171,1
DA:172,1
DA:175,2
DA:184,2
DA:186,0
DA:191,2
DA:192,2
DA:195,2
DA:196,1
DA:197,1
DA:199,1
DA:204,3
DA:205,3
DA:208,3
DA:209,3
DA:210,1
DA:213,2
DA:214,2
DA:218,2
DA:219,1
DA:222,1
DA:224,1
DA:228,1
DA:231,1
DA:234,1
DA:235,1
DA:237,2
DA:242,2
LF:82
LH:78
BRDA:38,0,0,4
BRDA:38,0,1,0
BRDA:45,1,0,4
BRDA:45,1,1,0
BRDA:50,2,0,4
BRDA:50,2,1,0
BRDA:74,3,0,0
BRDA:74,3,1,1
BRDA:75,4,0,1
BRDA:75,4,1,0
BRDA:75,5,0,1
BRDA:75,5,1,1
BRDA:76,6,0,0
BRDA:76,6,1,0
BRDA:76,7,0,0
BRDA:76,7,1,0
BRDA:84,8,0,1
BRDA:84,8,1,9
BRDA:84,9,0,10
BRDA:84,9,1,9
BRDA:84,9,2,9
BRDA:87,10,0,1
BRDA:87,10,1,8
BRDA:90,11,0,1
BRDA:90,11,1,7
BRDA:93,12,0,1
BRDA:93,12,1,6
BRDA:99,13,0,1
BRDA:99,13,1,5
BRDA:110,14,0,1
BRDA:110,14,1,4
BRDA:114,15,0,1
BRDA:114,15,1,3
BRDA:122,16,0,1
BRDA:122,16,1,2
BRDA:132,17,0,1
BRDA:132,17,1,1
BRDA:142,18,0,2
BRDA:142,18,1,0
BRDA:153,19,0,1
BRDA:153,19,1,1
BRDA:167,20,0,0
BRDA:167,20,1,2
BRDA:169,21,0,1
BRDA:169,21,1,1
BRDA:171,22,0,0
BRDA:171,22,1,1
BRDA:195,23,0,1
BRDA:195,23,1,1
BRDA:208,24,0,0
BRDA:208,24,1,3
BRDA:209,25,0,1
BRDA:209,25,1,2
BRDA:209,26,0,3
BRDA:209,26,1,1
BRDA:218,27,0,1
BRDA:218,27,1,1
BRDA:224,28,0,1
BRDA:224,28,1,0
BRDA:225,29,0,1
BRDA:225,29,1,1
BRF:61
BRH:47
end_of_record
TN:
SF:controllers\authController.js
FN:9,publicUser
FN:18,mePayload
FN:38,(anonymous_2)
FN:62,(anonymous_3)
FN:86,(anonymous_4)
FN:118,(anonymous_5)
FN:126,(anonymous_6)
FNF:7
FNH:7
FNDA:4,publicUser
FNDA:3,mePayload
FNDA:3,(anonymous_2)
FNDA:3,(anonymous_3)
FNDA:6,(anonymous_4)
FNDA:2,(anonymous_5)
FNDA:2,(anonymous_6)
DA:1,2
DA:2,2
DA:3,2
DA:4,2
DA:5,2
DA:6,2
DA:7,2
DA:10,4
DA:19,3
DA:22,3
DA:24,2
DA:25,2
DA:26,1
DA:34,2
DA:39,3
DA:40,3
DA:41,3
DA:42,1
DA:44,2
DA:45,1
DA:48,1
DA:56,1
DA:58,2
DA:63,3
DA:64,3
DA:65,3
DA:66,1
DA:69,2
DA:72,2
DA:73,1
DA:76,1
DA:77,1
DA:82,2
DA:87,6
DA:88,6
DA:89,6
DA:90,2
DA:93,4
DA:94,3
DA:98,3
DA:99,1
DA:108,3
DA:109,3
DA:114,3
DA:119,2
DA:120,2
DA:122,1
DA:127,2
DA:128,2
DA:129,2
DA:131,2
DA:132,2
DA:133,2
DA:134,2
DA:135,1
DA:137,1
DA:138,1
DA:139,1
DA:140,1
DA:142,1
DA:143,0
DA:144,0
DA:146,0
DA:149,1
DA:150,1
DA:152,1
DA:157,2
LF:67
LH:64
BRDA:22,0,0,1
BRDA:22,0,1,2
BRDA:25,1,0,1
BRDA:25,1,1,1
BRDA:41,2,0,1
BRDA:41,2,1,2
BRDA:41,3,0,3
BRDA:41,3,1,2
BRDA:41,3,2,2
BRDA:41,3,3,2
BRDA:44,4,0,1
BRDA:44,4,1,1
BRDA:65,5,0,1
BRDA:65,5,1,2
BRDA:65,6,0,3
BRDA:65,6,1,2
BRDA:72,7,0,1
BRDA:72,7,1,1
BRDA:72,8,0,2
BRDA:72,8,1,1
BRDA:89,9,0,2
BRDA:89,9,1,4
BRDA:98,10,0,1
BRDA:98,10,1,2
BRDA:129,11,0,0
BRDA:129,11,1,2
BRDA:132,12,0,2
BRDA:132,12,1,0
BRDA:134,13,0,1
BRDA:134,13,1,1
BRDA:137,14,0,1
BRDA:137,14,1,0
BRDA:139,15,0,0
BRDA:139,15,1,1
BRDA:142,16,0,0
BRDA:142,16,1,1
BRDA:142,17,0,1
BRDA:142,17,1,0
BRDA:143,18,0,0
BRDA:143,18,1,0
BRF:40
BRH:32
end_of_record
TN:
SF:controllers\chatController.js
FN:15,serializeMessage
FN:28,loadChatAppointment
FN:39,assertChatParticipant
FN:51,counterpartName
FN:58,counterpartImgUrl
FN:65,counterpartUserId
FN:72,positiveId
FN:77,latestMessageId
FN:82,findCounterpartRead
FN:87,(anonymous_9)
FN:93,(anonymous_10)
FN:97,lastReadIdFromMessages
FN:111,counterpartLastReadMessageId
FN:124,senderRoleFor
FN:130,(anonymous_14)
FN:209,(anonymous_15)
FN:230,(anonymous_16)
FN:245,(anonymous_17)
FN:276,(anonymous_18)
FNF:19
FNH:0
FNDA:0,serializeMessage
FNDA:0,loadChatAppointment
FNDA:0,assertChatParticipant
FNDA:0,counterpartName
FNDA:0,counterpartImgUrl
FNDA:0,counterpartUserId
FNDA:0,positiveId
FNDA:0,latestMessageId
FNDA:0,findCounterpartRead
FNDA:0,(anonymous_9)
FNDA:0,(anonymous_10)
FNDA:0,lastReadIdFromMessages
FNDA:0,counterpartLastReadMessageId
FNDA:0,senderRoleFor
FNDA:0,(anonymous_14)
FNDA:0,(anonymous_15)
FNDA:0,(anonymous_16)
FNDA:0,(anonymous_17)
FNDA:0,(anonymous_18)
DA:1,1
DA:8,1
DA:9,1
DA:10,1
DA:11,1
DA:12,1
DA:13,1
DA:16,0
DA:17,0
DA:29,0
DA:35,0
DA:36,0
DA:40,0
DA:41,0
DA:43,0
DA:44,0
DA:45,0
DA:46,0
DA:48,0
DA:52,0
DA:53,0
DA:55,0
DA:59,0
DA:60,0
DA:62,0
DA:66,0
DA:67,0
DA:69,0
DA:73,0
DA:74,0
DA:78,0
DA:79,0
DA:83,0
DA:84,0
DA:87,0
DA:88,0
DA:90,0
DA:91,0
DA:92,0
DA:93,0
DA:98,0
DA:99,0
DA:100,0
DA:101,0
DA:102,0
DA:103,0
DA:104,0
DA:105,0
DA:106,0
DA:108,0
DA:112,0
DA:113,0
DA:114,0
DA:115,0
DA:116,0
DA:117,0
DA:119,0
DA:121,0
DA:125,0
DA:126,0
DA:131,0
DA:132,0
DA:133,0
DA:136,0
DA:137,0
DA:138,0
DA:139,0
DA:140,0
DA:141,0
DA:142,0
DA:144,0
DA:147,0
DA:159,0
DA:160,0
DA:161,0
DA:168,0
DA:171,0
DA:175,0
DA:176,0
DA:177,0
DA:178,0
DA:179,0
DA:181,0
DA:183,0
DA:203,0
DA:205,0
DA:210,0
DA:211,0
DA:212,0
DA:214,0
DA:222,0
DA:223,0
DA:229,0
DA:231,0
DA:241,0
DA:246,0
DA:247,0
DA:248,0
DA:250,0
DA:251,0
DA:254,0
DA:255,0
DA:256,0
DA:258,0
DA:264,0
DA:265,0
DA:270,0
DA:272,0
DA:277,0
DA:278,0
DA:279,0
DA:281,0
DA:282,0
DA:283,0
DA:287,0
DA:288,0
DA:289,0
DA:292,0
DA:293,0
DA:294,0
DA:295,0
DA:297,0
DA:298,0
DA:299,0
DA:303,0
DA:304,0
DA:305,0
DA:311,0
DA:318,0
DA:323,1
LF:130
LH:8
BRDA:15,0,0,0
BRDA:24,1,0,0
BRDA:24,1,1,0
BRDA:35,2,0,0
BRDA:35,2,1,0
BRDA:40,3,0,0
BRDA:40,3,1,0
BRDA:40,4,0,0
BRDA:40,4,1,0
BRDA:43,5,0,0
BRDA:43,5,1,0
BRDA:44,6,0,0
BRDA:44,6,1,0
BRDA:46,7,0,0
BRDA:46,7,1,0
BRDA:46,8,0,0
BRDA:46,8,1,0
BRDA:52,9,0,0
BRDA:52,9,1,0
BRDA:53,10,0,0
BRDA:53,10,1,0
BRDA:55,11,0,0
BRDA:55,11,1,0
BRDA:59,12,0,0
BRDA:59,12,1,0
BRDA:60,13,0,0
BRDA:60,13,1,0
BRDA:66,14,0,0
BRDA:66,14,1,0
BRDA:67,15,0,0
BRDA:67,15,1,0
BRDA:67,15,2,0
BRDA:69,16,0,0
BRDA:69,16,1,0
BRDA:69,16,2,0
BRDA:74,17,0,0
BRDA:74,17,1,0
BRDA:74,18,0,0
BRDA:74,18,1,0
BRDA:84,19,0,0
BRDA:84,19,1,0
BRDA:88,20,0,0
BRDA:88,20,1,0
BRDA:91,21,0,0
BRDA:91,21,1,0
BRDA:93,22,0,0
BRDA:93,22,1,0
BRDA:98,23,0,0
BRDA:98,23,1,0
BRDA:98,24,0,0
BRDA:98,24,1,0
BRDA:100,25,0,0
BRDA:100,25,1,0
BRDA:104,26,0,0
BRDA:104,26,1,0
BRDA:104,27,0,0
BRDA:104,27,1,0
BRDA:106,28,0,0
BRDA:106,28,1,0
BRDA:113,29,0,0
BRDA:113,29,1,0
BRDA:115,30,0,0
BRDA:115,30,1,0
BRDA:116,31,0,0
BRDA:116,31,1,0
BRDA:125,32,0,0
BRDA:125,32,1,0
BRDA:132,33,0,0
BRDA:132,33,1,0
BRDA:137,34,0,0
BRDA:137,34,1,0
BRDA:139,35,0,0
BRDA:139,35,1,0
BRDA:141,36,0,0
BRDA:141,36,1,0
BRDA:176,37,0,0
BRDA:176,37,1,0
BRDA:178,38,0,0
BRDA:178,38,1,0
BRDA:188,39,0,0
BRDA:188,39,1,0
BRDA:214,40,0,0
BRDA:214,40,1,0
BRDA:237,41,0,0
BRDA:237,41,1,0
BRDA:250,42,0,0
BRDA:250,42,1,0
BRDA:254,43,0,0
BRDA:254,43,1,0
BRDA:255,44,0,0
BRDA:255,44,1,0
BRDA:256,45,0,0
BRDA:256,45,1,0
BRDA:287,46,0,0
BRDA:287,46,1,0
BRDA:289,47,0,0
BRDA:289,47,1,0
BRDA:292,48,0,0
BRDA:292,48,1,0
BRDA:293,49,0,0
BRDA:293,49,1,0
BRDA:294,50,0,0
BRDA:294,50,1,0
BRDA:294,51,0,0
BRDA:294,51,1,0
BRDA:297,52,0,0
BRDA:297,52,1,0
BRF:107
BRH:0
end_of_record
TN:
SF:controllers\chatbotController.js
FN:17,emptyResponse
FN:26,(anonymous_1)
FN:40,(anonymous_2)
FNF:3
FNH:0
FNDA:0,emptyResponse
FNDA:0,(anonymous_1)
FNDA:0,(anonymous_2)
DA:1,1
DA:5,1
DA:6,1
DA:9,1
DA:12,1
DA:15,1
DA:18,0
DA:27,0
DA:28,0
DA:29,0
DA:30,0
DA:32,0
DA:33,0
DA:34,0
DA:37,0
DA:38,0
DA:40,0
DA:45,0
DA:51,0
DA:56,1
LF:20
LH:7
BRDA:28,0,0,0
BRDA:28,0,1,0
BRDA:29,1,0,0
BRDA:29,1,1,0
BRDA:30,2,0,0
BRDA:30,2,1,0
BRDA:33,3,0,0
BRDA:33,3,1,0
BRDA:38,4,0,0
BRDA:38,4,1,0
BRDA:47,5,0,0
BRDA:47,5,1,0
BRF:12
BRH:0
end_of_record
TN:
SF:controllers\consultationController.js
FN:14,parseQuantity
FN:22,normalizeItems
FN:28,(anonymous_2)
FN:48,(anonymous_3)
FN:61,(anonymous_4)
FN:85,(anonymous_5)
FN:88,(anonymous_6)
FN:164,(anonymous_7)
FNF:8
FNH:0
FNDA:0,parseQuantity
FNDA:0,normalizeItems
FNDA:0,(anonymous_2)
FNDA:0,(anonymous_3)
FNDA:0,(anonymous_4)
FNDA:0,(anonymous_5)
FNDA:0,(anonymous_6)
FNDA:0,(anonymous_7)
DA:8,1
DA:9,1
DA:10,1
DA:11,1
DA:12,1
DA:15,0
DA:16,0
DA:17,0
DA:19,0
DA:23,0
DA:24,0
DA:25,0
DA:28,0
DA:29,0
DA:30,0
DA:31,0
DA:33,0
DA:34,0
DA:36,0
DA:37,0
DA:39,0
DA:40,0
DA:43,0
DA:49,0
DA:50,0
DA:51,0
DA:53,0
DA:54,0
DA:55,0
DA:56,0
DA:57,0
DA:59,0
DA:61,0
DA:62,0
DA:63,0
DA:64,0
DA:65,0
DA:67,0
DA:68,0
DA:74,0
DA:78,0
DA:79,0
DA:82,0
DA:83,0
DA:84,0
DA:85,0
DA:88,0
DA:89,0
DA:90,0
DA:91,0
DA:96,0
DA:106,0
DA:107,0
DA:108,0
DA:109,0
DA:110,0
DA:111,0
DA:120,0
DA:123,0
DA:124,0
DA:133,0
DA:138,0
DA:141,0
DA:148,0
DA:153,0
DA:155,0
DA:164,0
DA:178,0
DA:183,1
LF:69
LH:6
BRDA:15,0,0,0
BRDA:15,0,1,0
BRDA:16,1,0,0
BRDA:16,1,1,0
BRDA:16,2,0,0
BRDA:16,2,1,0
BRDA:16,2,2,0
BRDA:23,3,0,0
BRDA:23,3,1,0
BRDA:23,4,0,0
BRDA:23,4,1,0
BRDA:24,5,0,0
BRDA:24,5,1,0
BRDA:31,6,0,0
BRDA:31,6,1,0
BRDA:33,7,0,0
BRDA:33,7,1,0
BRDA:33,8,0,0
BRDA:33,8,1,0
BRDA:36,9,0,0
BRDA:36,9,1,0
BRDA:36,10,0,0
BRDA:36,10,1,0
BRDA:39,11,0,0
BRDA:39,11,1,0
BRDA:51,12,0,0
BRDA:51,12,1,0
BRDA:53,13,0,0
BRDA:53,13,1,0
BRDA:54,14,0,0
BRDA:54,14,1,0
BRDA:55,15,0,0
BRDA:55,15,1,0
BRDA:56,16,0,0
BRDA:56,16,1,0
BRDA:57,17,0,0
BRDA:57,17,1,0
BRDA:63,18,0,0
BRDA:63,18,1,0
BRDA:64,19,0,0
BRDA:64,19,1,0
BRDA:67,20,0,0
BRDA:67,20,1,0
BRDA:78,21,0,0
BRDA:78,21,1,0
BRDA:83,22,0,0
BRDA:83,22,1,0
BRDA:90,23,0,0
BRDA:90,23,1,0
BRDA:101,24,0,0
BRDA:101,24,1,0
BRF:51
BRH:0
end_of_record
TN:
SF:controllers\dashboardController.js
FN:4,(anonymous_0)
FNF:1
FNH:0
FNDA:0,(anonymous_0)
DA:1,1
DA:5,0
DA:6,0
DA:7,0
DA:9,0
DA:14,1
LF:6
LH:2
BRF:0
BRH:0
end_of_record
TN:
SF:controllers\doctorController.js
FN:9,addDays
FN:17,(anonymous_1)
FN:47,(anonymous_2)
FN:63,(anonymous_3)
FN:97,(anonymous_4)
FN:131,(anonymous_5)
FN:134,(anonymous_6)
FNF:7
FNH:6
FNDA:15,addDays
FNDA:1,(anonymous_1)
FNDA:1,(anonymous_2)
FNDA:2,(anonymous_3)
FNDA:14,(anonymous_4)
FNDA:0,(anonymous_5)
FNDA:1,(anonymous_6)
DA:1,2
DA:2,2
DA:3,2
DA:4,2
DA:5,2
DA:7,2
DA:10,15
DA:11,15
DA:12,15
DA:13,15
DA:18,1
DA:19,1
DA:20,1
DA:21,1
DA:22,1
DA:23,1
DA:26,1
DA:27,1
DA:32,1
DA:33,1
DA:36,1
DA:46,1
DA:47,1
DA:59,0
DA:64,2
DA:65,2
DA:72,2
DA:74,1
DA:75,1
DA:76,1
DA:85,1
DA:86,1
DA:87,1
DA:88,1
DA:91,1
DA:92,1
DA:93,14
DA:94,14
DA:95,14
DA:96,14
DA:97,14
DA:99,14
DA:100,2
DA:101,2
DA:113,1
DA:132,0
DA:134,1
DA:145,1
DA:150,2
LF:49
LH:47
BRDA:22,0,0,1
BRDA:22,0,1,0
BRDA:22,1,0,1
BRDA:22,1,1,1
BRDA:26,2,0,1
BRDA:26,2,1,0
BRDA:32,3,0,1
BRDA:32,3,1,0
BRDA:53,4,0,1
BRDA:53,4,1,0
BRDA:72,5,0,1
BRDA:72,5,1,1
BRDA:88,6,0,1
BRDA:88,6,1,1
BRDA:96,7,0,14
BRDA:96,7,1,0
BRDA:100,8,0,2
BRDA:100,8,1,2
BRDA:121,9,0,1
BRDA:121,9,1,0
BRDA:128,10,0,1
BRDA:128,10,1,0
BRDA:132,11,0,0
BRDA:132,11,1,0
BRF:24
BRH:15
end_of_record
TN:
SF:controllers\invoiceController.js
FN:43,loadInvoice
FN:49,syncInvoiceAndNotify
FN:58,assertCanReadInvoice
FN:75,(anonymous_3)
FN:99,(anonymous_4)
FN:99,(anonymous_5)
FN:104,(anonymous_6)
FN:105,(anonymous_7)
FN:112,(anonymous_8)
FN:127,(anonymous_9)
FN:168,(anonymous_10)
FN:209,(anonymous_11)
FNF:12
FNH:0
FNDA:0,loadInvoice
FNDA:0,syncInvoiceAndNotify
FNDA:0,assertCanReadInvoice
FNDA:0,(anonymous_3)
FNDA:0,(anonymous_4)
FNDA:0,(anonymous_5)
FNDA:0,(anonymous_6)
FNDA:0,(anonymous_7)
FNDA:0,(anonymous_8)
FNDA:0,(anonymous_9)
FNDA:0,(anonymous_10)
FNDA:0,(anonymous_11)
DA:10,1
DA:11,1
DA:12,1
DA:13,1
DA:14,1
DA:15,1
DA:16,1
DA:18,1
DA:44,0
DA:45,0
DA:46,0
DA:50,0
DA:51,0
DA:52,0
DA:53,0
DA:55,0
DA:59,0
DA:60,0
DA:61,0
DA:63,0
DA:64,0
DA:66,0
DA:67,0
DA:68,0
DA:71,0
DA:76,0
DA:77,0
DA:78,0
DA:79,0
DA:80,0
DA:81,0
DA:83,0
DA:86,0
DA:98,0
DA:99,0
DA:102,0
DA:104,0
DA:105,0
DA:108,0
DA:113,0
DA:114,0
DA:115,0
DA:116,0
DA:117,0
DA:121,0
DA:123,0
DA:128,0
DA:129,0
DA:130,0
DA:131,0
DA:132,0
DA:135,0
DA:136,0
DA:141,0
DA:142,0
DA:145,0
DA:146,0
DA:152,0
DA:153,0
DA:159,0
DA:164,0
DA:169,0
DA:170,0
DA:171,0
DA:172,0
DA:174,0
DA:175,0
DA:176,0
DA:178,0
DA:180,0
DA:181,0
DA:182,0
DA:184,0
DA:187,0
DA:208,0
DA:209,0
DA:228,0
DA:233,1
LF:78
LH:9
BRDA:45,0,0,0
BRDA:45,0,1,0
BRDA:52,1,0,0
BRDA:52,1,1,0
BRDA:60,2,0,0
BRDA:60,2,1,0
BRDA:63,3,0,0
BRDA:63,3,1,0
BRDA:64,4,0,0
BRDA:64,4,1,0
BRDA:64,5,0,0
BRDA:64,5,1,0
BRDA:66,6,0,0
BRDA:66,6,1,0
BRDA:67,7,0,0
BRDA:67,7,1,0
BRDA:68,8,0,0
BRDA:68,8,1,0
BRDA:68,9,0,0
BRDA:68,9,1,0
BRDA:79,10,0,0
BRDA:79,10,1,0
BRDA:80,11,0,0
BRDA:80,11,1,0
BRDA:104,12,0,0
BRDA:104,12,1,0
BRDA:131,13,0,0
BRDA:131,13,1,0
BRDA:131,14,0,0
BRDA:131,14,1,0
BRDA:141,15,0,0
BRDA:141,15,1,0
BRDA:145,16,0,0
BRDA:145,16,1,0
BRDA:174,17,0,0
BRDA:174,17,1,0
BRDA:175,18,0,0
BRDA:175,18,1,0
BRDA:180,19,0,0
BRDA:180,19,1,0
BRDA:181,20,0,0
BRDA:181,20,1,0
BRDA:192,21,0,0
BRDA:192,21,1,0
BRDA:217,22,0,0
BRDA:217,22,1,0
BRDA:218,23,0,0
BRDA:218,23,1,0
BRF:48
BRH:0
end_of_record
TN:
SF:controllers\medicineController.js
FN:6,parsePrice
FN:15,validatePayload
FN:32,(anonymous_2)
FN:41,(anonymous_3)
FN:51,(anonymous_4)
FN:62,(anonymous_5)
FN:75,(anonymous_6)
FNF:7
FNH:0
FNDA:0,parsePrice
FNDA:0,validatePayload
FNDA:0,(anonymous_2)
FNDA:0,(anonymous_3)
FNDA:0,(anonymous_4)
FNDA:0,(anonymous_5)
FNDA:0,(anonymous_6)
DA:1,1
DA:2,1
DA:3,1
DA:4,1
DA:7,0
DA:8,0
DA:9,0
DA:10,0
DA:12,0
DA:16,0
DA:17,0
DA:19,0
DA:20,0
DA:22,0
DA:23,0
DA:26,0
DA:27,0
DA:28,0
DA:33,0
DA:34,0
DA:35,0
DA:37,0
DA:42,0
DA:43,0
DA:44,0
DA:45,0
DA:47,0
DA:52,0
DA:53,0
DA:54,0
DA:55,0
DA:56,0
DA:58,0
DA:63,0
DA:64,0
DA:65,0
DA:66,0
DA:67,0
DA:68,0
DA:69,0
DA:71,0
DA:76,0
DA:77,0
DA:78,0
DA:79,0
DA:80,0
DA:82,0
DA:87,1
LF:48
LH:5
BRDA:7,0,0,0
BRDA:7,0,1,0
BRDA:7,1,0,0
BRDA:7,1,1,0
BRDA:7,1,2,0
BRDA:8,2,0,0
BRDA:8,2,1,0
BRDA:9,3,0,0
BRDA:9,3,1,0
BRDA:9,4,0,0
BRDA:9,4,1,0
BRDA:9,4,2,0
BRDA:16,5,0,0
BRDA:16,5,1,0
BRDA:19,6,0,0
BRDA:19,6,1,0
BRDA:22,7,0,0
BRDA:22,7,1,0
BRDA:22,8,0,0
BRDA:22,8,1,0
BRDA:27,9,0,0
BRDA:27,9,1,0
BRDA:44,10,0,0
BRDA:44,10,1,0
BRDA:54,11,0,0
BRDA:54,11,1,0
BRDA:54,12,0,0
BRDA:54,12,1,0
BRDA:65,13,0,0
BRDA:65,13,1,0
BRDA:78,14,0,0
BRDA:78,14,1,0
BRF:32
BRH:0
end_of_record
TN:
SF:controllers\notificationController.js
FN:6,(anonymous_0)
FN:28,(anonymous_1)
FN:43,(anonymous_2)
FNF:3
FNH:0
FNDA:0,(anonymous_0)
FNDA:0,(anonymous_1)
FNDA:0,(anonymous_2)
DA:1,1
DA:2,1
DA:3,1
DA:7,0
DA:8,0
DA:16,0
DA:19,0
DA:24,0
DA:29,0
DA:30,0
DA:31,0
DA:32,0
DA:34,0
DA:35,0
DA:37,0
DA:39,0
DA:44,0
DA:45,0
DA:46,0
DA:50,0
DA:52,0
DA:57,1
LF:22
LH:4
BRDA:31,0,0,0
BRDA:31,0,1,0
BRDA:31,1,0,0
BRDA:31,1,1,0
BRDA:34,2,0,0
BRDA:34,2,1,0
BRF:6
BRH:0
end_of_record
TN:
SF:controllers\paymentController.js
FN:12,(anonymous_0)
FNF:1
FNH:0
FNDA:0,(anonymous_0)
DA:1,1
DA:6,1
DA:7,1
DA:8,1
DA:9,1
DA:13,0
DA:14,0
DA:15,0
DA:18,0
DA:23,0
DA:24,0
DA:27,0
DA:28,0
DA:31,0
DA:32,0
DA:33,0
DA:34,0
DA:37,0
DA:39,0
DA:44,1
LF:20
LH:6
BRDA:14,0,0,0
BRDA:14,0,1,0
BRDA:23,1,0,0
BRDA:23,1,1,0
BRDA:23,2,0,0
BRDA:23,2,1,0
BRDA:27,3,0,0
BRDA:27,3,1,0
BRDA:32,4,0,0
BRDA:32,4,1,0
BRDA:32,5,0,0
BRDA:32,5,1,0
BRF:12
BRH:0
end_of_record
TN:
SF:controllers\queueController.js
FN:28,requireDateSession
FN:40,assertQueueAccess
FN:60,(anonymous_2)
FN:75,(anonymous_3)
FN:102,(anonymous_4)
FN:103,(anonymous_5)
FN:104,(anonymous_6)
FN:115,(anonymous_7)
FN:143,(anonymous_8)
FN:170,(anonymous_9)
FN:183,(anonymous_10)
FN:188,(anonymous_11)
FN:250,(anonymous_12)
FN:284,(anonymous_13)
FNF:14
FNH:2
FNDA:1,requireDateSession
FNDA:0,assertQueueAccess
FNDA:1,(anonymous_2)
FNDA:0,(anonymous_3)
FNDA:0,(anonymous_4)
FNDA:0,(anonymous_5)
FNDA:0,(anonymous_6)
FNDA:0,(anonymous_7)
FNDA:0,(anonymous_8)
FNDA:0,(anonymous_9)
FNDA:0,(anonymous_10)
FNDA:0,(anonymous_11)
FNDA:0,(anonymous_12)
FNDA:0,(anonymous_13)
DA:1,2
DA:2,2
DA:3,2
DA:9,2
DA:15,2
DA:16,2
DA:17,2
DA:21,2
DA:26,2
DA:29,1
DA:30,1
DA:32,0
DA:33,0
DA:35,0
DA:36,0
DA:41,0
DA:42,0
DA:43,0
DA:44,0
DA:45,0
DA:47,0
DA:49,0
DA:50,0
DA:53,0
DA:54,0
DA:56,0
DA:61,1
DA:62,1
DA:63,1
DA:64,1
DA:65,0
DA:66,0
DA:69,0
DA:71,1
DA:76,0
DA:77,0
DA:78,0
DA:79,0
DA:84,0
DA:85,0
DA:86,0
DA:89,0
DA:95,0
DA:102,0
DA:103,0
DA:104,0
DA:109,0
DA:111,0
DA:116,0
DA:117,0
DA:118,0
DA:119,0
DA:120,0
DA:123,0
DA:130,0
DA:131,0
DA:134,0
DA:143,0
DA:144,0
DA:158,0
DA:159,0
DA:160,0
DA:161,0
DA:164,0
DA:166,0
DA:171,0
DA:172,0
DA:173,0
DA:174,0
DA:177,0
DA:179,0
DA:184,0
DA:185,0
DA:186,0
DA:188,0
DA:189,0
DA:198,0
DA:199,0
DA:205,0
DA:216,0
DA:217,0
DA:220,0
DA:224,0
DA:227,0
DA:228,0
DA:236,0
DA:237,0
DA:239,0
DA:246,0
DA:251,0
DA:252,0
DA:253,0
DA:255,0
DA:256,0
DA:257,0
DA:258,0
DA:261,0
DA:262,0
DA:263,0
DA:266,0
DA:267,0
DA:272,0
DA:274,0
DA:280,0
DA:285,0
DA:286,0
DA:287,0
DA:289,0
DA:290,0
DA:291,0
DA:292,0
DA:294,0
DA:295,0
DA:298,0
DA:299,0
DA:305,0
DA:311,0
DA:316,2
LF:118
LH:17
BRDA:29,0,0,1
BRDA:29,0,1,0
BRDA:29,1,0,1
BRDA:29,1,1,0
BRDA:32,2,0,0
BRDA:32,2,1,0
BRDA:35,3,0,0
BRDA:35,3,1,0
BRDA:41,4,0,0
BRDA:41,4,1,0
BRDA:42,5,0,0
BRDA:42,5,1,0
BRDA:44,6,0,0
BRDA:44,6,1,0
BRDA:44,7,0,0
BRDA:44,7,1,0
BRDA:49,8,0,0
BRDA:49,8,1,0
BRDA:53,9,0,0
BRDA:53,9,1,0
BRDA:119,10,0,0
BRDA:119,10,1,0
BRDA:130,11,0,0
BRDA:130,11,1,0
BRDA:160,12,0,0
BRDA:160,12,1,0
BRDA:198,13,0,0
BRDA:198,13,1,0
BRDA:216,14,0,0
BRDA:216,14,1,0
BRDA:253,15,0,0
BRDA:253,15,1,0
BRDA:256,16,0,0
BRDA:256,16,1,0
BRDA:257,17,0,0
BRDA:257,17,1,0
BRDA:262,18,0,0
BRDA:262,18,1,0
BRDA:287,19,0,0
BRDA:287,19,1,0
BRDA:290,20,0,0
BRDA:290,20,1,0
BRDA:291,21,0,0
BRDA:291,21,1,0
BRDA:294,22,0,0
BRDA:294,22,1,0
BRF:46
BRH:2
end_of_record
TN:
SF:controllers\specialtyController.js
FN:9,addDays
FN:16,serializeDoctor
FN:26,buildCalendar
FN:60,(anonymous_3)
FN:68,(anonymous_4)
FN:81,(anonymous_5)
FN:97,(anonymous_6)
FNF:7
FNH:7
FNDA:44,addDays
FNDA:2,serializeDoctor
FNDA:3,buildCalendar
FNDA:1,(anonymous_3)
FNDA:1,(anonymous_4)
FNDA:4,(anonymous_5)
FNDA:2,(anonymous_6)
DA:1,2
DA:2,2
DA:3,2
DA:4,2
DA:5,2
DA:7,2
DA:10,44
DA:11,44
DA:12,44
DA:13,44
DA:17,2
DA:27,3
DA:28,3
DA:29,42
DA:30,42
DA:31,42
DA:33,42
DA:34,28
DA:35,42
DA:36,6
DA:37,6
DA:38,4
DA:39,4
DA:52,42
DA:53,2
DA:56,3
DA:61,1
DA:62,1
DA:67,1
DA:68,1
DA:77,0
DA:82,4
DA:83,4
DA:94,4
DA:96,3
DA:97,3
DA:98,3
DA:99,3
DA:101,3
DA:102,2
DA:110,2
DA:111,2
DA:112,2
DA:116,3
DA:125,1
DA:130,2
LF:46
LH:45
BRDA:34,0,0,28
BRDA:34,0,1,14
BRDA:35,1,0,36
BRDA:35,1,1,6
BRDA:37,2,0,2
BRDA:37,2,1,4
BRDA:37,3,0,6
BRDA:37,3,1,4
BRDA:38,4,0,4
BRDA:38,4,1,3
BRDA:52,5,0,2
BRDA:52,5,1,40
BRDA:52,6,0,42
BRDA:52,6,1,40
BRDA:73,7,0,1
BRDA:73,7,1,0
BRDA:94,8,0,1
BRDA:94,8,1,3
BRDA:96,9,0,3
BRDA:96,9,1,1
BRDA:101,10,0,2
BRDA:101,10,1,1
BRDA:110,11,0,2
BRDA:110,11,1,1
BRDA:112,12,0,2
BRDA:112,12,1,1
BRF:26
BRH:25
end_of_record
TN:
SF:controllers\uploadController.js
FN:5,(anonymous_0)
FNF:1
FNH:0
FNDA:0,(anonymous_0)
DA:1,1
DA:2,1
DA:6,0
DA:7,0
DA:8,0
DA:13,0
DA:15,0
DA:20,1
LF:8
LH:3
BRDA:7,0,0,0
BRDA:7,0,1,0
BRDA:10,1,0,0
BRDA:10,1,1,0
BRDA:11,2,0,0
BRDA:11,2,1,0
BRF:6
BRH:0
end_of_record
TN:
SF:helpers\HttpError.js
FN:2,(anonymous_0)
FNF:1
FNH:1
FNDA:34,(anonymous_0)
DA:3,34
DA:4,34
DA:5,34
DA:9,3
LF:4
LH:4
BRF:0
BRH:0
end_of_record
TN:
SF:helpers\bcrypt.js
FN:3,hashPassword
FN:7,comparePassword
FNF:2
FNH:2
FNDA:3,hashPassword
FNDA:1,comparePassword
DA:1,2
DA:4,3
DA:8,1
DA:11,2
LF:4
LH:4
BRF:0
BRH:0
end_of_record
TN:
SF:helpers\chatAccess.js
FN:3,isChatWritable
FN:7,chatWriteError
FNF:2
FNH:0
FNDA:0,isChatWritable
FNDA:0,chatWriteError
DA:1,1
DA:4,0
DA:8,0
DA:9,0
DA:13,0
DA:15,0
DA:18,1
LF:7
LH:2
BRDA:4,0,0,0
BRDA:4,0,1,0
BRDA:8,1,0,0
BRDA:8,1,1,0
BRDA:9,2,0,0
BRDA:9,2,1,0
BRDA:10,3,0,0
BRDA:10,3,1,0
BRF:8
BRH:0
end_of_record
TN:
SF:helpers\chatbotLlm.js
FN:5,recommendWithFallback
FNF:1
FNH:0
FNDA:0,recommendWithFallback
DA:1,1
DA:2,1
DA:3,1
DA:6,0
DA:7,0
DA:9,0
DA:10,0
DA:13,0
DA:15,0
DA:25,1
LF:10
LH:4
BRDA:13,0,0,0
BRDA:13,0,1,0
BRDA:17,1,0,0
BRDA:17,1,1,0
BRF:4
BRH:0
end_of_record
TN:
SF:helpers\constants.js
FNF:0
FNH:0
DA:1,2
DA:7,2
DA:9,2
DA:19,2
DA:28,2
DA:36,2
DA:44,2
DA:49,2
DA:58,2
DA:66,2
DA:68,2
DA:80,2
LF:12
LH:12
BRF:0
BRH:0
end_of_record
TN:
SF:helpers\dashboardCounts.js
FN:6,getDashboardCounts
FNF:1
FNH:0
FNDA:0,getDashboardCounts
DA:1,1
DA:2,1
DA:3,1
DA:4,1
DA:7,0
DA:8,0
DA:14,0
DA:25,0
DA:28,1
LF:9
LH:5
BRDA:7,0,0,0
BRDA:7,0,1,0
BRF:2
BRH:0
end_of_record
TN:
SF:helpers\date.js
FN:1,formatDate
FN:9,toDateOnly
FN:15,addDays
FN:22,todayDateOnly
FN:26,dayOfWeekFromDate
FN:31,isPastDate
FN:35,isValidDateOnly
FNF:7
FNH:6
FNDA:73,formatDate
FNDA:25,toDateOnly
FNDA:0,addDays
FNDA:12,todayDateOnly
FNDA:47,dayOfWeekFromDate
FNDA:7,isPastDate
FNDA:9,isValidDateOnly
DA:2,73
DA:3,73
DA:4,73
DA:5,73
DA:6,73
DA:10,25
DA:11,25
DA:12,1
DA:16,0
DA:17,0
DA:18,0
DA:19,0
DA:23,12
DA:27,47
DA:28,47
DA:32,7
DA:36,9
DA:39,2
LF:18
LH:14
BRDA:1,0,0,0
BRDA:2,1,0,73
BRDA:2,1,1,0
BRDA:10,2,0,0
BRDA:10,2,1,25
BRDA:11,3,0,24
BRDA:11,3,1,1
BRDA:18,4,0,0
BRDA:18,4,1,0
BRDA:36,5,0,9
BRDA:36,5,1,0
BRF:11
BRH:5
end_of_record
TN:
SF:helpers\doctorAvailability.js
FN:7,getAvailableDoctors
FN:64,toPublicRecommendation
FN:66,(anonymous_2)
FN:72,(anonymous_3)
FNF:4
FNH:0
FNDA:0,getAvailableDoctors
FNDA:0,toPublicRecommendation
FNDA:0,(anonymous_2)
FNDA:0,(anonymous_3)
DA:1,1
DA:2,1
DA:3,1
DA:5,1
DA:8,0
DA:16,0
DA:17,0
DA:19,0
DA:20,0
DA:21,0
DA:22,0
DA:23,0
DA:25,0
DA:26,0
DA:27,0
DA:28,0
DA:29,0
DA:30,0
DA:32,0
DA:33,0
DA:34,0
DA:40,0
DA:41,0
DA:49,0
DA:51,0
DA:61,0
DA:65,0
DA:66,0
DA:68,0
DA:70,0
DA:71,0
DA:73,0
DA:77,0
DA:79,0
DA:81,0
DA:94,1
LF:36
LH:5
BRDA:22,0,0,0
BRDA:22,0,1,0
BRDA:23,1,0,0
BRDA:23,1,1,0
BRDA:23,2,0,0
BRDA:23,2,1,0
BRDA:23,2,2,0
BRDA:33,3,0,0
BRDA:33,3,1,0
BRDA:40,4,0,0
BRDA:40,4,1,0
BRDA:49,5,0,0
BRDA:49,5,1,0
BRDA:68,6,0,0
BRDA:68,6,1,0
BRDA:70,7,0,0
BRDA:70,7,1,0
BRDA:73,8,0,0
BRDA:73,8,1,0
BRDA:73,8,2,0
BRDA:73,8,3,0
BRDA:77,9,0,0
BRDA:77,9,1,0
BRDA:79,10,0,0
BRDA:79,10,1,0
BRF:25
BRH:0
end_of_record
TN:
SF:helpers\gemini.js
FN:12,buildPrompt
FN:20,parseModelJson
FN:41,invalidAiResult
FN:45,recommendWithGemini
FNF:4
FNH:0
FNDA:0,buildPrompt
FNDA:0,parseModelJson
FNDA:0,invalidAiResult
FNDA:0,recommendWithGemini
DA:1,1
DA:2,1
DA:3,1
DA:5,1
DA:13,0
DA:21,0
DA:22,0
DA:28,0
DA:29,0
DA:31,0
DA:32,0
DA:33,0
DA:34,0
DA:36,0
DA:42,0
DA:46,0
DA:47,0
DA:48,0
DA:51,0
DA:52,0
DA:57,0
DA:58,0
DA:59,0
DA:60,0
DA:63,0
DA:66,1
LF:26
LH:5
BRDA:21,0,0,0
BRDA:21,0,1,0
BRDA:32,1,0,0
BRDA:32,1,1,0
BRDA:47,2,0,0
BRDA:47,2,1,0
BRDA:53,3,0,0
BRDA:53,3,1,0
BRDA:59,4,0,0
BRDA:59,4,1,0
BRDA:59,5,0,0
BRDA:59,5,1,0
BRF:12
BRH:0
end_of_record
TN:
SF:helpers\googleAuth.js
FN:6,displayName
FN:11,(anonymous_1)
FN:19,verifyGoogleIdToken
FNF:3
FNH:3
FNDA:4,displayName
FNDA:6,(anonymous_1)
FNDA:10,verifyGoogleIdToken
DA:1,2
DA:2,2
DA:4,2
DA:7,4
DA:8,4
DA:10,3
DA:11,6
DA:13,3
DA:15,2
DA:16,2
DA:20,10
DA:21,10
DA:22,1
DA:24,9
DA:25,2
DA:29,7
DA:30,7
DA:34,6
DA:36,1
DA:39,6
DA:40,2
DA:43,4
DA:49,2
LF:23
LH:23
BRDA:7,0,0,4
BRDA:7,0,1,3
BRDA:8,1,0,1
BRDA:8,1,1,3
BRDA:11,2,0,6
BRDA:11,2,1,4
BRDA:13,3,0,1
BRDA:13,3,1,2
BRDA:15,4,0,2
BRDA:15,4,1,0
BRDA:16,5,0,2
BRDA:16,5,1,1
BRDA:21,6,0,1
BRDA:21,6,1,9
BRDA:24,7,0,2
BRDA:24,7,1,7
BRDA:24,8,0,9
BRDA:24,8,1,8
BRDA:39,9,0,2
BRDA:39,9,1,4
BRDA:39,10,0,6
BRDA:39,10,1,5
BRF:22
BRH:21
end_of_record
TN:
SF:helpers\groq.js
FN:10,recommendWithGroq
FNF:1
FNH:0
FNDA:0,recommendWithGroq
DA:1,1
DA:2,1
DA:3,1
DA:8,1
DA:11,0
DA:12,0
DA:13,0
DA:16,0
DA:17,0
DA:27,0
DA:28,0
DA:29,0
DA:30,0
DA:33,0
DA:36,1
LF:15
LH:5
BRDA:12,0,0,0
BRDA:12,0,1,0
BRDA:18,1,0,0
BRDA:18,1,1,0
BRDA:29,2,0,0
BRDA:29,2,1,0
BRDA:29,3,0,0
BRDA:29,3,1,0
BRF:8
BRH:0
end_of_record
TN:
SF:helpers\imageUpload.js
FN:7,isAllowedImage
FN:11,imageFileFilter
FNF:2
FNH:0
FNDA:0,isAllowedImage
FNDA:0,imageFileFilter
DA:1,1
DA:2,1
DA:4,1
DA:5,1
DA:8,0
DA:12,0
DA:13,0
DA:14,0
DA:16,0
DA:19,1
DA:25,1
LF:11
LH:6
BRDA:12,0,0,0
BRDA:12,0,1,0
BRF:2
BRH:0
end_of_record
TN:
SF:helpers\imagekit.js
FN:10,folderPathFor
FN:14,getImageKit
FN:24,uploadToImageKit
FNF:3
FNH:0
FNDA:0,folderPathFor
FNDA:0,getImageKit
FNDA:0,uploadToImageKit
DA:1,1
DA:2,1
DA:4,1
DA:11,0
DA:15,0
DA:16,0
DA:17,0
DA:18,0
DA:19,0
DA:21,0
DA:25,0
DA:26,0
DA:27,0
DA:32,0
DA:33,0
DA:35,0
DA:37,0
DA:38,0
DA:42,1
LF:19
LH:4
BRDA:11,0,0,0
BRDA:11,0,1,0
BRDA:15,1,0,0
BRDA:15,1,1,0
BRDA:16,2,0,0
BRDA:16,2,1,0
BRDA:17,3,0,0
BRDA:17,3,1,0
BRDA:18,4,0,0
BRDA:18,4,1,0
BRDA:18,5,0,0
BRDA:18,5,1,0
BRDA:18,5,2,0
BRDA:28,6,0,0
BRDA:28,6,1,0
BRDA:29,7,0,0
BRDA:29,7,1,0
BRDA:30,8,0,0
BRDA:30,8,1,0
BRDA:32,9,0,0
BRDA:32,9,1,0
BRDA:35,10,0,0
BRDA:35,10,1,0
BRDA:37,11,0,0
BRDA:37,11,1,0
BRF:25
BRH:0
end_of_record
TN:
SF:helpers\jwt.js
FN:3,getSecret
FN:11,signToken
FN:17,verifyToken
FNF:3
FNH:2
FNDA:4,getSecret
FNDA:4,signToken
FNDA:0,verifyToken
DA:1,2
DA:4,4
DA:5,0
DA:6,0
DA:8,0
DA:12,4
DA:18,0
DA:21,2
LF:8
LH:4
BRDA:4,0,0,4
BRDA:4,0,1,0
BRDA:5,1,0,0
BRDA:5,1,1,0
BRDA:13,2,0,4
BRDA:13,2,1,0
BRF:6
BRH:2
end_of_record
TN:
SF:helpers\maskName.js
FN:1,maskPatientName
FNF:1
FNH:0
FNDA:0,maskPatientName
DA:2,0
DA:7,0
DA:8,0
DA:10,0
DA:11,0
DA:14,2
LF:6
LH:1
BRDA:2,0,0,0
BRDA:2,0,1,0
BRDA:7,1,0,0
BRDA:7,1,1,0
BRDA:8,2,0,0
BRDA:8,2,1,0
BRF:6
BRH:0
end_of_record
TN:
SF:helpers\midtrans.js
FN:7,getSnapClient
FN:21,getCoreApi
FN:35,finishRedirectUrl
FN:40,canReuseSnap
FN:48,orderIdFor
FN:53,createSnapToken
FN:74,fetchTransactionStatus
FN:79,syncInvoiceFromMidtrans
FN:94,verifySignature
FN:112,amountsMatch
FN:118,mapNotificationStatus
FNF:11
FNH:0
FNDA:0,getSnapClient
FNDA:0,getCoreApi
FNDA:0,finishRedirectUrl
FNDA:0,canReuseSnap
FNDA:0,orderIdFor
FNDA:0,createSnapToken
FNDA:0,fetchTransactionStatus
FNDA:0,syncInvoiceFromMidtrans
FNDA:0,verifySignature
FNDA:0,amountsMatch
FNDA:0,mapNotificationStatus
DA:1,1
DA:2,1
DA:3,1
DA:4,1
DA:5,1
DA:8,0
DA:9,0
DA:10,0
DA:11,0
DA:14,0
DA:22,0
DA:23,0
DA:24,0
DA:25,0
DA:28,0
DA:36,0
DA:37,0
DA:41,0
DA:49,0
DA:50,0
DA:54,0
DA:55,0
DA:56,0
DA:57,0
DA:67,0
DA:75,0
DA:76,0
DA:80,0
DA:81,0
DA:84,0
DA:85,0
DA:87,0
DA:88,0
DA:89,0
DA:91,0
DA:95,0
DA:96,0
DA:98,0
DA:99,0
DA:100,0
DA:101,0
DA:102,0
DA:104,0
DA:109,0
DA:113,0
DA:114,0
DA:115,0
DA:119,0
DA:120,0
DA:122,0
DA:123,0
DA:124,0
DA:125,0
DA:127,0
DA:128,0
DA:129,0
DA:130,0
DA:131,0
DA:134,1
LF:59
LH:6
BRDA:10,0,0,0
BRDA:10,0,1,0
BRDA:10,1,0,0
BRDA:10,1,1,0
BRDA:24,2,0,0
BRDA:24,2,1,0
BRDA:24,3,0,0
BRDA:24,3,1,0
BRDA:36,4,0,0
BRDA:36,4,1,0
BRDA:42,5,0,0
BRDA:42,5,1,0
BRDA:42,5,2,0
BRDA:49,6,0,0
BRDA:49,6,1,0
BRDA:80,7,0,0
BRDA:80,7,1,0
BRDA:80,8,0,0
BRDA:80,8,1,0
BRDA:85,9,0,0
BRDA:85,9,1,0
BRDA:88,10,0,0
BRDA:88,10,1,0
BRDA:88,11,0,0
BRDA:88,11,1,0
BRDA:96,12,0,0
BRDA:96,12,1,0
BRDA:102,13,0,0
BRDA:102,13,1,0
BRDA:102,14,0,0
BRDA:102,14,1,0
BRDA:102,14,2,0
BRDA:102,14,3,0
BRDA:115,15,0,0
BRDA:115,15,1,0
BRDA:115,15,2,0
BRDA:122,16,0,0
BRDA:122,16,1,0
BRDA:123,17,0,0
BRDA:123,17,1,0
BRDA:124,18,0,0
BRDA:124,18,1,0
BRDA:124,19,0,0
BRDA:124,19,1,0
BRDA:127,20,0,0
BRDA:127,20,1,0
BRDA:128,21,0,0
BRDA:128,21,1,0
BRDA:129,22,0,0
BRDA:129,22,1,0
BRDA:130,23,0,0
BRDA:130,23,1,0
BRF:52
BRH:0
end_of_record
TN:
SF:helpers\notify.js
FN:10,sessionLabel
FN:14,padQueue
FN:18,formatFee
FN:23,serializeNotification
FN:39,createNotification
FN:60,notifyQueueCalled
FN:73,notifyQueueSkipped
FN:86,notifySessionOpened
FN:106,notifyBookingCreated
FN:121,notifyAppointmentCancelled
FN:164,notifyInvoiceCreated
FN:181,(anonymous_11)
FN:186,(anonymous_12)
FN:191,(anonymous_13)
FN:195,notifyInvoiceStatusChange
FNF:15
FNH:3
FNDA:1,sessionLabel
FNDA:0,padQueue
FNDA:0,formatFee
FNDA:0,serializeNotification
FNDA:0,createNotification
FNDA:0,notifyQueueCalled
FNDA:0,notifyQueueSkipped
FNDA:0,notifySessionOpened
FNDA:2,notifyBookingCreated
FNDA:1,notifyAppointmentCancelled
FNDA:0,notifyInvoiceCreated
FNDA:0,(anonymous_11)
FNDA:0,(anonymous_12)
FNDA:0,(anonymous_13)
FNDA:0,notifyInvoiceStatusChange
DA:1,2
DA:2,2
DA:3,2
DA:5,2
DA:11,1
DA:15,0
DA:19,0
DA:20,0
DA:24,0
DA:25,0
DA:40,0
DA:41,0
DA:42,0
DA:52,0
DA:53,0
DA:54,0
DA:56,0
DA:61,0
DA:62,0
DA:63,0
DA:74,0
DA:75,0
DA:76,0
DA:87,0
DA:88,0
DA:89,0
DA:90,0
DA:91,0
DA:92,0
DA:103,0
DA:107,2
DA:108,2
DA:109,0
DA:110,0
DA:111,0
DA:122,1
DA:123,1
DA:124,1
DA:125,1
DA:126,1
DA:127,1
DA:128,1
DA:129,1
DA:131,1
DA:137,1
DA:138,0
DA:148,1
DA:149,0
DA:150,0
DA:151,0
DA:161,1
DA:165,0
DA:166,0
DA:177,2
DA:181,0
DA:186,0
DA:191,0
DA:196,0
DA:197,0
DA:198,0
DA:200,0
DA:201,0
DA:208,0
DA:213,0
DA:224,2
LF:65
LH:21
BRDA:11,0,0,1
BRDA:11,0,1,0
BRDA:15,1,0,0
BRDA:15,1,1,0
BRDA:19,2,0,0
BRDA:19,2,1,0
BRDA:24,3,0,0
BRDA:24,3,1,0
BRDA:24,4,0,0
BRDA:24,4,1,0
BRDA:26,5,0,0
BRDA:26,5,1,0
BRDA:27,6,0,0
BRDA:27,6,1,0
BRDA:31,7,0,0
BRDA:31,7,1,0
BRDA:32,8,0,0
BRDA:32,8,1,0
BRDA:33,9,0,0
BRDA:33,9,1,0
BRDA:34,10,0,0
BRDA:34,10,1,0
BRDA:35,11,0,0
BRDA:35,11,1,0
BRDA:47,12,0,0
BRDA:47,12,1,0
BRDA:48,13,0,0
BRDA:48,13,1,0
BRDA:49,14,0,0
BRDA:49,14,1,0
BRDA:53,15,0,0
BRDA:53,15,1,0
BRDA:61,16,0,0
BRDA:61,16,1,0
BRDA:74,17,0,0
BRDA:74,17,1,0
BRDA:87,18,0,0
BRDA:87,18,1,0
BRDA:90,19,0,0
BRDA:90,19,1,0
BRDA:108,20,0,2
BRDA:108,20,1,0
BRDA:109,21,0,0
BRDA:109,21,1,0
BRDA:122,22,0,0
BRDA:122,22,1,1
BRDA:137,23,0,0
BRDA:137,23,1,1
BRDA:137,24,0,1
BRDA:137,24,1,1
BRDA:148,25,0,0
BRDA:148,25,1,1
BRDA:148,26,0,1
BRDA:148,26,1,0
BRDA:149,27,0,0
BRDA:149,27,1,0
BRDA:150,28,0,0
BRDA:150,28,1,0
BRDA:165,29,0,0
BRDA:165,29,1,0
BRDA:165,30,0,0
BRDA:165,30,1,0
BRDA:198,31,0,0
BRDA:198,31,1,0
BRDA:198,32,0,0
BRDA:198,32,1,0
BRDA:198,32,2,0
BRDA:208,33,0,0
BRDA:208,33,1,0
BRDA:219,34,0,0
BRDA:219,34,1,0
BRF:71
BRH:8
end_of_record
TN:
SF:helpers\optionalImgUrl.js
FN:1,optionalImgUrl
FNF:1
FNH:0
FNDA:0,optionalImgUrl
DA:2,0
DA:3,0
DA:4,0
DA:5,0
DA:8,1
LF:5
LH:1
BRDA:2,0,0,0
BRDA:2,0,1,0
BRDA:3,1,0,0
BRDA:3,1,1,0
BRDA:5,2,0,0
BRDA:5,2,1,0
BRF:6
BRH:0
end_of_record
TN:
SF:helpers\queuePayload.js
FN:7,buildQueuePayload
FN:20,(anonymous_1)
FN:23,(anonymous_2)
FNF:3
FNH:0
FNDA:0,buildQueuePayload
FNDA:0,(anonymous_1)
FNDA:0,(anonymous_2)
DA:1,2
DA:2,2
DA:3,2
DA:4,2
DA:5,2
DA:8,0
DA:9,0
DA:20,0
DA:21,0
DA:23,0
DA:24,0
DA:29,0
DA:30,0
DA:33,0
DA:43,2
LF:15
LH:6
BRDA:7,0,0,0
BRDA:7,1,0,0
BRDA:21,2,0,0
BRDA:21,2,1,0
BRDA:29,3,0,0
BRDA:29,3,1,0
BRF:6
BRH:0
end_of_record
TN:
SF:helpers\quota.js
FN:10,countUsedQuota
FN:22,remainingQuota
FN:27,hasActiveDoubleBook
FN:41,isSessionOpen
FN:57,sessionKey
FN:61,markSessionOpen
FN:65,resetOpenedSessions
FNF:7
FNH:4
FNDA:3,countUsedQuota
FNDA:0,remainingQuota
FNDA:4,hasActiveDoubleBook
FNDA:3,isSessionOpen
FNDA:1,sessionKey
FNDA:0,markSessionOpen
FNDA:0,resetOpenedSessions
DA:1,2
DA:2,2
DA:7,2
DA:8,2
DA:11,3
DA:23,0
DA:24,0
DA:28,4
DA:38,4
DA:42,3
DA:51,3
DA:52,1
DA:55,2
DA:58,1
DA:62,0
DA:66,0
DA:69,2
LF:17
LH:13
BRDA:51,0,0,2
BRDA:51,0,1,1
BRF:2
BRH:2
end_of_record
TN:
SF:helpers\requestImage.js
FN:4,resolveRequestImgUrl
FNF:1
FNH:0
FNDA:0,resolveRequestImgUrl
DA:1,1
DA:2,1
DA:5,0
DA:6,0
DA:11,0
DA:13,0
DA:14,0
DA:16,0
DA:19,1
LF:9
LH:3
BRDA:5,0,0,0
BRDA:5,0,1,0
BRDA:8,1,0,0
BRDA:8,1,1,0
BRDA:13,2,0,0
BRDA:13,2,1,0
BRDA:13,3,0,0
BRDA:13,3,1,0
BRF:8
BRH:0
end_of_record
TN:
SF:helpers\visitDetails.js
FN:1,serializePrescriptionItems
FN:3,(anonymous_1)
FN:19,visitInclude
FN:35,serializeVisit
FN:40,(anonymous_4)
FN:64,serializeInvoiceDetail
FN:68,(anonymous_6)
FNF:7
FNH:3
FNDA:4,serializePrescriptionItems
FNDA:0,(anonymous_1)
FNDA:2,visitInclude
FNDA:4,serializeVisit
FNDA:0,(anonymous_4)
FNDA:0,serializeInvoiceDetail
FNDA:0,(anonymous_6)
DA:2,4
DA:3,4
DA:4,0
DA:5,0
DA:6,0
DA:20,2
DA:21,2
DA:36,4
DA:37,4
DA:38,4
DA:39,4
DA:40,4
DA:42,4
DA:65,0
DA:66,0
DA:67,0
DA:68,0
DA:69,0
DA:71,0
DA:106,2
LF:20
LH:11
BRDA:2,0,0,4
BRDA:2,0,1,4
BRDA:4,1,0,0
BRDA:4,1,1,0
BRDA:5,2,0,0
BRDA:5,2,1,0
BRDA:9,3,0,0
BRDA:9,3,1,0
BRDA:10,4,0,0
BRDA:10,4,1,0
BRDA:36,5,0,4
BRDA:36,5,1,4
BRDA:37,6,0,4
BRDA:37,6,1,4
BRDA:39,7,0,4
BRDA:39,7,1,2
BRDA:43,8,0,0
BRDA:43,8,1,4
BRDA:52,9,0,0
BRDA:52,9,1,4
BRDA:65,10,0,0
BRDA:65,10,1,0
BRDA:67,11,0,0
BRDA:67,11,1,0
BRDA:80,12,0,0
BRDA:80,12,1,0
BRDA:87,13,0,0
BRDA:87,13,1,0
BRDA:88,14,0,0
BRDA:88,14,1,0
BRDA:89,15,0,0
BRDA:89,15,1,0
BRDA:93,16,0,0
BRDA:93,16,1,0
BRDA:97,17,0,0
BRDA:97,17,1,0
BRF:36
BRH:10
end_of_record
TN:
SF:middlewares\authentication.js
FN:5,authentication
FNF:1
FNH:1
FNDA:5,authentication
DA:1,1
DA:2,1
DA:3,1
DA:6,5
DA:7,5
DA:8,5
DA:9,5
DA:12,0
DA:13,0
DA:15,0
DA:16,0
DA:17,0
DA:19,0
DA:25,0
DA:27,5
DA:31,1
LF:16
LH:9
BRDA:8,0,0,5
BRDA:8,0,1,0
BRDA:8,1,0,5
BRDA:8,1,1,0
BRDA:13,2,0,0
BRDA:13,2,1,0
BRDA:17,3,0,0
BRDA:17,3,1,0
BRF:8
BRH:2
end_of_record
TN:
SF:middlewares\authorization.js
FN:5,authorize
FN:6,(anonymous_1)
FN:18,requireDoctor
FNF:3
FNH:1
FNDA:9,authorize
FNDA:0,(anonymous_1)
FNDA:0,requireDoctor
DA:1,1
DA:2,1
DA:3,1
DA:6,9
DA:7,0
DA:8,0
DA:9,0
DA:11,0
DA:13,0
DA:19,0
DA:20,0
DA:21,0
DA:23,0
DA:24,0
DA:25,0
DA:26,0
DA:28,0
DA:32,1
DA:33,1
DA:35,1
LF:20
LH:7
BRDA:8,0,0,0
BRDA:8,0,1,0
BRDA:8,1,0,0
BRDA:8,1,1,0
BRDA:20,2,0,0
BRDA:20,2,1,0
BRDA:24,3,0,0
BRDA:24,3,1,0
BRF:8
BRH:0
end_of_record
TN:
SF:middlewares\errorHandler.js
FN:1,errorHandler
FN:17,(anonymous_1)
FNF:2
FNH:1
FNDA:6,errorHandler
FNDA:0,(anonymous_1)
DA:2,6
DA:4,6
DA:5,6
DA:8,0
DA:9,0
DA:12,0
DA:13,0
DA:16,0
DA:17,0
DA:18,0
DA:19,0
DA:21,0
DA:22,0
DA:26,0
DA:29,0
DA:30,0
DA:33,0
DA:35,0
DA:36,0
DA:39,0
DA:40,0
DA:43,0
DA:46,1
LF:23
LH:4
BRDA:4,0,0,6
BRDA:4,0,1,0
BRDA:8,1,0,0
BRDA:8,1,1,0
BRDA:8,2,0,0
BRDA:8,2,1,0
BRDA:12,3,0,0
BRDA:12,3,1,0
BRDA:13,4,0,0
BRDA:13,4,1,0
BRDA:16,5,0,0
BRDA:16,5,1,0
BRDA:17,6,0,0
BRDA:17,6,1,0
BRDA:18,7,0,0
BRDA:18,7,1,0
BRDA:21,8,0,0
BRDA:21,8,1,0
BRDA:21,9,0,0
BRDA:21,9,1,0
BRDA:29,10,0,0
BRDA:29,10,1,0
BRDA:33,11,0,0
BRDA:33,11,1,0
BRDA:35,12,0,0
BRDA:35,12,1,0
BRDA:39,13,0,0
BRDA:39,13,1,0
BRDA:39,14,0,0
BRDA:39,14,1,0
BRDA:39,14,2,0
BRF:31
BRH:1
end_of_record
TN:
SF:routes\appointments.js
FNF:0
FNH:0
DA:1,1
DA:2,1
DA:3,1
DA:4,1
DA:5,1
DA:6,1
DA:8,1
DA:10,1
DA:11,1
DA:12,1
DA:13,1
DA:14,1
DA:15,1
DA:16,1
DA:18,1
LF:15
LH:15
BRF:0
BRH:0
end_of_record
TN:
SF:routes\auth.js
FNF:0
FNH:0
DA:1,1
DA:2,1
DA:4,1
DA:5,1
DA:6,1
DA:8,1
LF:6
LH:6
BRF:0
BRH:0
end_of_record
TN:
SF:routes\chatbot.js
FNF:0
FNH:0
DA:1,1
DA:2,1
DA:3,1
DA:4,1
DA:7,1
DA:9,1
LF:6
LH:6
BRF:0
BRH:0
end_of_record
TN:
SF:routes\chats.js
FNF:0
FNH:0
DA:1,1
DA:2,1
DA:3,1
DA:4,1
DA:5,1
DA:8,1
DA:15,1
LF:7
LH:7
BRF:0
BRH:0
end_of_record
TN:
SF:routes\doctor.js
FNF:0
FNH:0
DA:1,1
DA:2,1
DA:3,1
DA:4,1
DA:5,1
DA:7,1
DA:9,1
DA:10,1
DA:11,1
DA:12,1
DA:13,1
DA:14,1
DA:15,1
DA:17,1
LF:14
LH:14
BRF:0
BRH:0
end_of_record
TN:
SF:routes\doctors.js
FNF:0
FNH:0
DA:1,1
DA:2,1
DA:4,1
DA:5,1
DA:7,1
LF:5
LH:5
BRF:0
BRH:0
end_of_record
TN:
SF:routes\index.js
FNF:0
FNH:0
DA:1,1
DA:3,1
DA:4,1
DA:5,1
DA:6,1
DA:7,1
DA:8,1
DA:9,1
DA:10,1
DA:11,1
DA:12,1
DA:13,1
DA:14,1
DA:15,1
DA:17,1
LF:15
LH:15
BRF:0
BRH:0
end_of_record
TN:
SF:routes\invoices.js
FNF:0
FNH:0
DA:1,1
DA:2,1
DA:3,1
DA:4,1
DA:7,1
DA:8,1
DA:9,1
DA:11,1
LF:8
LH:8
BRF:0
BRH:0
end_of_record
TN:
SF:routes\me.js
FNF:0
FNH:0
DA:1,1
DA:2,1
DA:3,1
DA:5,1
DA:6,1
DA:8,1
LF:6
LH:6
BRF:0
BRH:0
end_of_record
TN:
SF:routes\notifications.js
FNF:0
FNH:0
DA:1,1
DA:2,1
DA:3,1
DA:4,1
DA:5,1
DA:7,1
DA:13,1
DA:19,1
DA:26,1
LF:9
LH:9
BRF:0
BRH:0
end_of_record
TN:
SF:routes\payments.js
FNF:0
FNH:0
DA:1,1
DA:2,1
DA:5,1
DA:7,1
LF:4
LH:4
BRF:0
BRH:0
end_of_record
TN:
SF:routes\queues.js
FNF:0
FNH:0
DA:1,1
DA:2,1
DA:3,1
DA:5,1
DA:7,1
LF:5
LH:5
BRF:0
BRH:0
end_of_record
TN:
SF:routes\specialties.js
FNF:0
FNH:0
DA:1,1
DA:2,1
DA:4,1
DA:5,1
DA:7,1
LF:5
LH:5
BRF:0
BRH:0
end_of_record
TN:
SF:routes\admin\appointments.js
FNF:0
FNH:0
DA:1,1
DA:2,1
DA:3,1
DA:4,1
DA:6,1
DA:8,1
DA:10,1
LF:7
LH:7
BRF:0
BRH:0
end_of_record
TN:
SF:routes\admin\dashboard.js
FNF:0
FNH:0
DA:1,1
DA:2,1
DA:3,1
DA:4,1
DA:7,1
DA:9,1
LF:6
LH:6
BRF:0
BRH:0
end_of_record
TN:
SF:routes\admin\doctors.js
FNF:0
FNH:0
DA:1,1
DA:2,1
DA:3,1
DA:4,1
DA:5,1
DA:7,1
DA:9,1
DA:10,1
DA:11,1
DA:12,1
DA:14,1
LF:11
LH:11
BRF:0
BRH:0
end_of_record
TN:
SF:routes\admin\index.js
FNF:0
FNH:0
DA:1,1
DA:3,1
DA:4,1
DA:5,1
DA:6,1
DA:7,1
DA:8,1
DA:9,1
DA:10,1
DA:12,1
LF:10
LH:10
BRF:0
BRH:0
end_of_record
TN:
SF:routes\admin\invoices.js
FNF:0
FNH:0
DA:1,1
DA:2,1
DA:3,1
DA:4,1
DA:7,1
DA:9,1
LF:6
LH:6
BRF:0
BRH:0
end_of_record
TN:
SF:routes\admin\medicines.js
FNF:0
FNH:0
DA:1,1
DA:2,1
DA:3,1
DA:4,1
DA:5,1
DA:6,1
DA:9,1
DA:10,1
DA:11,1
DA:12,1
DA:13,1
DA:15,1
LF:12
LH:12
BRF:0
BRH:0
end_of_record
TN:
SF:routes\admin\schedules.js
FNF:0
FNH:0
DA:1,1
DA:2,1
DA:3,1
DA:4,1
DA:6,1
DA:8,1
DA:9,1
DA:10,1
DA:11,1
DA:13,1
LF:10
LH:10
BRF:0
BRH:0
end_of_record
TN:
SF:routes\admin\specialties.js
FNF:0
FNH:0
DA:1,1
DA:2,1
DA:3,1
DA:4,1
DA:5,1
DA:7,1
DA:9,1
DA:10,1
DA:11,1
DA:12,1
DA:14,1
LF:11
LH:11
BRF:0
BRH:0
end_of_record
TN:
SF:routes\admin\uploads.js
FNF:0
FNH:0
DA:1,1
DA:2,1
DA:3,1
DA:4,1
DA:5,1
DA:7,1
DA:8,1
DA:10,1
LF:8
LH:8
BRF:0
BRH:0
end_of_record
TN:
SF:sockets\emit.js
FN:3,setIo
FN:7,getIo
FN:11,queueRoom
FN:15,chatRoom
FN:19,userRoom
FN:23,emitQueueUpdated
FN:34,emitQueueCalled
FN:49,emitQueueCompleted
FN:63,emitToChatAndUser
FN:83,emitChatMessage
FN:92,emitChatTyping
FN:111,emitChatRead
FN:122,emitNotification
FNF:13
FNH:0
FNDA:0,setIo
FNDA:0,getIo
FNDA:0,queueRoom
FNDA:0,chatRoom
FNDA:0,userRoom
FNDA:0,emitQueueUpdated
FNDA:0,emitQueueCalled
FNDA:0,emitQueueCompleted
FNDA:0,emitToChatAndUser
FNDA:0,emitChatMessage
FNDA:0,emitChatTyping
FNDA:0,emitChatRead
FNDA:0,emitNotification
DA:1,1
DA:4,0
DA:8,0
DA:12,0
DA:16,0
DA:20,0
DA:24,0
DA:25,0
DA:26,0
DA:27,0
DA:30,0
DA:31,0
DA:35,0
DA:36,0
DA:37,0
DA:45,0
DA:46,0
DA:50,0
DA:51,0
DA:52,0
DA:59,0
DA:60,0
DA:64,0
DA:65,0
DA:66,0
DA:67,0
DA:68,0
DA:70,0
DA:72,0
DA:73,0
DA:74,0
DA:75,0
DA:77,0
DA:80,0
DA:84,0
DA:89,0
DA:97,0
DA:102,0
DA:112,0
DA:118,0
DA:119,0
DA:123,0
DA:124,0
DA:125,0
DA:126,0
DA:129,1
LF:46
LH:2
BRDA:43,0,0,0
BRDA:43,0,1,0
BRDA:65,1,0,0
BRDA:65,1,1,0
BRDA:67,2,0,0
BRDA:67,2,1,0
BRDA:72,3,0,0
BRDA:72,3,1,0
BRDA:74,4,0,0
BRDA:74,4,1,0
BRDA:83,5,0,0
BRDA:87,6,0,0
BRDA:87,6,1,0
BRDA:87,6,2,0
BRDA:95,7,0,0
BRDA:116,8,0,0
BRDA:116,8,1,0
BRDA:124,9,0,0
BRDA:124,9,1,0
BRF:19
BRH:0
end_of_record
TN:
SF:sockets\index.js
FN:13,parseQueueRoom
FN:23,parseChatRoom
FN:29,canJoinQueue
FN:47,isChatParticipant
FN:61,counterpartUserId
FN:68,canJoinChat
FN:75,initSocket
FN:82,(anonymous_7)
FN:104,(anonymous_8)
FN:107,(anonymous_9)
FN:145,(anonymous_10)
FN:151,(anonymous_11)
FNF:12
FNH:0
FNDA:0,parseQueueRoom
FNDA:0,parseChatRoom
FNDA:0,canJoinQueue
FNDA:0,isChatParticipant
FNDA:0,counterpartUserId
FNDA:0,canJoinChat
FNDA:0,initSocket
FNDA:0,(anonymous_7)
FNDA:0,(anonymous_8)
FNDA:0,(anonymous_9)
FNDA:0,(anonymous_10)
FNDA:0,(anonymous_11)
DA:1,0
DA:2,0
DA:3,0
DA:4,0
DA:11,0
DA:14,0
DA:15,0
DA:16,0
DA:24,0
DA:25,0
DA:26,0
DA:30,0
DA:32,0
DA:33,0
DA:34,0
DA:37,0
DA:38,0
DA:41,0
DA:44,0
DA:48,0
DA:50,0
DA:51,0
DA:54,0
DA:55,0
DA:58,0
DA:62,0
DA:63,0
DA:65,0
DA:69,0
DA:72,0
DA:76,0
DA:80,0
DA:82,0
DA:83,0
DA:84,0
DA:85,0
DA:86,0
DA:87,0
DA:89,0
DA:90,0
DA:91,0
DA:93,0
DA:98,0
DA:100,0
DA:104,0
DA:105,0
DA:107,0
DA:108,0
DA:109,0
DA:110,0
DA:111,0
DA:112,0
DA:115,0
DA:116,0
DA:117,0
DA:118,0
DA:119,0
DA:120,0
DA:122,0
DA:123,0
DA:124,0
DA:127,0
DA:128,0
DA:129,0
DA:130,0
DA:131,0
DA:132,0
DA:134,0
DA:135,0
DA:136,0
DA:139,0
DA:141,0
DA:145,0
DA:146,0
DA:147,0
DA:148,0
DA:151,0
DA:152,0
DA:153,0
DA:154,0
DA:155,0
DA:158,0
DA:159,0
DA:173,0
DA:176,0
LF:85
LH:0
BRDA:15,0,0,0
BRDA:15,0,1,0
BRDA:25,1,0,0
BRDA:25,1,1,0
BRDA:30,2,0,0
BRDA:30,2,1,0
BRDA:32,3,0,0
BRDA:32,3,1,0
BRDA:34,4,0,0
BRDA:34,4,1,0
BRDA:37,5,0,0
BRDA:37,5,1,0
BRDA:48,6,0,0
BRDA:48,6,1,0
BRDA:48,7,0,0
BRDA:48,7,1,0
BRDA:50,8,0,0
BRDA:50,8,1,0
BRDA:54,9,0,0
BRDA:54,9,1,0
BRDA:62,10,0,0
BRDA:62,10,1,0
BRDA:63,11,0,0
BRDA:63,11,1,0
BRDA:65,12,0,0
BRDA:65,12,1,0
BRDA:85,13,0,0
BRDA:85,13,1,0
BRDA:86,14,0,0
BRDA:86,14,1,0
BRDA:87,15,0,0
BRDA:87,15,1,0
BRDA:91,16,0,0
BRDA:91,16,1,0
BRDA:109,17,0,0
BRDA:109,17,1,0
BRDA:110,18,0,0
BRDA:110,18,1,0
BRDA:116,19,0,0
BRDA:116,19,1,0
BRDA:118,20,0,0
BRDA:118,20,1,0
BRDA:128,21,0,0
BRDA:128,21,1,0
BRDA:130,22,0,0
BRDA:130,22,1,0
BRDA:146,23,0,0
BRDA:146,23,1,0
BRDA:147,24,0,0
BRDA:147,24,1,0
BRDA:151,25,0,0
BRDA:154,26,0,0
BRDA:154,26,1,0
BRDA:158,27,0,0
BRDA:158,27,1,0
BRF:55
BRH:0
end_of_record
